#
# There is insufficient memory for the Java Runtime Environment to continue.
# Native memory allocation (malloc) failed to allocate 1238416 bytes for Chunk::new
# Possible reasons:
#   The system is out of physical RAM or swap space
#   The process is running with CompressedOops enabled, and the Java Heap may be blocking the growth of the native heap
# Possible solutions:
#   Reduce memory load on the system
#   Increase physical memory or swap space
#   Check if swap backing store is full
#   Decrease Java heap size (-Xmx/-Xms)
#   Decrease number of Java threads
#   Decrease Java thread stack sizes (-Xss)
#   Set larger code cache with -XX:ReservedCodeCacheSize=
#   JVM is running with Unscaled Compressed Oops mode in which the Java heap is
#     placed in the first 4GB address space. The Java Heap base address is the
#     maximum limit for the native heap growth. Please use -XX:HeapBaseMinAddress
#     to set the Java Heap base and to place the Java Heap above 4GB virtual address.
# This output file may be truncated or incomplete.
#
#  Out of Memory Error (arena.cpp:189), pid=2424, tid=4344
#
# JRE version: OpenJDK Runtime Environment (17.0.7) (build 17.0.7+0-b2043.56-10550314)
# Java VM: OpenJDK 64-Bit Server VM (17.0.7+0-b2043.56-10550314, mixed mode, tiered, compressed oops, compressed class ptrs, g1 gc, windows-amd64)
# No core dump will be written. Minidumps are not enabled by default on client versions of Windows
#

---------------  S U M M A R Y ------------

Command Line: --add-opens=java.base/java.util=ALL-UNNAMED --add-opens=java.base/java.lang=ALL-UNNAMED --add-opens=java.base/java.lang.invoke=ALL-UNNAMED --add-opens=java.prefs/java.util.prefs=ALL-UNNAMED --add-opens=java.base/java.nio.charset=ALL-UNNAMED --add-opens=java.base/java.net=ALL-UNNAMED --add-opens=java.base/java.util.concurrent.atomic=ALL-UNNAMED -Xmx2048m -Dfile.encoding=UTF-8 -Duser.country=US -Duser.language=en -Duser.variant -javaagent:C:\Users\hamra\.gradle\wrapper\dists\gradle-8.2-bin\bbg7u40eoinfdyxsxr3z4i7ta\gradle-8.2\lib\agents\gradle-instrumentation-agent-8.2.jar org.gradle.launcher.daemon.bootstrap.GradleDaemon 8.2

Host: Intel(R) Core(TM) i5-1035G1 CPU @ 1.00GHz, 8 cores, 7G,  Windows 11 , 64 bit Build 22621 (10.0.22621.3374)
Time: Sun Apr 21 13:23:47 2024 Jerusalem Daylight Time elapsed time: 4.340500 seconds (0d 0h 0m 4s)

---------------  T H R E A D  ---------------

Current thread (0x000001df7df477a0):  JavaThread "C2 CompilerThread1" daemon [_thread_in_native, id=4344, stack(0x000000694f200000,0x000000694f300000)]


Current CompileTask:
C2:   4340 2905  s!   4       jdk.internal.loader.URLClassPath::getLoader (194 bytes)

Stack: [0x000000694f200000,0x000000694f300000]
Native frames: (J=compiled Java code, j=interpreted, Vv=VM code, C=native code)
V  [jvm.dll+0x683bfa]
V  [jvm.dll+0x8430a4]
V  [jvm.dll+0x8449be]
V  [jvm.dll+0x845023]
V  [jvm.dll+0x24ad2f]
V  [jvm.dll+0xac25c]
V  [jvm.dll+0xac82c]
V  [jvm.dll+0x36a132]
V  [jvm.dll+0x334821]
V  [jvm.dll+0x333cca]
V  [jvm.dll+0x21d251]
V  [jvm.dll+0x21c671]
V  [jvm.dll+0x1a605d]
V  [jvm.dll+0x22c148]
V  [jvm.dll+0x22a209]
V  [jvm.dll+0x7f858c]
V  [jvm.dll+0x7f2aea]
V  [jvm.dll+0x682a35]
C  [ucrtbase.dll+0x29333]
C  [KERNEL32.DLL+0x1257d]
C  [ntdll.dll+0x5aa48]


---------------  P R O C E S S  ---------------

Threads class SMR info:
_java_thread_list=0x000001df7e0607c0, length=37, elements={
0x000001df5adf0190, 0x000001df7b013020, 0x000001df7b017be0, 0x000001df76c28800,
0x000001df76c292c0, 0x000001df7b033010, 0x000001df7b0369f0, 0x000001df7b037780,
0x000001df7b043730, 0x000001df7b044120, 0x000001df76ba1190, 0x000001df7b2afa20,
0x000001df7db39d00, 0x000001df7df171e0, 0x000001df7d272720, 0x000001df7df055f0,
0x000001df7ce45bc0, 0x000001df7caee6d0, 0x000001df7d42b840, 0x000001df7cefd9d0,
0x000001df7cefdea0, 0x000001df7cefbcf0, 0x000001df7cefed10, 0x000001df7cefb820,
0x000001df7cefe370, 0x000001df7cefc690, 0x000001df7cefcb60, 0x000001df7ceff1e0,
0x000001df7cefe840, 0x000001df7cefd030, 0x000001df7e59ab20, 0x000001df7e59c330,
0x000001df7e59ccd0, 0x000001df7df477a0, 0x000001df7e59d670, 0x000001df7e59aff0,
0x000001df7eed48c0
}

Java Threads: ( => current thread )
  0x000001df5adf0190 JavaThread "main" [_thread_blocked, id=11480, stack(0x000000694c900000,0x000000694ca00000)]
  0x000001df7b013020 JavaThread "Reference Handler" daemon [_thread_blocked, id=6516, stack(0x000000694d000000,0x000000694d100000)]
  0x000001df7b017be0 JavaThread "Finalizer" daemon [_thread_blocked, id=8880, stack(0x000000694d100000,0x000000694d200000)]
  0x000001df76c28800 JavaThread "Signal Dispatcher" daemon [_thread_blocked, id=13060, stack(0x000000694d200000,0x000000694d300000)]
  0x000001df76c292c0 JavaThread "Attach Listener" daemon [_thread_blocked, id=11072, stack(0x000000694d300000,0x000000694d400000)]
  0x000001df7b033010 JavaThread "Service Thread" daemon [_thread_blocked, id=15184, stack(0x000000694d400000,0x000000694d500000)]
  0x000001df7b0369f0 JavaThread "Monitor Deflation Thread" daemon [_thread_blocked, id=11348, stack(0x000000694d500000,0x000000694d600000)]
  0x000001df7b037780 JavaThread "C2 CompilerThread0" daemon [_thread_in_native, id=14956, stack(0x000000694d600000,0x000000694d700000)]
  0x000001df7b043730 JavaThread "C1 CompilerThread0" daemon [_thread_blocked, id=424, stack(0x000000694d700000,0x000000694d800000)]
  0x000001df7b044120 JavaThread "Sweeper thread" daemon [_thread_blocked, id=4416, stack(0x000000694d800000,0x000000694d900000)]
  0x000001df76ba1190 JavaThread "Common-Cleaner" daemon [_thread_blocked, id=9692, stack(0x000000694d900000,0x000000694da00000)]
  0x000001df7b2afa20 JavaThread "Notification Thread" daemon [_thread_blocked, id=12344, stack(0x000000694da00000,0x000000694db00000)]
  0x000001df7db39d00 JavaThread "Daemon health stats" [_thread_blocked, id=10500, stack(0x000000694e200000,0x000000694e300000)]
  0x000001df7df171e0 JavaThread "Incoming local TCP Connector on port 62476" [_thread_in_native, id=3840, stack(0x000000694e300000,0x000000694e400000)]
  0x000001df7d272720 JavaThread "Daemon periodic checks" [_thread_blocked, id=6824, stack(0x000000694e400000,0x000000694e500000)]
  0x000001df7df055f0 JavaThread "Daemon" [_thread_blocked, id=6212, stack(0x000000694e500000,0x000000694e600000)]
  0x000001df7ce45bc0 JavaThread "Handler for socket connection from /127.0.0.1:62476 to /127.0.0.1:62477" [_thread_in_native, id=6940, stack(0x000000694e600000,0x000000694e700000)]
  0x000001df7caee6d0 JavaThread "Cancel handler" [_thread_blocked, id=8956, stack(0x000000694e700000,0x000000694e800000)]
  0x000001df7d42b840 JavaThread "Daemon worker" [_thread_in_Java, id=1044, stack(0x000000694e800000,0x000000694e900000)]
  0x000001df7cefd9d0 JavaThread "Asynchronous log dispatcher for DefaultDaemonConnection: socket connection from /127.0.0.1:62476 to /127.0.0.1:62477" [_thread_blocked, id=4892, stack(0x000000694e900000,0x000000694ea00000)]
  0x000001df7cefdea0 JavaThread "Stdin handler" [_thread_blocked, id=8452, stack(0x000000694ea00000,0x000000694eb00000)]
  0x000001df7cefbcf0 JavaThread "Daemon client event forwarder" [_thread_blocked, id=8804, stack(0x000000694eb00000,0x000000694ec00000)]
  0x000001df7cefed10 JavaThread "Cache worker for journal cache (C:\Users\hamra\.gradle\caches\journal-1)" [_thread_blocked, id=13704, stack(0x000000694ef00000,0x000000694f000000)]
  0x000001df7cefb820 JavaThread "File lock request listener" [_thread_in_native, id=10680, stack(0x000000694f000000,0x000000694f100000)]
  0x000001df7cefe370 JavaThread "Cache worker for file hash cache (C:\Users\hamra\.gradle\caches\8.2\fileHashes)" [_thread_blocked, id=15172, stack(0x000000694f100000,0x000000694f200000)]
  0x000001df7cefc690 JavaThread "File watcher server" daemon [_thread_in_native, id=13996, stack(0x000000694f300000,0x000000694f400000)]
  0x000001df7cefcb60 JavaThread "File watcher consumer" daemon [_thread_blocked, id=11880, stack(0x000000694f400000,0x000000694f500000)]
  0x000001df7ceff1e0 JavaThread "Cache worker for checksums cache (C:\Users\hamra\Desktop\cs_bagrut_project\.gradle\8.2\checksums)" [_thread_blocked, id=13792, stack(0x000000694f500000,0x000000694f600000)]
  0x000001df7cefe840 JavaThread "Cache worker for cache directory md-rule (C:\Users\hamra\.gradle\caches\8.2\md-rule)" [_thread_blocked, id=14024, stack(0x000000694f600000,0x000000694f700000)]
  0x000001df7cefd030 JavaThread "Cache worker for file content cache (C:\Users\hamra\.gradle\caches\8.2\fileContent)" [_thread_blocked, id=10564, stack(0x000000694f700000,0x000000694f800000)]
  0x000001df7e59ab20 JavaThread "Cache worker for file hash cache (C:\Users\hamra\Desktop\cs_bagrut_project\.gradle\8.2\fileHashes)" [_thread_blocked, id=5968, stack(0x000000694f800000,0x000000694f900000)]
  0x000001df7e59c330 JavaThread "Cache worker for cache directory md-supplier (C:\Users\hamra\.gradle\caches\8.2\md-supplier)" [_thread_blocked, id=5100, stack(0x000000694f900000,0x000000694fa00000)]
  0x000001df7e59ccd0 JavaThread "Cache worker for execution history cache (C:\Users\hamra\.gradle\caches\8.2\executionHistory)" [_thread_blocked, id=9932, stack(0x000000694dc00000,0x000000694dd00000)]
=>0x000001df7df477a0 JavaThread "C2 CompilerThread1" daemon [_thread_in_native, id=4344, stack(0x000000694f200000,0x000000694f300000)]
  0x000001df7e59d670 JavaThread "jar transforms" [_thread_blocked, id=12336, stack(0x000000694fa00000,0x000000694fb00000)]
  0x000001df7e59aff0 JavaThread "jar transforms Thread 2" [_thread_blocked, id=764, stack(0x000000694fc00000,0x000000694fd00000)]
  0x000001df7eed48c0 JavaThread "C2 CompilerThread2" daemon [_thread_blocked, id=9760, stack(0x000000694fd00000,0x000000694fe00000)]

Other Threads:
  0x000001df76c12040 VMThread "VM Thread" [stack: 0x000000694cf00000,0x000000694d000000] [id=8212]
  0x000001df5ae6a6a0 WatcherThread [stack: 0x000000694db00000,0x000000694dc00000] [id=9176]
  0x000001df5ae4d1d0 GCTaskThread "GC Thread#0" [stack: 0x000000694ca00000,0x000000694cb00000] [id=13736]
  0x000001df7c8f6e20 GCTaskThread "GC Thread#1" [stack: 0x000000694de00000,0x000000694df00000] [id=13768]
  0x000001df7ccd8cc0 GCTaskThread "GC Thread#2" [stack: 0x000000694df00000,0x000000694e000000] [id=720]
  0x000001df7bd7e3b0 GCTaskThread "GC Thread#3" [stack: 0x000000694e000000,0x000000694e100000] [id=13068]
  0x000001df7c282ea0 GCTaskThread "GC Thread#4" [stack: 0x000000694e100000,0x000000694e200000] [id=4648]
  0x000001df7c5e8b10 GCTaskThread "GC Thread#5" [stack: 0x000000694dd00000,0x000000694de00000] [id=10200]
  0x000001df7c4098c0 GCTaskThread "GC Thread#6" [stack: 0x000000694ec00000,0x000000694ed00000] [id=14832]
  0x000001df7d7591a0 GCTaskThread "GC Thread#7" [stack: 0x000000694ed00000,0x000000694ee00000] [id=12632]
  0x000001df5ae5e110 ConcurrentGCThread "G1 Main Marker" [stack: 0x000000694cb00000,0x000000694cc00000] [id=13424]
  0x000001df5ae5eb20 ConcurrentGCThread "G1 Conc#0" [stack: 0x000000694cc00000,0x000000694cd00000] [id=8148]
  0x000001df7d1b5400 ConcurrentGCThread "G1 Conc#1" [stack: 0x000000694ee00000,0x000000694ef00000] [id=14504]
  0x000001df5aeaebc0 ConcurrentGCThread "G1 Refine#0" [stack: 0x000000694cd00000,0x000000694ce00000] [id=7600]
  0x000001df7e0926a0 ConcurrentGCThread "G1 Refine#1" [stack: 0x000000694fb00000,0x000000694fc00000] [id=8360]
  0x000001df76a6c760 ConcurrentGCThread "G1 Service" [stack: 0x000000694ce00000,0x000000694cf00000] [id=10152]

Threads with active compile tasks:
C2 CompilerThread0     4387 2926       4       jdk.internal.loader.URLClassPath::getResource (74 bytes)
C2 CompilerThread1     4387 2905  s!   4       jdk.internal.loader.URLClassPath::getLoader (194 bytes)

VM state: not at safepoint (normal execution)

VM Mutex/Monitor currently owned by a thread: None

Heap address: 0x0000000080000000, size: 2048 MB, Compressed Oops mode: 32-bit

CDS archive(s) not mapped
Compressed class space mapped at: 0x0000000100000000-0x0000000140000000, reserved size: 1073741824
Narrow klass base: 0x0000000000000000, Narrow klass shift: 3, Narrow klass range: 0x140000000

GC Precious Log:
 CPUs: 8 total, 8 available
 Memory: 7959M
 Large Page Support: Disabled
 NUMA Support: Disabled
 Compressed Oops: Enabled (32-bit)
 Heap Region Size: 1M
 Heap Min Capacity: 8M
 Heap Initial Capacity: 126M
 Heap Max Capacity: 2G
 Pre-touch: Disabled
 Parallel Workers: 8
 Concurrent Workers: 2
 Concurrent Refinement Workers: 8
 Periodic GC: Disabled

Heap:
 garbage-first heap   total 71680K, used 29599K [0x0000000080000000, 0x0000000100000000)
  region size 1024K, 10 young (10240K), 3 survivors (3072K)
 Metaspace       used 36825K, committed 37184K, reserved 1114112K
  class space    used 5044K, committed 5184K, reserved 1048576K

Heap Regions: E=young(eden), S=young(survivor), O=old, HS=humongous(starts), HC=humongous(continues), CS=collection set, F=free, OA=open archive, CA=closed archive, TAMS=top-at-mark-start (previous, next)
|   0|0x0000000080000000, 0x0000000080100000, 0x0000000080100000|100%|HS|  |TAMS 0x0000000080100000, 0x0000000080000000| Complete 
|   1|0x0000000080100000, 0x0000000080200000, 0x0000000080200000|100%|HC|  |TAMS 0x0000000080200000, 0x0000000080100000| Complete 
|   2|0x0000000080200000, 0x0000000080300000, 0x0000000080300000|100%|HC|  |TAMS 0x0000000080300000, 0x0000000080200000| Complete 
|   3|0x0000000080300000, 0x0000000080400000, 0x0000000080400000|100%|HC|  |TAMS 0x0000000080400000, 0x0000000080300000| Complete 
|   4|0x0000000080400000, 0x0000000080500000, 0x0000000080500000|100%| O|  |TAMS 0x0000000080500000, 0x0000000080400000| Untracked 
|   5|0x0000000080500000, 0x0000000080600000, 0x0000000080600000|100%| O|  |TAMS 0x0000000080600000, 0x0000000080500000| Untracked 
|   6|0x0000000080600000, 0x0000000080700000, 0x0000000080700000|100%| O|  |TAMS 0x0000000080700000, 0x0000000080600000| Untracked 
|   7|0x0000000080700000, 0x0000000080800000, 0x0000000080800000|100%| O|  |TAMS 0x0000000080800000, 0x0000000080700000| Untracked 
|   8|0x0000000080800000, 0x0000000080900000, 0x0000000080900000|100%| O|  |TAMS 0x0000000080900000, 0x0000000080800000| Untracked 
|   9|0x0000000080900000, 0x0000000080a00000, 0x0000000080a00000|100%| O|  |TAMS 0x0000000080a00000, 0x0000000080900000| Untracked 
|  10|0x0000000080a00000, 0x0000000080b00000, 0x0000000080b00000|100%| O|  |TAMS 0x0000000080b00000, 0x0000000080a00000| Untracked 
|  11|0x0000000080b00000, 0x0000000080b69200, 0x0000000080c00000| 41%| O|  |TAMS 0x0000000080b69200, 0x0000000080b00000| Untracked 
|  12|0x0000000080c00000, 0x0000000080d00000, 0x0000000080d00000|100%| O|  |TAMS 0x0000000080d00000, 0x0000000080c00000| Untracked 
|  13|0x0000000080d00000, 0x0000000080e00000, 0x0000000080e00000|100%| O|  |TAMS 0x0000000080e00000, 0x0000000080d00000| Untracked 
|  14|0x0000000080e00000, 0x0000000080f00000, 0x0000000080f00000|100%| O|  |TAMS 0x0000000080f00000, 0x0000000080e00000| Untracked 
|  15|0x0000000080f00000, 0x0000000081000000, 0x0000000081000000|100%| O|  |TAMS 0x0000000081000000, 0x0000000080f00000| Untracked 
|  16|0x0000000081000000, 0x0000000081100000, 0x0000000081100000|100%| O|  |TAMS 0x0000000081100000, 0x0000000081000000| Untracked 
|  17|0x0000000081100000, 0x0000000081200000, 0x0000000081200000|100%| O|  |TAMS 0x0000000081200000, 0x0000000081100000| Untracked 
|  18|0x0000000081200000, 0x0000000081300000, 0x0000000081300000|100%| O|  |TAMS 0x0000000081300000, 0x0000000081200000| Untracked 
|  19|0x0000000081300000, 0x0000000081400000, 0x0000000081400000|100%| O|  |TAMS 0x0000000081400000, 0x0000000081300000| Untracked 
|  20|0x0000000081400000, 0x0000000081500000, 0x0000000081500000|100%| O|  |TAMS 0x00000000814b7a00, 0x0000000081400000| Untracked 
|  21|0x0000000081500000, 0x0000000081600000, 0x0000000081600000|100%| O|  |TAMS 0x0000000081500000, 0x0000000081500000| Untracked 
|  22|0x0000000081600000, 0x0000000081649200, 0x0000000081700000| 28%| O|  |TAMS 0x0000000081600000, 0x0000000081600000| Untracked 
|  23|0x0000000081700000, 0x0000000081700000, 0x0000000081800000|  0%| F|  |TAMS 0x0000000081700000, 0x0000000081700000| Untracked 
|  24|0x0000000081800000, 0x0000000081800000, 0x0000000081900000|  0%| F|  |TAMS 0x0000000081800000, 0x0000000081800000| Untracked 
|  25|0x0000000081900000, 0x0000000081900000, 0x0000000081a00000|  0%| F|  |TAMS 0x0000000081900000, 0x0000000081900000| Untracked 
|  26|0x0000000081a00000, 0x0000000081a00000, 0x0000000081b00000|  0%| F|  |TAMS 0x0000000081a00000, 0x0000000081a00000| Untracked 
|  27|0x0000000081b00000, 0x0000000081b00000, 0x0000000081c00000|  0%| F|  |TAMS 0x0000000081b00000, 0x0000000081b00000| Untracked 
|  28|0x0000000081c00000, 0x0000000081c00000, 0x0000000081d00000|  0%| F|  |TAMS 0x0000000081c00000, 0x0000000081c00000| Untracked 
|  29|0x0000000081d00000, 0x0000000081d00000, 0x0000000081e00000|  0%| F|  |TAMS 0x0000000081d00000, 0x0000000081d00000| Untracked 
|  30|0x0000000081e00000, 0x0000000081e00000, 0x0000000081f00000|  0%| F|  |TAMS 0x0000000081e00000, 0x0000000081e00000| Untracked 
|  31|0x0000000081f00000, 0x0000000081f00000, 0x0000000082000000|  0%| F|  |TAMS 0x0000000081f00000, 0x0000000081f00000| Untracked 
|  32|0x0000000082000000, 0x0000000082000000, 0x0000000082100000|  0%| F|  |TAMS 0x0000000082000000, 0x0000000082000000| Untracked 
|  33|0x0000000082100000, 0x0000000082100000, 0x0000000082200000|  0%| F|  |TAMS 0x0000000082100000, 0x0000000082100000| Untracked 
|  34|0x0000000082200000, 0x0000000082200000, 0x0000000082300000|  0%| F|  |TAMS 0x0000000082200000, 0x0000000082200000| Untracked 
|  35|0x0000000082300000, 0x0000000082300000, 0x0000000082400000|  0%| F|  |TAMS 0x0000000082300000, 0x0000000082300000| Untracked 
|  36|0x0000000082400000, 0x0000000082400000, 0x0000000082500000|  0%| F|  |TAMS 0x0000000082400000, 0x0000000082400000| Untracked 
|  37|0x0000000082500000, 0x0000000082500000, 0x0000000082600000|  0%| F|  |TAMS 0x0000000082500000, 0x0000000082500000| Untracked 
|  38|0x0000000082600000, 0x0000000082600000, 0x0000000082700000|  0%| F|  |TAMS 0x0000000082600000, 0x0000000082600000| Untracked 
|  39|0x0000000082700000, 0x0000000082700000, 0x0000000082800000|  0%| F|  |TAMS 0x0000000082700000, 0x0000000082700000| Untracked 
|  40|0x0000000082800000, 0x0000000082800000, 0x0000000082900000|  0%| F|  |TAMS 0x0000000082800000, 0x0000000082800000| Untracked 
|  41|0x0000000082900000, 0x0000000082900000, 0x0000000082a00000|  0%| F|  |TAMS 0x0000000082900000, 0x0000000082900000| Untracked 
|  42|0x0000000082a00000, 0x0000000082a00000, 0x0000000082b00000|  0%| F|  |TAMS 0x0000000082a00000, 0x0000000082a00000| Untracked 
|  43|0x0000000082b00000, 0x0000000082b00000, 0x0000000082c00000|  0%| F|  |TAMS 0x0000000082b00000, 0x0000000082b00000| Untracked 
|  44|0x0000000082c00000, 0x0000000082c00000, 0x0000000082d00000|  0%| F|  |TAMS 0x0000000082c00000, 0x0000000082c00000| Untracked 
|  45|0x0000000082d00000, 0x0000000082d00000, 0x0000000082e00000|  0%| F|  |TAMS 0x0000000082d00000, 0x0000000082d00000| Untracked 
|  46|0x0000000082e00000, 0x0000000082e00000, 0x0000000082f00000|  0%| F|  |TAMS 0x0000000082e00000, 0x0000000082e00000| Untracked 
|  47|0x0000000082f00000, 0x0000000082f00000, 0x0000000083000000|  0%| F|  |TAMS 0x0000000082f00000, 0x0000000082f00000| Untracked 
|  48|0x0000000083000000, 0x0000000083000000, 0x0000000083100000|  0%| F|  |TAMS 0x0000000083000000, 0x0000000083000000| Untracked 
|  49|0x0000000083100000, 0x0000000083100000, 0x0000000083200000|  0%| F|  |TAMS 0x0000000083100000, 0x0000000083100000| Untracked 
|  50|0x0000000083200000, 0x0000000083200000, 0x0000000083300000|  0%| F|  |TAMS 0x0000000083200000, 0x0000000083200000| Untracked 
|  51|0x0000000083300000, 0x0000000083300000, 0x0000000083400000|  0%| F|  |TAMS 0x0000000083300000, 0x0000000083300000| Untracked 
|  52|0x0000000083400000, 0x0000000083400000, 0x0000000083500000|  0%| F|  |TAMS 0x0000000083400000, 0x0000000083400000| Untracked 
|  53|0x0000000083500000, 0x0000000083500000, 0x0000000083600000|  0%| F|  |TAMS 0x0000000083500000, 0x0000000083500000| Untracked 
|  54|0x0000000083600000, 0x0000000083600000, 0x0000000083700000|  0%| F|  |TAMS 0x0000000083600000, 0x0000000083600000| Untracked 
|  55|0x0000000083700000, 0x0000000083700000, 0x0000000083800000|  0%| F|  |TAMS 0x0000000083700000, 0x0000000083700000| Untracked 
|  56|0x0000000083800000, 0x0000000083800000, 0x0000000083900000|  0%| F|  |TAMS 0x0000000083800000, 0x0000000083800000| Untracked 
|  57|0x0000000083900000, 0x0000000083900000, 0x0000000083a00000|  0%| F|  |TAMS 0x0000000083900000, 0x0000000083900000| Untracked 
|  58|0x0000000083a00000, 0x0000000083a358d8, 0x0000000083b00000| 20%| S|CS|TAMS 0x0000000083a00000, 0x0000000083a00000| Complete 
|  59|0x0000000083b00000, 0x0000000083c00000, 0x0000000083c00000|100%| S|CS|TAMS 0x0000000083b00000, 0x0000000083b00000| Complete 
|  70|0x0000000084600000, 0x0000000084700000, 0x0000000084700000|100%| S|CS|TAMS 0x0000000084600000, 0x0000000084600000| Complete 
|  71|0x0000000084700000, 0x0000000084700000, 0x0000000084800000|  0%| F|  |TAMS 0x0000000084700000, 0x0000000084700000| Untracked 
|  72|0x0000000084800000, 0x0000000084800000, 0x0000000084900000|  0%| F|  |TAMS 0x0000000084800000, 0x0000000084800000| Untracked 
|  73|0x0000000084900000, 0x00000000849eba88, 0x0000000084a00000| 92%| E|  |TAMS 0x0000000084900000, 0x0000000084900000| Complete 
|  74|0x0000000084a00000, 0x0000000084b00000, 0x0000000084b00000|100%| E|CS|TAMS 0x0000000084a00000, 0x0000000084a00000| Complete 
|  75|0x0000000084b00000, 0x0000000084c00000, 0x0000000084c00000|100%| E|CS|TAMS 0x0000000084b00000, 0x0000000084b00000| Complete 
|  76|0x0000000084c00000, 0x0000000084d00000, 0x0000000084d00000|100%| E|CS|TAMS 0x0000000084c00000, 0x0000000084c00000| Complete 
|  77|0x0000000084d00000, 0x0000000084e00000, 0x0000000084e00000|100%| E|CS|TAMS 0x0000000084d00000, 0x0000000084d00000| Complete 
|  78|0x0000000084e00000, 0x0000000084f00000, 0x0000000084f00000|100%| E|CS|TAMS 0x0000000084e00000, 0x0000000084e00000| Complete 
| 125|0x0000000087d00000, 0x0000000087e00000, 0x0000000087e00000|100%| E|  |TAMS 0x0000000087d00000, 0x0000000087d00000| Complete 

Card table byte_map: [0x000001df6f920000,0x000001df6fd20000] _byte_map_base: 0x000001df6f520000

Marking Bits (Prev, Next): (CMBitMap*) 0x000001df5ae4d7e0, (CMBitMap*) 0x000001df5ae4d820
 Prev Bits: [0x000001df70120000, 0x000001df72120000)
 Next Bits: [0x000001df72120000, 0x000001df74120000)

Polling page: 0x000001df5aeb0000

Metaspace:

Usage:
  Non-class:     31.08 MB used.
      Class:      4.93 MB used.
       Both:     36.00 MB used.

Virtual space:
  Non-class space:       64.00 MB reserved,      31.25 MB ( 49%) committed,  1 nodes.
      Class space:        1.00 GB reserved,       5.06 MB ( <1%) committed,  1 nodes.
             Both:        1.06 GB reserved,      36.31 MB (  3%) committed. 

Chunk freelists:
   Non-Class:  15.88 MB
       Class:  10.78 MB
        Both:  26.66 MB

MaxMetaspaceSize: unlimited
CompressedClassSpaceSize: 1.00 GB
Initial GC threshold: 21.00 MB
Current GC threshold: 58.75 MB
CDS: off
MetaspaceReclaimPolicy: balanced
 - commit_granule_bytes: 65536.
 - commit_granule_words: 8192.
 - virtual_space_node_default_size: 8388608.
 - enlarge_chunks_in_place: 1.
 - new_chunks_are_fully_committed: 0.
 - uncommit_free_chunks: 1.
 - use_allocation_guard: 0.
 - handle_deallocations: 1.


Internal statistics:

num_allocs_failed_limit: 6.
num_arena_births: 302.
num_arena_deaths: 0.
num_vsnodes_births: 2.
num_vsnodes_deaths: 0.
num_space_committed: 581.
num_space_uncommitted: 0.
num_chunks_returned_to_freelist: 6.
num_chunks_taken_from_freelist: 1360.
num_chunk_merges: 6.
num_chunk_splits: 911.
num_chunks_enlarged: 648.
num_inconsistent_stats: 0.

CodeHeap 'non-profiled nmethods': size=120000Kb used=1760Kb max_used=1760Kb free=118239Kb
 bounds [0x000001df67580000, 0x000001df677f0000, 0x000001df6eab0000]
CodeHeap 'profiled nmethods': size=120000Kb used=6247Kb max_used=6247Kb free=113752Kb
 bounds [0x000001df5fab0000, 0x000001df600d0000, 0x000001df66fe0000]
CodeHeap 'non-nmethods': size=5760Kb used=1247Kb max_used=1300Kb free=4512Kb
 bounds [0x000001df66fe0000, 0x000001df67250000, 0x000001df67580000]
 total_blobs=3588 nmethods=3039 adapters=461
 compilation: enabled
              stopped_count=0, restarted_count=0
 full_count=0

Compilation events (20 events):
Event: 4.299 Thread 0x000001df7b043730 nmethod 3007 0x000001df600b7290 code [0x000001df600b7440, 0x000001df600b76b8]
Event: 4.299 Thread 0x000001df7b043730 3008       3       org.codehaus.groovy.util.LockableObject::unlock (7 bytes)
Event: 4.299 Thread 0x000001df7b043730 nmethod 3008 0x000001df600b7790 code [0x000001df600b7940, 0x000001df600b7bf8]
Event: 4.299 Thread 0x000001df7b043730 3009       3       org.codehaus.groovy.util.LockableObject::tryRelease (45 bytes)
Event: 4.300 Thread 0x000001df7b043730 nmethod 3009 0x000001df600b7d10 code [0x000001df600b7ec0, 0x000001df600b8188]
Event: 4.300 Thread 0x000001df7eed48c0 nmethod 2936 0x000001df67735610 code [0x000001df677357a0, 0x000001df67735988]
Event: 4.300 Thread 0x000001df7eed48c0 2966       4       java.util.stream.Sink::begin (1 bytes)
Event: 4.300 Thread 0x000001df7eed48c0 nmethod 2966 0x000001df67735b10 code [0x000001df67735c80, 0x000001df67735cf8]
Event: 4.300 Thread 0x000001df7eed48c0 2968       4       java.util.stream.Sink::end (1 bytes)
Event: 4.300 Thread 0x000001df7eed48c0 nmethod 2968 0x000001df67735e10 code [0x000001df67735f80, 0x000001df67735ff8]
Event: 4.300 Thread 0x000001df7eed48c0 2933       4       java.util.Set::of (4 bytes)
Event: 4.301 Thread 0x000001df7eed48c0 nmethod 2933 0x000001df67736110 code [0x000001df67736280, 0x000001df677362d8]
Event: 4.306 Thread 0x000001df7b043730 3010       3       java.util.WeakHashMap::get (75 bytes)
Event: 4.306 Thread 0x000001df7b043730 nmethod 3010 0x000001df600b8290 code [0x000001df600b84c0, 0x000001df600b8d78]
Event: 4.306 Thread 0x000001df7b043730 3011       3       org.codehaus.groovy.reflection.CachedClass::getInterfaces (11 bytes)
Event: 4.307 Thread 0x000001df7b043730 nmethod 3011 0x000001df600b9110 code [0x000001df600b92c0, 0x000001df600b9588]
Event: 4.307 Thread 0x000001df7b043730 3012       3       org.codehaus.groovy.util.ReferenceType$1::createReference (11 bytes)
Event: 4.307 Thread 0x000001df7b043730 nmethod 3012 0x000001df600b9690 code [0x000001df600b9860, 0x000001df600b9cd8]
Event: 4.333 Thread 0x000001df7b043730 3013       1       java.util.logging.LogManager$LoggerContext::getOwner (5 bytes)
Event: 4.333 Thread 0x000001df7b043730 nmethod 3013 0x000001df67736410 code [0x000001df677365a0, 0x000001df67736678]

GC Heap History (14 events):
Event: 0.790 GC heap before
{Heap before GC invocations=0 (full 0):
 garbage-first heap   total 129024K, used 26624K [0x0000000080000000, 0x0000000100000000)
  region size 1024K, 23 young (23552K), 0 survivors (0K)
 Metaspace       used 10464K, committed 10688K, reserved 1114112K
  class space    used 1088K, committed 1216K, reserved 1048576K
}
Event: 0.795 GC heap after
{Heap after GC invocations=1 (full 0):
 garbage-first heap   total 129024K, used 10325K [0x0000000080000000, 0x0000000100000000)
  region size 1024K, 3 young (3072K), 3 survivors (3072K)
 Metaspace       used 10464K, committed 10688K, reserved 1114112K
  class space    used 1088K, committed 1216K, reserved 1048576K
}
Event: 1.111 GC heap before
{Heap before GC invocations=1 (full 0):
 garbage-first heap   total 129024K, used 40021K [0x0000000080000000, 0x0000000100000000)
  region size 1024K, 31 young (31744K), 3 survivors (3072K)
 Metaspace       used 11448K, committed 11648K, reserved 1114112K
  class space    used 1194K, committed 1280K, reserved 1048576K
}
Event: 1.117 GC heap after
{Heap after GC invocations=2 (full 0):
 garbage-first heap   total 129024K, used 13238K [0x0000000080000000, 0x0000000100000000)
  region size 1024K, 3 young (3072K), 3 survivors (3072K)
 Metaspace       used 11448K, committed 11648K, reserved 1114112K
  class space    used 1194K, committed 1280K, reserved 1048576K
}
Event: 2.190 GC heap before
{Heap before GC invocations=2 (full 0):
 garbage-first heap   total 129024K, used 56246K [0x0000000080000000, 0x0000000100000000)
  region size 1024K, 47 young (48128K), 3 survivors (3072K)
 Metaspace       used 21281K, committed 21504K, reserved 1114112K
  class space    used 2576K, committed 2688K, reserved 1048576K
}
Event: 2.201 GC heap after
{Heap after GC invocations=3 (full 0):
 garbage-first heap   total 129024K, used 18962K [0x0000000080000000, 0x0000000100000000)
  region size 1024K, 9 young (9216K), 9 survivors (9216K)
 Metaspace       used 21281K, committed 21504K, reserved 1114112K
  class space    used 2576K, committed 2688K, reserved 1048576K
}
Event: 2.859 GC heap before
{Heap before GC invocations=4 (full 0):
 garbage-first heap   total 71680K, used 51730K [0x0000000080000000, 0x0000000100000000)
  region size 1024K, 42 young (43008K), 9 survivors (9216K)
 Metaspace       used 26114K, committed 26368K, reserved 1114112K
  class space    used 3416K, committed 3520K, reserved 1048576K
}
Event: 2.865 GC heap after
{Heap after GC invocations=5 (full 0):
 garbage-first heap   total 71680K, used 21040K [0x0000000080000000, 0x0000000100000000)
  region size 1024K, 3 young (3072K), 3 survivors (3072K)
 Metaspace       used 26114K, committed 26368K, reserved 1114112K
  class space    used 3416K, committed 3520K, reserved 1048576K
}
Event: 3.448 GC heap before
{Heap before GC invocations=5 (full 0):
 garbage-first heap   total 71680K, used 48688K [0x0000000080000000, 0x0000000100000000)
  region size 1024K, 31 young (31744K), 3 survivors (3072K)
 Metaspace       used 30054K, committed 30336K, reserved 1114112K
  class space    used 4065K, committed 4224K, reserved 1048576K
}
Event: 3.451 GC heap after
{Heap after GC invocations=6 (full 0):
 garbage-first heap   total 71680K, used 22253K [0x0000000080000000, 0x0000000100000000)
  region size 1024K, 4 young (4096K), 4 survivors (4096K)
 Metaspace       used 30054K, committed 30336K, reserved 1114112K
  class space    used 4065K, committed 4224K, reserved 1048576K
}
Event: 4.016 GC heap before
{Heap before GC invocations=6 (full 0):
 garbage-first heap   total 71680K, used 50925K [0x0000000080000000, 0x0000000100000000)
  region size 1024K, 33 young (33792K), 4 survivors (4096K)
 Metaspace       used 34234K, committed 34560K, reserved 1114112K
  class space    used 4715K, committed 4864K, reserved 1048576K
}
Event: 4.046 GC heap after
{Heap after GC invocations=7 (full 0):
 garbage-first heap   total 71680K, used 23683K [0x0000000080000000, 0x0000000100000000)
  region size 1024K, 3 young (3072K), 3 survivors (3072K)
 Metaspace       used 34234K, committed 34560K, reserved 1114112K
  class space    used 4715K, committed 4864K, reserved 1048576K
}
Event: 4.228 GC heap before
{Heap before GC invocations=7 (full 0):
 garbage-first heap   total 71680K, used 31875K [0x0000000080000000, 0x0000000100000000)
  region size 1024K, 12 young (12288K), 3 survivors (3072K)
 Metaspace       used 35620K, committed 35968K, reserved 1114112K
  class space    used 4946K, committed 5120K, reserved 1048576K
}
Event: 4.232 GC heap after
{Heap after GC invocations=8 (full 0):
 garbage-first heap   total 71680K, used 24479K [0x0000000080000000, 0x0000000100000000)
  region size 1024K, 3 young (3072K), 3 survivors (3072K)
 Metaspace       used 35620K, committed 35968K, reserved 1114112K
  class space    used 4946K, committed 5120K, reserved 1048576K
}

Dll operation events (3 events):
Event: 0.008 Loaded shared library C:\Program Files\Android\Android Studio\jbr\bin\java.dll
Event: 0.128 Loaded shared library C:\Program Files\Android\Android Studio\jbr\bin\zip.dll
Event: 0.460 Loaded shared library C:\Program Files\Android\Android Studio\jbr\bin\verify.dll

Deoptimization events (20 events):
Event: 4.191 Thread 0x000001df7d42b840 Uncommon trap: trap_request=0xffffffc6 fr.pc=0x000001df6772ab3c relative=0x000000000000091c
Event: 4.191 Thread 0x000001df7d42b840 Uncommon trap: reason=bimorphic_or_optimized_type_check action=maybe_recompile pc=0x000001df6772ab3c method=java.io.BufferedInputStream.read([BII)I @ 101 c2
Event: 4.191 Thread 0x000001df7d42b840 DEOPT PACKING pc=0x000001df6772ab3c sp=0x000000694e8f7c90
Event: 4.191 Thread 0x000001df7d42b840 DEOPT UNPACKING pc=0x000001df6703a1a3 sp=0x000000694e8f7c48 mode 2
Event: 4.191 Thread 0x000001df7d42b840 Uncommon trap: trap_request=0xffffffc6 fr.pc=0x000001df6772ab3c relative=0x000000000000091c
Event: 4.191 Thread 0x000001df7d42b840 Uncommon trap: reason=bimorphic_or_optimized_type_check action=maybe_recompile pc=0x000001df6772ab3c method=java.io.BufferedInputStream.read([BII)I @ 101 c2
Event: 4.191 Thread 0x000001df7d42b840 DEOPT PACKING pc=0x000001df6772ab3c sp=0x000000694e8f7c90
Event: 4.191 Thread 0x000001df7d42b840 DEOPT UNPACKING pc=0x000001df6703a1a3 sp=0x000000694e8f7c48 mode 2
Event: 4.191 Thread 0x000001df7d42b840 Uncommon trap: trap_request=0xffffffc6 fr.pc=0x000001df6772ab3c relative=0x000000000000091c
Event: 4.191 Thread 0x000001df7d42b840 Uncommon trap: reason=bimorphic_or_optimized_type_check action=maybe_recompile pc=0x000001df6772ab3c method=java.io.BufferedInputStream.read([BII)I @ 101 c2
Event: 4.191 Thread 0x000001df7d42b840 DEOPT PACKING pc=0x000001df6772ab3c sp=0x000000694e8f7c90
Event: 4.191 Thread 0x000001df7d42b840 DEOPT UNPACKING pc=0x000001df6703a1a3 sp=0x000000694e8f7c48 mode 2
Event: 4.192 Thread 0x000001df7d42b840 Uncommon trap: trap_request=0xffffffc6 fr.pc=0x000001df6772ab3c relative=0x000000000000091c
Event: 4.192 Thread 0x000001df7d42b840 Uncommon trap: reason=bimorphic_or_optimized_type_check action=maybe_recompile pc=0x000001df6772ab3c method=java.io.BufferedInputStream.read([BII)I @ 101 c2
Event: 4.192 Thread 0x000001df7d42b840 DEOPT PACKING pc=0x000001df6772ab3c sp=0x000000694e8f7c90
Event: 4.192 Thread 0x000001df7d42b840 DEOPT UNPACKING pc=0x000001df6703a1a3 sp=0x000000694e8f7c48 mode 2
Event: 4.218 Thread 0x000001df7d42b840 Uncommon trap: trap_request=0xffffff45 fr.pc=0x000001df6771c620 relative=0x00000000000005c0
Event: 4.218 Thread 0x000001df7d42b840 Uncommon trap: reason=unstable_if action=reinterpret pc=0x000001df6771c620 method=jdk.internal.org.objectweb.asm.MethodWriter.visitVarInsn(II)V @ 108 c2
Event: 4.218 Thread 0x000001df7d42b840 DEOPT PACKING pc=0x000001df6771c620 sp=0x000000694e8f0dc0
Event: 4.218 Thread 0x000001df7d42b840 DEOPT UNPACKING pc=0x000001df6703a1a3 sp=0x000000694e8f0d88 mode 2

Classes unloaded (0 events):
No events

Classes redefined (0 events):
No events

Internal exceptions (20 events):
Event: 3.561 Thread 0x000001df7d42b840 Exception <a 'java/lang/NoSuchMethodError'{0x000000008477ce80}: 'java.lang.Object java.lang.invoke.Invokers$Holder.linkToTargetMethod(java.lang.Object, java.lang.Object, java.lang.Object, java.lang.Object, java.lang.Object, java.lang.Object, java.lang.Object, java.lang.Object, java.lang.Object, java.lang.Object, java.lang.Object, java.lang.Object)'> (0x000000008477ce80) 
thrown [s\src\hotspot\share\interpreter\linkResolver.cpp, line 771]
Event: 3.564 Thread 0x000001df7d42b840 Exception <a 'java/lang/NoSuchMethodError'{0x00000000847b6858}: 'java.lang.Object java.lang.invoke.DirectMethodHandle$Holder.newInvokeSpecial(java.lang.Object, java.lang.Object, java.lang.Object, java.lang.Object, java.lang.Object, java.lang.Object, java.lang.Object, java.lang.Object, java.lang.Object, java.lang.Object)'> (0x00000000847b6858) 
thrown [s\src\hotspot\share\interpreter\linkResolver.cpp, line 771]
Event: 3.564 Thread 0x000001df7d42b840 Exception <a 'java/lang/NoSuchMethodError'{0x00000000847bb740}: 'java.lang.Object java.lang.invoke.Invokers$Holder.linkToTargetMethod(java.lang.Object, java.lang.Object, java.lang.Object, java.lang.Object, java.lang.Object, java.lang.Object, java.lang.Object, java.lang.Object, java.lang.Object, java.lang.Object)'> (0x00000000847bb740) 
thrown [s\src\hotspot\share\interpreter\linkResolver.cpp, line 771]
Event: 3.581 Thread 0x000001df7d42b840 Exception <a 'java/lang/NoSuchMethodError'{0x0000000084611018}: 'java.lang.Object java.lang.invoke.DirectMethodHandle$Holder.invokeStaticInit(java.lang.Object, java.lang.Object, java.lang.Object, java.lang.Object)'> (0x0000000084611018) 
thrown [s\src\hotspot\share\interpreter\linkResolver.cpp, line 771]
Event: 3.740 Thread 0x000001df7d42b840 Exception <a 'java/lang/NoSuchMethodError'{0x0000000083270428}: 'java.lang.Object java.lang.invoke.DirectMethodHandle$Holder.newInvokeSpecial(java.lang.Object, java.lang.Object, java.lang.Object, java.lang.Object, java.lang.Object, java.lang.Object, java.lang.Object, java.lang.Object)'> (0x0000000083270428) 
thrown [s\src\hotspot\share\interpreter\linkResolver.cpp, line 771]
Event: 3.740 Thread 0x000001df7d42b840 Exception <a 'java/lang/NoSuchMethodError'{0x0000000083275ea0}: 'java.lang.Object java.lang.invoke.Invokers$Holder.linkToTargetMethod(java.lang.Object, java.lang.Object, java.lang.Object, java.lang.Object, java.lang.Object, java.lang.Object, java.lang.Object, java.lang.Object)'> (0x0000000083275ea0) 
thrown [s\src\hotspot\share\interpreter\linkResolver.cpp, line 771]
Event: 3.749 Thread 0x000001df7d42b840 Exception <a 'java/lang/IncompatibleClassChangeError'{0x00000000832e4590}: Found class java.lang.Object, but interface was expected> (0x00000000832e4590) 
thrown [s\src\hotspot\share\interpreter\linkResolver.cpp, line 838]
Event: 3.952 Thread 0x000001df7d42b840 Exception <a 'java/lang/NoSuchMethodError'{0x0000000082a26220}: 'int java.lang.invoke.DirectMethodHandle$Holder.invokeStaticInit(java.lang.Object, java.lang.Object, java.lang.Object)'> (0x0000000082a26220) 
thrown [s\src\hotspot\share\interpreter\linkResolver.cpp, line 771]
Event: 3.954 Thread 0x000001df7d42b840 Exception <a 'java/lang/NoSuchMethodError'{0x0000000082a3bf60}: 'java.lang.Object java.lang.invoke.DirectMethodHandle$Holder.newInvokeSpecial(java.lang.Object, java.lang.Object, long)'> (0x0000000082a3bf60) 
thrown [s\src\hotspot\share\interpreter\linkResolver.cpp, line 771]
Event: 3.954 Thread 0x000001df7d42b840 Exception <a 'java/lang/NoSuchMethodError'{0x0000000082a40820}: 'java.lang.Object java.lang.invoke.Invokers$Holder.linkToTargetMethod(java.lang.Object, long, java.lang.Object)'> (0x0000000082a40820) 
thrown [s\src\hotspot\share\interpreter\linkResolver.cpp, line 771]
Event: 3.973 Thread 0x000001df7d42b840 Exception <a 'java/lang/NoSuchMethodError'{0x0000000082565778}: 'int java.lang.invoke.DirectMethodHandle$Holder.invokeInterface(java.lang.Object, java.lang.Object)'> (0x0000000082565778) 
thrown [s\src\hotspot\share\interpreter\linkResolver.cpp, line 771]
Event: 3.977 Thread 0x000001df7d42b840 Exception <a 'java/lang/NoSuchMethodError'{0x000000008258cf08}: 'java.lang.Object java.lang.invoke.DirectMethodHandle$Holder.invokeStatic(java.lang.Object, java.lang.Object, int, java.lang.Object)'> (0x000000008258cf08) 
thrown [s\src\hotspot\share\interpreter\linkResolver.cpp, line 771]
Event: 3.978 Thread 0x000001df7d42b840 Exception <a 'java/lang/NoSuchMethodError'{0x0000000082594ac0}: 'java.lang.Object java.lang.invoke.DirectMethodHandle$Holder.newInvokeSpecial(java.lang.Object, java.lang.Object, int, java.lang.Object)'> (0x0000000082594ac0) 
thrown [s\src\hotspot\share\interpreter\linkResolver.cpp, line 771]
Event: 3.978 Thread 0x000001df7d42b840 Exception <a 'java/lang/NoSuchMethodError'{0x00000000825993a8}: 'java.lang.Object java.lang.invoke.DirectMethodHandle$Holder.invokeSpecial(java.lang.Object, java.lang.Object, java.lang.Object, int, java.lang.Object)'> (0x00000000825993a8) 
thrown [s\src\hotspot\share\interpreter\linkResolver.cpp, line 771]
Event: 4.148 Thread 0x000001df7d42b840 Exception <a 'java/lang/NoSuchMethodError'{0x0000000084c65730}: 'java.lang.Object java.lang.invoke.DirectMethodHandle$Holder.invokeSpecial(java.lang.Object, java.lang.Object, java.lang.Object, int, java.lang.Object, java.lang.Object)'> (0x0000000084c65730) 
thrown [s\src\hotspot\share\interpreter\linkResolver.cpp, line 771]
Event: 4.218 Thread 0x000001df7d42b840 Implicit null exception at 0x000001df6771c119 to 0x000001df6771c614
Event: 4.260 Thread 0x000001df7d42b840 Exception <a 'java/lang/NoSuchMethodError'{0x0000000084e252f8}: 'void java.lang.invoke.DirectMethodHandle$Holder.invokeStaticInit(java.lang.Object, java.lang.Object, java.lang.Object)'> (0x0000000084e252f8) 
thrown [s\src\hotspot\share\interpreter\linkResolver.cpp, line 771]
Event: 4.261 Thread 0x000001df7d42b840 Exception <a 'java/lang/NoSuchMethodError'{0x0000000084e2c798}: 'void java.lang.invoke.DirectMethodHandle$Holder.invokeStaticInit(java.lang.Object, java.lang.Object, java.lang.Object, java.lang.Object)'> (0x0000000084e2c798) 
thrown [s\src\hotspot\share\interpreter\linkResolver.cpp, line 771]
Event: 4.265 Thread 0x000001df7d42b840 Exception <a 'java/lang/NoSuchMethodError'{0x0000000084e4e960}: 'void java.lang.invoke.DirectMethodHandle$Holder.invokeStaticInit(java.lang.Object, java.lang.Object, java.lang.Object, java.lang.Object, java.lang.Object)'> (0x0000000084e4e960) 
thrown [s\src\hotspot\share\interpreter\linkResolver.cpp, line 771]
Event: 4.276 Thread 0x000001df7d42b840 Exception <a 'java/lang/NoSuchMethodError'{0x0000000084ea8f68}: 'int java.lang.invoke.DirectMethodHandle$Holder.invokeStaticInit(java.lang.Object, java.lang.Object, java.lang.Object, java.lang.Object)'> (0x0000000084ea8f68) 
thrown [s\src\hotspot\share\interpreter\linkResolver.cpp, line 771]

VM Operations (20 events):
Event: 3.524 Executing VM operation: HandshakeAllThreads
Event: 3.524 Executing VM operation: HandshakeAllThreads done
Event: 3.731 Executing VM operation: HandshakeAllThreads
Event: 3.731 Executing VM operation: HandshakeAllThreads done
Event: 3.988 Executing VM operation: G1CollectForAllocation
Event: 4.016 Executing VM operation: G1CollectForAllocation done
Event: 4.016 Executing VM operation: G1CollectForAllocation
Event: 4.046 Executing VM operation: G1CollectForAllocation done
Event: 4.056 Executing VM operation: HandshakeAllThreads
Event: 4.056 Executing VM operation: HandshakeAllThreads done
Event: 4.112 Executing VM operation: HandshakeAllThreads
Event: 4.113 Executing VM operation: HandshakeAllThreads done
Event: 4.209 Executing VM operation: HandshakeAllThreads
Event: 4.209 Executing VM operation: HandshakeAllThreads done
Event: 4.228 Executing VM operation: CollectForMetadataAllocation
Event: 4.232 Executing VM operation: CollectForMetadataAllocation done
Event: 4.248 Executing VM operation: G1Concurrent
Event: 4.250 Executing VM operation: G1Concurrent done
Event: 4.259 Executing VM operation: G1Concurrent
Event: 4.259 Executing VM operation: G1Concurrent done

Events (20 events):
Event: 4.219 loading class java/util/Collections$CopiesList done
Event: 4.247 loading class java/lang/reflect/MalformedParameterizedTypeException
Event: 4.247 loading class java/lang/reflect/MalformedParameterizedTypeException done
Event: 4.256 loading class java/lang/IllegalCallerException
Event: 4.256 loading class java/lang/IllegalCallerException done
Event: 4.271 Thread 0x000001df7eed48c0 Thread added: 0x000001df7eed48c0
Event: 4.280 loading class java/util/HashMap$KeySpliterator
Event: 4.280 loading class java/util/HashMap$KeySpliterator done
Event: 4.292 loading class java/lang/ClassFormatError
Event: 4.292 loading class java/lang/ClassFormatError done
Event: 4.300 loading class java/lang/ProcessHandle$Info
Event: 4.300 loading class java/lang/ProcessHandle$Info done
Event: 4.300 loading class java/lang/ProcessHandle
Event: 4.300 loading class java/lang/ProcessHandle done
Event: 4.300 loading class java/util/concurrent/CompletableFuture
Event: 4.305 loading class java/util/concurrent/CompletionStage
Event: 4.305 loading class java/util/concurrent/CompletionStage done
Event: 4.305 loading class java/util/concurrent/CompletableFuture done
Event: 4.308 loading class java/io/UnsupportedEncodingException
Event: 4.308 loading class java/io/UnsupportedEncodingException done


Dynamic libraries:
0x00007ff62eeb0000 - 0x00007ff62eeba000 	C:\Program Files\Android\Android Studio\jbr\bin\java.exe
0x00007ff941410000 - 0x00007ff941626000 	C:\WINDOWS\SYSTEM32\ntdll.dll
0x00007ff940340000 - 0x00007ff940404000 	C:\WINDOWS\System32\KERNEL32.DLL
0x00007ff93eae0000 - 0x00007ff93ee87000 	C:\WINDOWS\System32\KERNELBASE.dll
0x00007ff93e9c0000 - 0x00007ff93ead1000 	C:\WINDOWS\System32\ucrtbase.dll
0x00007ff92c790000 - 0x00007ff92c7a7000 	C:\Program Files\Android\Android Studio\jbr\bin\jli.dll
0x00007ff927d20000 - 0x00007ff927d3b000 	C:\Program Files\Android\Android Studio\jbr\bin\VCRUNTIME140.dll
0x00007ff93fb70000 - 0x00007ff93fd1e000 	C:\WINDOWS\System32\USER32.dll
0x00007ff91fc20000 - 0x00007ff91feb3000 	C:\WINDOWS\WinSxS\amd64_microsoft.windows.common-controls_6595b64144ccf1df_6.0.22621.3235_none_270f74e173860f98\COMCTL32.dll
0x00007ff93f0a0000 - 0x00007ff93f0c6000 	C:\WINDOWS\System32\win32u.dll
0x00007ff940520000 - 0x00007ff9405c7000 	C:\WINDOWS\System32\msvcrt.dll
0x00007ff940a10000 - 0x00007ff940a39000 	C:\WINDOWS\System32\GDI32.dll
0x00007ff93e8a0000 - 0x00007ff93e9b9000 	C:\WINDOWS\System32\gdi32full.dll
0x00007ff93f000000 - 0x00007ff93f09a000 	C:\WINDOWS\System32\msvcp_win.dll
0x00007ff93fd90000 - 0x00007ff93fdc1000 	C:\WINDOWS\System32\IMM32.DLL
0x00007ff9349f0000 - 0x00007ff9349fc000 	C:\Program Files\Android\Android Studio\jbr\bin\vcruntime140_1.dll
0x00007ff91e210000 - 0x00007ff91e29d000 	C:\Program Files\Android\Android Studio\jbr\bin\msvcp140.dll
0x00007ff8f2540000 - 0x00007ff8f31c0000 	C:\Program Files\Android\Android Studio\jbr\bin\server\jvm.dll
0x00007ff93fdd0000 - 0x00007ff93fe82000 	C:\WINDOWS\System32\ADVAPI32.dll
0x00007ff9405d0000 - 0x00007ff940678000 	C:\WINDOWS\System32\sechost.dll
0x00007ff93efd0000 - 0x00007ff93eff8000 	C:\WINDOWS\System32\bcrypt.dll
0x00007ff9412a0000 - 0x00007ff9413b5000 	C:\WINDOWS\System32\RPCRT4.dll
0x00007ff910880000 - 0x00007ff910889000 	C:\WINDOWS\SYSTEM32\WSOCK32.dll
0x00007ff933970000 - 0x00007ff9339a4000 	C:\WINDOWS\SYSTEM32\WINMM.dll
0x00007ff9310a0000 - 0x00007ff9310aa000 	C:\WINDOWS\SYSTEM32\VERSION.dll
0x00007ff93f970000 - 0x00007ff93f9e1000 	C:\WINDOWS\System32\WS2_32.dll
0x00007ff93d750000 - 0x00007ff93d768000 	C:\WINDOWS\SYSTEM32\kernel.appcore.dll
0x00007ff92d3d0000 - 0x00007ff92d3da000 	C:\Program Files\Android\Android Studio\jbr\bin\jimage.dll
0x00007ff93bfa0000 - 0x00007ff93c1d3000 	C:\WINDOWS\SYSTEM32\DBGHELP.DLL
0x00007ff93f5c0000 - 0x00007ff93f948000 	C:\WINDOWS\System32\combase.dll
0x00007ff93ff00000 - 0x00007ff93ffd7000 	C:\WINDOWS\System32\OLEAUT32.dll
0x00007ff92d3e0000 - 0x00007ff92d412000 	C:\WINDOWS\SYSTEM32\dbgcore.DLL
0x00007ff93ef50000 - 0x00007ff93efc9000 	C:\WINDOWS\System32\bcryptPrimitives.dll
0x00007ff92c940000 - 0x00007ff92c94e000 	C:\Program Files\Android\Android Studio\jbr\bin\instrument.dll
0x00007ff92c9c0000 - 0x00007ff92c9e5000 	C:\Program Files\Android\Android Studio\jbr\bin\java.dll
0x00007ff92cac0000 - 0x00007ff92cad8000 	C:\Program Files\Android\Android Studio\jbr\bin\zip.dll
0x00007ff940a40000 - 0x00007ff94129c000 	C:\WINDOWS\System32\SHELL32.dll
0x00007ff93c640000 - 0x00007ff93cf39000 	C:\WINDOWS\SYSTEM32\windows.storage.dll
0x00007ff93c500000 - 0x00007ff93c63e000 	C:\WINDOWS\SYSTEM32\wintypes.dll
0x00007ff9408f0000 - 0x00007ff9409e3000 	C:\WINDOWS\System32\SHCORE.dll
0x00007ff9404c0000 - 0x00007ff94051e000 	C:\WINDOWS\System32\shlwapi.dll
0x00007ff93e660000 - 0x00007ff93e681000 	C:\WINDOWS\SYSTEM32\profapi.dll
0x00007ff92c9a0000 - 0x00007ff92c9b9000 	C:\Program Files\Android\Android Studio\jbr\bin\net.dll
0x00007ff938f00000 - 0x00007ff939036000 	C:\WINDOWS\SYSTEM32\WINHTTP.dll
0x00007ff93dbc0000 - 0x00007ff93dc29000 	C:\WINDOWS\system32\mswsock.dll
0x00007ff92c980000 - 0x00007ff92c996000 	C:\Program Files\Android\Android Studio\jbr\bin\nio.dll
0x00007ff92c970000 - 0x00007ff92c980000 	C:\Program Files\Android\Android Studio\jbr\bin\verify.dll
0x00007ff922940000 - 0x00007ff922967000 	C:\Users\hamra\.gradle\native\68d5fa5c4cc2d200863cafc0d521ce42e7d3e7ee720ec0a83991735586a16f82\windows-amd64\native-platform.dll
0x00007ff912d40000 - 0x00007ff912e84000 	C:\Users\hamra\.gradle\native\e376f236ea51e6404a007f0833ffe2c6e607c4080706a723a18a27aeea778392\windows-amd64\native-platform-file-events.dll
0x00007ff92c960000 - 0x00007ff92c969000 	C:\Program Files\Android\Android Studio\jbr\bin\management.dll
0x00007ff92c950000 - 0x00007ff92c95b000 	C:\Program Files\Android\Android Studio\jbr\bin\management_ext.dll
0x00007ff93f950000 - 0x00007ff93f958000 	C:\WINDOWS\System32\PSAPI.DLL
0x00007ff93de30000 - 0x00007ff93de4b000 	C:\WINDOWS\SYSTEM32\CRYPTSP.dll
0x00007ff93d6b0000 - 0x00007ff93d6e5000 	C:\WINDOWS\system32\rsaenh.dll
0x00007ff93dcc0000 - 0x00007ff93dce8000 	C:\WINDOWS\SYSTEM32\USERENV.dll
0x00007ff93de20000 - 0x00007ff93de2c000 	C:\WINDOWS\SYSTEM32\CRYPTBASE.dll
0x00007ff93d1e0000 - 0x00007ff93d20d000 	C:\WINDOWS\SYSTEM32\IPHLPAPI.DLL
0x00007ff93fd80000 - 0x00007ff93fd89000 	C:\WINDOWS\System32\NSI.dll
0x00007ff938830000 - 0x00007ff938849000 	C:\WINDOWS\SYSTEM32\dhcpcsvc6.DLL
0x00007ff9387e0000 - 0x00007ff9387ff000 	C:\WINDOWS\SYSTEM32\dhcpcsvc.DLL
0x00007ff93d210000 - 0x00007ff93d309000 	C:\WINDOWS\SYSTEM32\DNSAPI.dll
0x00007ff927d60000 - 0x00007ff927d68000 	C:\WINDOWS\system32\wshunix.dll

dbghelp: loaded successfully - version: 4.0.5 - missing functions: none
symbol engine: initialized successfully - sym options: 0x614 - pdb path: .;C:\Program Files\Android\Android Studio\jbr\bin;C:\WINDOWS\SYSTEM32;C:\WINDOWS\WinSxS\amd64_microsoft.windows.common-controls_6595b64144ccf1df_6.0.22621.3235_none_270f74e173860f98;C:\Program Files\Android\Android Studio\jbr\bin\server;C:\Users\hamra\.gradle\native\68d5fa5c4cc2d200863cafc0d521ce42e7d3e7ee720ec0a83991735586a16f82\windows-amd64;C:\Users\hamra\.gradle\native\e376f236ea51e6404a007f0833ffe2c6e607c4080706a723a18a27aeea778392\windows-amd64

VM Arguments:
jvm_args: --add-opens=java.base/java.util=ALL-UNNAMED --add-opens=java.base/java.lang=ALL-UNNAMED --add-opens=java.base/java.lang.invoke=ALL-UNNAMED --add-opens=java.prefs/java.util.prefs=ALL-UNNAMED --add-opens=java.base/java.nio.charset=ALL-UNNAMED --add-opens=java.base/java.net=ALL-UNNAMED --add-opens=java.base/java.util.concurrent.atomic=ALL-UNNAMED -Xmx2048m -Dfile.encoding=UTF-8 -Duser.country=US -Duser.language=en -Duser.variant -javaagent:C:\Users\hamra\.gradle\wrapper\dists\gradle-8.2-bin\bbg7u40eoinfdyxsxr3z4i7ta\gradle-8.2\lib\agents\gradle-instrumentation-agent-8.2.jar 
java_command: org.gradle.launcher.daemon.bootstrap.GradleDaemon 8.2
java_class_path (initial): C:\Users\hamra\.gradle\wrapper\dists\gradle-8.2-bin\bbg7u40eoinfdyxsxr3z4i7ta\gradle-8.2\lib\gradle-launcher-8.2.jar
Launcher Type: SUN_STANDARD

[Global flags]
     intx CICompilerCount                          = 4                                         {product} {ergonomic}
     uint ConcGCThreads                            = 2                                         {product} {ergonomic}
     uint G1ConcRefinementThreads                  = 8                                         {product} {ergonomic}
   size_t G1HeapRegionSize                         = 1048576                                   {product} {ergonomic}
    uintx GCDrainStackTargetSize                   = 64                                        {product} {ergonomic}
   size_t InitialHeapSize                          = 132120576                                 {product} {ergonomic}
   size_t MarkStackSize                            = 4194304                                   {product} {ergonomic}
   size_t MaxHeapSize                              = 2147483648                                {product} {command line}
   size_t MaxNewSize                               = 1287651328                                {product} {ergonomic}
   size_t MinHeapDeltaBytes                        = 1048576                                   {product} {ergonomic}
   size_t MinHeapSize                              = 8388608                                   {product} {ergonomic}
    uintx NonNMethodCodeHeapSize                   = 5839372                                {pd product} {ergonomic}
    uintx NonProfiledCodeHeapSize                  = 122909434                              {pd product} {ergonomic}
    uintx ProfiledCodeHeapSize                     = 122909434                              {pd product} {ergonomic}
    uintx ReservedCodeCacheSize                    = 251658240                              {pd product} {ergonomic}
     bool SegmentedCodeCache                       = true                                      {product} {ergonomic}
   size_t SoftMaxHeapSize                          = 2147483648                             {manageable} {ergonomic}
     bool UseCompressedClassPointers               = true                           {product lp64_product} {ergonomic}
     bool UseCompressedOops                        = true                           {product lp64_product} {ergonomic}
     bool UseG1GC                                  = true                                      {product} {ergonomic}
     bool UseLargePagesIndividualAllocation        = false                                  {pd product} {ergonomic}

Logging:
Log output configuration:
 #0: stdout all=warning uptime,level,tags
 #1: stderr all=off uptime,level,tags

Environment Variables:
PATH=C:\Program Files\Common Files\Oracle\Java\javapath;C:\WINDOWS\system32;C:\WINDOWS;C:\WINDOWS\System32\Wbem;C:\WINDOWS\System32\WindowsPowerShell\v1.0\;C:\WINDOWS\System32\OpenSSH\;C:\Program Files\dotnet\;C:\Program Files\Java\jdk-21\bin;C:\Program Files\Git\cmd;C:\Users\hamra\AppData\Local\Programs\Python\Python310\Scripts\;C:\Users\hamra\AppData\Local\Programs\Python\Python310\;C:\Users\hamra\AppData\Local\Microsoft\WindowsApps;C:\Users\hamra\.dotnet\tools;C:\Users\hamra\AppData\Local\Programs\Microsoft VS Code\bin;C:\Users\hamra\AppData\Local\gitkraken\bin
USERNAME=hamra
OS=Windows_NT
PROCESSOR_IDENTIFIER=Intel64 Family 6 Model 126 Stepping 5, GenuineIntel
TMP=C:\Users\hamra\AppData\Local\Temp
TEMP=C:\Users\hamra\AppData\Local\Temp


JNI global refs:
JNI global refs: 25, weak refs: 0

JNI global refs memory usage: 843, weak refs: 841

OOME stack traces (most recent first):
Classloader memory used:
Loader org.gradle.internal.classloader.VisitableURLClassLoader                         : 2207K
Loader bootstrap                                                                       : 1977K
Loader org.gradle.initialization.MixInLegacyTypesClassLoader                           : 423K
Loader jdk.internal.loader.ClassLoaders$AppClassLoader                                 : 28352B
Loader jdk.internal.loader.ClassLoaders$PlatformClassLoader                            : 14819B
Loader jdk.internal.reflect.DelegatingClassLoader                                      : 3001B
Loader org.gradle.groovy.scripts.internal.DefaultScriptCompilationHandler$ScriptClassLoader: 789B

Classes loaded by more than one classloader:
Class org.gradle.internal.installation.GradleInstallation                             : loaded 2 times (x 73B)
Class org.gradle.internal.classpath.ClassPath                                         : loaded 2 times (x 68B)
Class org.gradle.api.internal.classpath.DefaultModuleRegistry                         : loaded 2 times (x 84B)
Class org.gradle.api.Action                                                           : loaded 2 times (x 68B)
Class org.gradle.api.internal.DefaultClassPathProvider                                : loaded 2 times (x 74B)
Class org.gradle.internal.installation.GradleInstallation$1                           : loaded 2 times (x 73B)
Class org.gradle.internal.classloader.FilteringClassLoader                            : loaded 2 times (x 102B)
Class org.gradle.internal.classpath.DefaultClassPath$ImmutableUniqueList$Builder      : loaded 2 times (x 73B)
Class org.gradle.internal.classloader.ClassLoaderVisitor                              : loaded 2 times (x 74B)
Class org.gradle.internal.service.DefaultServiceLocator                               : loaded 2 times (x 81B)
Class org.gradle.internal.service.UnknownServiceException                             : loaded 2 times (x 81B)
Class org.gradle.internal.classloader.DefaultClassLoaderFactory                       : loaded 2 times (x 80B)
Class org.gradle.internal.classloader.VisitableURLClassLoader$Spec                    : loaded 2 times (x 72B)
Class org.gradle.api.GradleException                                                  : loaded 2 times (x 80B)
Class org.gradle.api.internal.classpath.ModuleRegistry                                : loaded 2 times (x 68B)
Class org.gradle.api.internal.ClassPathProvider                                       : loaded 2 times (x 68B)
Class org.gradle.internal.classloader.ClasspathUtil$1                                 : loaded 2 times (x 74B)
Class org.gradle.internal.classloader.ClassLoaderFactory                              : loaded 2 times (x 68B)
Class org.gradle.api.internal.classpath.ManifestUtil                                  : loaded 2 times (x 69B)
Class org.gradle.api.specs.Spec                                                       : loaded 2 times (x 68B)
Class org.gradle.internal.IoActions                                                   : loaded 2 times (x 69B)
Class org.gradle.api.internal.classpath.EffectiveClassPath                            : loaded 2 times (x 88B)
Class org.gradle.internal.installation.CurrentGradleInstallation                      : loaded 2 times (x 71B)
Class org.gradle.internal.agents.InstrumentingClassLoader                             : loaded 2 times (x 68B)
Class org.gradle.internal.installation.CurrentGradleInstallationLocator               : loaded 2 times (x 69B)
Class org.gradle.api.internal.classpath.Module                                        : loaded 2 times (x 68B)
Class org.gradle.internal.service.CachingServiceLocator                               : loaded 2 times (x 80B)
Class org.gradle.internal.classpath.DefaultClassPath                                  : loaded 2 times (x 88B)
Class org.gradle.internal.classloader.SystemClassLoaderSpec                           : loaded 2 times (x 69B)
Class org.gradle.api.UncheckedIOException                                             : loaded 2 times (x 80B)
Class org.gradle.internal.classloader.ClasspathUtil                                   : loaded 2 times (x 69B)
Class org.gradle.api.internal.DefaultClassPathRegistry                                : loaded 2 times (x 74B)
Class org.gradle.api.internal.classpath.DefaultModuleRegistry$DefaultModule           : loaded 2 times (x 84B)
Class org.gradle.api.internal.classpath.UnknownModuleException                        : loaded 2 times (x 80B)
Class org.gradle.internal.service.ServiceLookupException                              : loaded 2 times (x 80B)
Class org.gradle.cache.GlobalCache                                                    : loaded 2 times (x 68B)
Class [Lorg.gradle.api.internal.ClassPathProvider;                                    : loaded 2 times (x 67B)
Class org.gradle.util.internal.GUtil                                                  : loaded 2 times (x 69B)
Class org.gradle.internal.classloader.ClassLoaderSpec                                 : loaded 2 times (x 69B)
Class org.gradle.internal.classloader.VisitableURLClassLoader                         : loaded 2 times (x 114B)
Class org.gradle.internal.Cast                                                        : loaded 2 times (x 69B)
Class org.gradle.api.internal.ClassPathRegistry                                       : loaded 2 times (x 68B)
Class org.gradle.internal.classloader.VisitableURLClassLoader$InstrumentingVisitableURLClassLoader: loaded 2 times (x 120B)
Class org.gradle.internal.classloader.ClassLoaderHierarchy                            : loaded 2 times (x 68B)
Class org.gradle.internal.InternalTransformer                                         : loaded 2 times (x 68B)
Class org.gradle.internal.service.ServiceLocator                                      : loaded 2 times (x 68B)
Class org.gradle.internal.classpath.DefaultClassPath$ImmutableUniqueList              : loaded 2 times (x 159B)
Class org.gradle.internal.classpath.TransformedClassPath                              : loaded 2 times (x 94B)


---------------  S Y S T E M  ---------------

OS:
 Windows 11 , 64 bit Build 22621 (10.0.22621.3374)
OS uptime: 11 days 5:23 hours

CPU: total 8 (initial active 8) (4 cores per cpu, 2 threads per core) family 6 model 126 stepping 5 microcode 0xb8, cx8, cmov, fxsr, ht, mmx, 3dnowpref, sse, sse2, sse3, ssse3, sse4.1, sse4.2, popcnt, lzcnt, tsc, tscinvbit, avx, avx2, aes, erms, clmul, bmi1, bmi2, adx, avx512f, avx512dq, avx512cd, avx512bw, avx512vl, sha, fma, vzeroupper, avx512_vpopcntdq, avx512_vpclmulqdq, avx512_vaes, avx512_vnni, clflush, clflushopt, avx512_vbmi2, avx512_vbmi

Memory: 4k page, system-wide physical 7959M (1112M free)
TotalPageFile size 32535M (AvailPageFile size 5M)
current process WorkingSet (physical memory assigned to process): 212M, peak: 212M
current process commit charge ("private bytes"): 251M, peak: 267M

vm_info: OpenJDK 64-Bit Server VM (17.0.7+0-b2043.56-10550314) for windows-amd64 JRE (17.0.7+0-b2043.56-10550314), built on Jul 24 2023 18:27:45 by "androidbuild" with MS VC++ 16.10 / 16.11 (VS2019)

END.
