#
# There is insufficient memory for the Java Runtime Environment to continue.
# Native memory allocation (malloc) failed to allocate 1038416 bytes for Chunk::new
# Possible reasons:
#   The system is out of physical RAM or swap space
#   The process is running with CompressedOops enabled, and the Java Heap may be blocking the growth of the native heap
# Possible solutions:
#   Reduce memory load on the system
#   Increase physical memory or swap space
#   Check if swap backing store is full
#   Decrease Java heap size (-Xmx/-Xms)
#   Decrease number of Java threads
#   Decrease Java thread stack sizes (-Xss)
#   Set larger code cache with -XX:ReservedCodeCacheSize=
#   JVM is running with Unscaled Compressed Oops mode in which the Java heap is
#     placed in the first 4GB address space. The Java Heap base address is the
#     maximum limit for the native heap growth. Please use -XX:HeapBaseMinAddress
#     to set the Java Heap base and to place the Java Heap above 4GB virtual address.
# This output file may be truncated or incomplete.
#
#  Out of Memory Error (arena.cpp:189), pid=14352, tid=12280
#
# JRE version: OpenJDK Runtime Environment (17.0.7) (build 17.0.7+0-b2043.56-10550314)
# Java VM: OpenJDK 64-Bit Server VM (17.0.7+0-b2043.56-10550314, mixed mode, tiered, compressed oops, compressed class ptrs, g1 gc, windows-amd64)
# No core dump will be written. Minidumps are not enabled by default on client versions of Windows
#

---------------  S U M M A R Y ------------

Command Line: --add-opens=java.base/java.util=ALL-UNNAMED --add-opens=java.base/java.lang=ALL-UNNAMED --add-opens=java.base/java.lang.invoke=ALL-UNNAMED --add-opens=java.prefs/java.util.prefs=ALL-UNNAMED --add-opens=java.base/java.nio.charset=ALL-UNNAMED --add-opens=java.base/java.net=ALL-UNNAMED --add-opens=java.base/java.util.concurrent.atomic=ALL-UNNAMED -Xmx2048m -Dfile.encoding=UTF-8 -Duser.country=US -Duser.language=en -Duser.variant -javaagent:C:\Users\hamra\.gradle\wrapper\dists\gradle-8.2-bin\bbg7u40eoinfdyxsxr3z4i7ta\gradle-8.2\lib\agents\gradle-instrumentation-agent-8.2.jar org.gradle.launcher.daemon.bootstrap.GradleDaemon 8.2

Host: Intel(R) Core(TM) i5-1035G1 CPU @ 1.00GHz, 8 cores, 7G,  Windows 11 , 64 bit Build 22621 (10.0.22621.3374)
Time: Sun Apr 21 13:24:46 2024 Jerusalem Daylight Time elapsed time: 5.463462 seconds (0d 0h 0m 5s)

---------------  T H R E A D  ---------------

Current thread (0x0000016a58040220):  JavaThread "C2 CompilerThread0" daemon [_thread_in_native, id=12280, stack(0x000000606b800000,0x000000606b900000)]


Current CompileTask:
C2:   5463 3972       4       jdk.internal.org.objectweb.asm.Frame::execute (2305 bytes)

Stack: [0x000000606b800000,0x000000606b900000]
Native frames: (J=compiled Java code, j=interpreted, Vv=VM code, C=native code)
V  [jvm.dll+0x683bfa]
V  [jvm.dll+0x8430a4]
V  [jvm.dll+0x8449be]
V  [jvm.dll+0x845023]
V  [jvm.dll+0x24ad2f]
V  [jvm.dll+0xac25c]
V  [jvm.dll+0xac82c]
V  [jvm.dll+0x36a132]
V  [jvm.dll+0x1be138]
V  [jvm.dll+0x21d3a9]
V  [jvm.dll+0x21c671]
V  [jvm.dll+0x1a605d]
V  [jvm.dll+0x22c148]
V  [jvm.dll+0x22a209]
V  [jvm.dll+0x7f858c]
V  [jvm.dll+0x7f2aea]
V  [jvm.dll+0x682a35]
C  [ucrtbase.dll+0x29333]
C  [KERNEL32.DLL+0x1257d]
C  [ntdll.dll+0x5aa48]


---------------  P R O C E S S  ---------------

Threads class SMR info:
_java_thread_list=0x0000016a5c90cbc0, length=39, elements={
0x0000016a39c70ac0, 0x0000016a58013020, 0x0000016a58018380, 0x0000016a58035020,
0x0000016a58035cf0, 0x0000016a580378b0, 0x0000016a5803bda0, 0x0000016a58040220,
0x0000016a58044d70, 0x0000016a58045f00, 0x0000016a5803c270, 0x0000016a5803b8d0,
0x0000016a5803aa60, 0x0000016a5803af30, 0x0000016a5803cc10, 0x0000016a5803d0e0,
0x0000016a5803d5b0, 0x0000016a5803c740, 0x0000016a5803b400, 0x0000016a5803da80,
0x0000016a5803df50, 0x0000016a59fb6200, 0x0000016a59fb66d0, 0x0000016a59fb7ee0,
0x0000016a59fb0b60, 0x0000016a59fb2370, 0x0000016a59fb1ea0, 0x0000016a59fb4520,
0x0000016a59fb2d10, 0x0000016a59fb19d0, 0x0000016a59fb7540, 0x0000016a59fb83b0,
0x0000016a59fb4050, 0x0000016a5b76e950, 0x0000016a59fb1030, 0x0000016a59fb7070,
0x0000016a59fb49f0, 0x0000016a59fb31e0, 0x0000016a59fb7a10
}

Java Threads: ( => current thread )
  0x0000016a39c70ac0 JavaThread "main" [_thread_blocked, id=8064, stack(0x000000606ab00000,0x000000606ac00000)]
  0x0000016a58013020 JavaThread "Reference Handler" daemon [_thread_blocked, id=9040, stack(0x000000606b200000,0x000000606b300000)]
  0x0000016a58018380 JavaThread "Finalizer" daemon [_thread_blocked, id=6152, stack(0x000000606b300000,0x000000606b400000)]
  0x0000016a58035020 JavaThread "Signal Dispatcher" daemon [_thread_blocked, id=10628, stack(0x000000606b400000,0x000000606b500000)]
  0x0000016a58035cf0 JavaThread "Attach Listener" daemon [_thread_blocked, id=13320, stack(0x000000606b500000,0x000000606b600000)]
  0x0000016a580378b0 JavaThread "Service Thread" daemon [_thread_blocked, id=6200, stack(0x000000606b600000,0x000000606b700000)]
  0x0000016a5803bda0 JavaThread "Monitor Deflation Thread" daemon [_thread_blocked, id=13344, stack(0x000000606b700000,0x000000606b800000)]
=>0x0000016a58040220 JavaThread "C2 CompilerThread0" daemon [_thread_in_native, id=12280, stack(0x000000606b800000,0x000000606b900000)]
  0x0000016a58044d70 JavaThread "C1 CompilerThread0" daemon [_thread_blocked, id=7712, stack(0x000000606b900000,0x000000606ba00000)]
  0x0000016a58045f00 JavaThread "Sweeper thread" daemon [_thread_blocked, id=3620, stack(0x000000606ba00000,0x000000606bb00000)]
  0x0000016a5803c270 JavaThread "Common-Cleaner" daemon [_thread_blocked, id=2380, stack(0x000000606bb00000,0x000000606bc00000)]
  0x0000016a5803b8d0 JavaThread "Notification Thread" daemon [_thread_blocked, id=9944, stack(0x000000606bc00000,0x000000606bd00000)]
  0x0000016a5803aa60 JavaThread "Daemon health stats" [_thread_blocked, id=14300, stack(0x000000606c400000,0x000000606c500000)]
  0x0000016a5803af30 JavaThread "Incoming local TCP Connector on port 62515" [_thread_in_native, id=10608, stack(0x000000606c500000,0x000000606c600000)]
  0x0000016a5803cc10 JavaThread "Daemon periodic checks" [_thread_blocked, id=8384, stack(0x000000606c600000,0x000000606c700000)]
  0x0000016a5803d0e0 JavaThread "Daemon" [_thread_blocked, id=13192, stack(0x000000606c700000,0x000000606c800000)]
  0x0000016a5803d5b0 JavaThread "Handler for socket connection from /127.0.0.1:62515 to /127.0.0.1:62516" [_thread_in_native, id=3608, stack(0x000000606c800000,0x000000606c900000)]
  0x0000016a5803c740 JavaThread "Cancel handler" [_thread_blocked, id=4816, stack(0x000000606c900000,0x000000606ca00000)]
  0x0000016a5803b400 JavaThread "Daemon worker" [_thread_in_vm, id=3964, stack(0x000000606ca00000,0x000000606cb00000)]
  0x0000016a5803da80 JavaThread "Asynchronous log dispatcher for DefaultDaemonConnection: socket connection from /127.0.0.1:62515 to /127.0.0.1:62516" [_thread_blocked, id=14316, stack(0x000000606cb00000,0x000000606cc00000)]
  0x0000016a5803df50 JavaThread "Stdin handler" [_thread_blocked, id=14576, stack(0x000000606cc00000,0x000000606cd00000)]
  0x0000016a59fb6200 JavaThread "Daemon client event forwarder" [_thread_blocked, id=11228, stack(0x000000606cd00000,0x000000606ce00000)]
  0x0000016a59fb66d0 JavaThread "Cache worker for journal cache (C:\Users\hamra\.gradle\caches\journal-1)" [_thread_blocked, id=12044, stack(0x000000606d200000,0x000000606d300000)]
  0x0000016a59fb7ee0 JavaThread "File lock request listener" [_thread_in_native, id=5868, stack(0x000000606d300000,0x000000606d400000)]
  0x0000016a59fb0b60 JavaThread "Cache worker for file hash cache (C:\Users\hamra\.gradle\caches\8.2\fileHashes)" [_thread_blocked, id=10692, stack(0x000000606d400000,0x000000606d500000)]
  0x0000016a59fb2370 JavaThread "File watcher server" daemon [_thread_in_native, id=2076, stack(0x000000606d500000,0x000000606d600000)]
  0x0000016a59fb1ea0 JavaThread "File watcher consumer" daemon [_thread_blocked, id=6684, stack(0x000000606d600000,0x000000606d700000)]
  0x0000016a59fb4520 JavaThread "Cache worker for checksums cache (C:\Users\hamra\Desktop\cs_bagrut_project\.gradle\8.2\checksums)" [_thread_blocked, id=3856, stack(0x000000606bf00000,0x000000606c000000)]
  0x0000016a59fb2d10 JavaThread "Cache worker for cache directory md-rule (C:\Users\hamra\.gradle\caches\8.2\md-rule)" [_thread_blocked, id=3076, stack(0x000000606d700000,0x000000606d800000)]
  0x0000016a59fb19d0 JavaThread "Cache worker for file content cache (C:\Users\hamra\.gradle\caches\8.2\fileContent)" [_thread_blocked, id=4104, stack(0x000000606d800000,0x000000606d900000)]
  0x0000016a59fb7540 JavaThread "Cache worker for file hash cache (C:\Users\hamra\Desktop\cs_bagrut_project\.gradle\8.2\fileHashes)" [_thread_blocked, id=6524, stack(0x000000606d900000,0x000000606da00000)]
  0x0000016a59fb83b0 JavaThread "Cache worker for cache directory md-supplier (C:\Users\hamra\.gradle\caches\8.2\md-supplier)" [_thread_blocked, id=11604, stack(0x000000606be00000,0x000000606bf00000)]
  0x0000016a59fb4050 JavaThread "Cache worker for execution history cache (C:\Users\hamra\.gradle\caches\8.2\executionHistory)" [_thread_blocked, id=1828, stack(0x000000606da00000,0x000000606db00000)]
  0x0000016a5b76e950 JavaThread "C2 CompilerThread1" daemon [_thread_in_native, id=12568, stack(0x000000606db00000,0x000000606dc00000)]
  0x0000016a59fb1030 JavaThread "jar transforms" [_thread_blocked, id=9376, stack(0x000000606dd00000,0x000000606de00000)]
  0x0000016a59fb7070 JavaThread "jar transforms Thread 2" [_thread_blocked, id=5808, stack(0x000000606df00000,0x000000606e000000)]
  0x0000016a59fb49f0 JavaThread "Cache worker for kotlin-dsl (C:\Users\hamra\.gradle\caches\8.2\kotlin-dsl)" [_thread_blocked, id=14848, stack(0x000000606e000000,0x000000606e100000)]
  0x0000016a59fb31e0 JavaThread "jar transforms Thread 3" [_thread_blocked, id=8160, stack(0x000000606e100000,0x000000606e200000)]
  0x0000016a59fb7a10 JavaThread "jar transforms Thread 4" [_thread_blocked, id=14872, stack(0x000000606e200000,0x000000606e300000)]

Other Threads:
  0x0000016a53aeed30 VMThread "VM Thread" [stack: 0x000000606b100000,0x000000606b200000] [id=10892]
  0x0000016a582837e0 WatcherThread [stack: 0x000000606bd00000,0x000000606be00000] [id=2108]
  0x0000016a39ccbcd0 GCTaskThread "GC Thread#0" [stack: 0x000000606ac00000,0x000000606ad00000] [id=9668]
  0x0000016a58c8b440 GCTaskThread "GC Thread#1" [stack: 0x000000606c000000,0x000000606c100000] [id=7060]
  0x0000016a58c8b6f0 GCTaskThread "GC Thread#2" [stack: 0x000000606c100000,0x000000606c200000] [id=9496]
  0x0000016a58d4fb80 GCTaskThread "GC Thread#3" [stack: 0x000000606c200000,0x000000606c300000] [id=14164]
  0x0000016a58d49c20 GCTaskThread "GC Thread#4" [stack: 0x000000606c300000,0x000000606c400000] [id=12944]
  0x0000016a59718600 GCTaskThread "GC Thread#5" [stack: 0x000000606ce00000,0x000000606cf00000] [id=13920]
  0x0000016a597175e0 GCTaskThread "GC Thread#6" [stack: 0x000000606cf00000,0x000000606d000000] [id=8972]
  0x0000016a59716dd0 GCTaskThread "GC Thread#7" [stack: 0x000000606d000000,0x000000606d100000] [id=9320]
  0x0000016a39cdcc10 ConcurrentGCThread "G1 Main Marker" [stack: 0x000000606ad00000,0x000000606ae00000] [id=15052]
  0x0000016a39cdd620 ConcurrentGCThread "G1 Conc#0" [stack: 0x000000606ae00000,0x000000606af00000] [id=12480]
  0x0000016a59717330 ConcurrentGCThread "G1 Conc#1" [stack: 0x000000606d100000,0x000000606d200000] [id=6396]
  0x0000016a39d2d610 ConcurrentGCThread "G1 Refine#0" [stack: 0x000000606af00000,0x000000606b000000] [id=1196]
  0x0000016a5b560d00 ConcurrentGCThread "G1 Refine#1" [stack: 0x000000606dc00000,0x000000606dd00000] [id=1648]
  0x0000016a39d2e7d0 ConcurrentGCThread "G1 Service" [stack: 0x000000606b000000,0x000000606b100000] [id=11004]

Threads with active compile tasks:
C2 CompilerThread0     5490 3972       4       jdk.internal.org.objectweb.asm.Frame::execute (2305 bytes)
C2 CompilerThread1     5490 4028  s!   4       jdk.internal.loader.URLClassPath::getLoader (194 bytes)

VM state: not at safepoint (normal execution)

VM Mutex/Monitor currently owned by a thread:  ([mutex/lock_event])
[0x0000016a39c6c000] Metaspace_lock - owner thread: 0x0000016a5803b400

Heap address: 0x0000000080000000, size: 2048 MB, Compressed Oops mode: 32-bit

CDS archive(s) not mapped
Compressed class space mapped at: 0x0000000100000000-0x0000000140000000, reserved size: 1073741824
Narrow klass base: 0x0000000000000000, Narrow klass shift: 3, Narrow klass range: 0x140000000

GC Precious Log:
 CPUs: 8 total, 8 available
 Memory: 7959M
 Large Page Support: Disabled
 NUMA Support: Disabled
 Compressed Oops: Enabled (32-bit)
 Heap Region Size: 1M
 Heap Min Capacity: 8M
 Heap Initial Capacity: 126M
 Heap Max Capacity: 2G
 Pre-touch: Disabled
 Parallel Workers: 8
 Concurrent Workers: 2
 Concurrent Refinement Workers: 8
 Periodic GC: Disabled

Heap:
 garbage-first heap   total 82944K, used 47569K [0x0000000080000000, 0x0000000100000000)
  region size 1024K, 19 young (19456K), 2 survivors (2048K)
 Metaspace       used 47036K, committed 47424K, reserved 1114112K
  class space    used 6219K, committed 6400K, reserved 1048576K

Heap Regions: E=young(eden), S=young(survivor), O=old, HS=humongous(starts), HC=humongous(continues), CS=collection set, F=free, OA=open archive, CA=closed archive, TAMS=top-at-mark-start (previous, next)
|   0|0x0000000080000000, 0x0000000080100000, 0x0000000080100000|100%|HS|  |TAMS 0x0000000080100000, 0x0000000080000000| Complete 
|   1|0x0000000080100000, 0x0000000080200000, 0x0000000080200000|100%|HC|  |TAMS 0x0000000080200000, 0x0000000080100000| Complete 
|   2|0x0000000080200000, 0x0000000080300000, 0x0000000080300000|100%|HC|  |TAMS 0x0000000080300000, 0x0000000080200000| Complete 
|   3|0x0000000080300000, 0x0000000080400000, 0x0000000080400000|100%|HC|  |TAMS 0x0000000080400000, 0x0000000080300000| Complete 
|   4|0x0000000080400000, 0x0000000080500000, 0x0000000080500000|100%| O|  |TAMS 0x0000000080500000, 0x0000000080400000| Untracked 
|   5|0x0000000080500000, 0x0000000080600000, 0x0000000080600000|100%| O|  |TAMS 0x0000000080600000, 0x0000000080500000| Untracked 
|   6|0x0000000080600000, 0x0000000080700000, 0x0000000080700000|100%| O|  |TAMS 0x0000000080700000, 0x0000000080600000| Untracked 
|   7|0x0000000080700000, 0x0000000080800000, 0x0000000080800000|100%| O|  |TAMS 0x0000000080800000, 0x0000000080700000| Untracked 
|   8|0x0000000080800000, 0x0000000080900000, 0x0000000080900000|100%| O|  |TAMS 0x0000000080900000, 0x0000000080800000| Untracked 
|   9|0x0000000080900000, 0x0000000080a00000, 0x0000000080a00000|100%| O|  |TAMS 0x0000000080a00000, 0x0000000080900000| Untracked 
|  10|0x0000000080a00000, 0x0000000080b00000, 0x0000000080b00000|100%| O|  |TAMS 0x0000000080b00000, 0x0000000080a00000| Untracked 
|  11|0x0000000080b00000, 0x0000000080b56400, 0x0000000080c00000| 33%| O|  |TAMS 0x0000000080b56400, 0x0000000080b00000| Untracked 
|  12|0x0000000080c00000, 0x0000000080d00000, 0x0000000080d00000|100%| O|  |TAMS 0x0000000080d00000, 0x0000000080c00000| Untracked 
|  13|0x0000000080d00000, 0x0000000080e00000, 0x0000000080e00000|100%| O|  |TAMS 0x0000000080e00000, 0x0000000080d00000| Untracked 
|  14|0x0000000080e00000, 0x0000000080f00000, 0x0000000080f00000|100%| O|  |TAMS 0x0000000080f00000, 0x0000000080e00000| Untracked 
|  15|0x0000000080f00000, 0x0000000081000000, 0x0000000081000000|100%| O|  |TAMS 0x0000000081000000, 0x0000000080f00000| Untracked 
|  16|0x0000000081000000, 0x0000000081100000, 0x0000000081100000|100%| O|  |TAMS 0x0000000081100000, 0x0000000081000000| Untracked 
|  17|0x0000000081100000, 0x0000000081200000, 0x0000000081200000|100%| O|  |TAMS 0x0000000081200000, 0x0000000081100000| Untracked 
|  18|0x0000000081200000, 0x0000000081300000, 0x0000000081300000|100%| O|  |TAMS 0x0000000081300000, 0x0000000081200000| Untracked 
|  19|0x0000000081300000, 0x0000000081400000, 0x0000000081400000|100%| O|  |TAMS 0x0000000081400000, 0x0000000081300000| Untracked 
|  20|0x0000000081400000, 0x0000000081500000, 0x0000000081500000|100%| O|  |TAMS 0x00000000814b0600, 0x0000000081400000| Untracked 
|  21|0x0000000081500000, 0x0000000081600000, 0x0000000081600000|100%| O|  |TAMS 0x0000000081500000, 0x0000000081500000| Untracked 
|  22|0x0000000081600000, 0x0000000081700000, 0x0000000081700000|100%| O|  |TAMS 0x0000000081600000, 0x0000000081600000| Untracked 
|  23|0x0000000081700000, 0x0000000081800000, 0x0000000081800000|100%| O|  |TAMS 0x0000000081700000, 0x0000000081700000| Untracked 
|  24|0x0000000081800000, 0x0000000081800000, 0x0000000081900000|  0%| F|  |TAMS 0x0000000081800000, 0x0000000081800000| Untracked 
|  25|0x0000000081900000, 0x0000000081900000, 0x0000000081a00000|  0%| F|  |TAMS 0x0000000081900000, 0x0000000081900000| Untracked 
|  26|0x0000000081a00000, 0x0000000081b00000, 0x0000000081b00000|100%| O|  |TAMS 0x0000000081a00000, 0x0000000081a00000| Untracked 
|  27|0x0000000081b00000, 0x0000000081bd1600, 0x0000000081c00000| 81%| O|  |TAMS 0x0000000081b00000, 0x0000000081b00000| Untracked 
|  28|0x0000000081c00000, 0x0000000081c00000, 0x0000000081d00000|  0%| F|  |TAMS 0x0000000081c00000, 0x0000000081c00000| Untracked 
|  29|0x0000000081d00000, 0x0000000081e00000, 0x0000000081e00000|100%| O|  |TAMS 0x0000000081d00000, 0x0000000081d00000| Untracked 
|  30|0x0000000081e00000, 0x0000000081f00000, 0x0000000081f00000|100%| O|  |TAMS 0x0000000081e00000, 0x0000000081e00000| Untracked 
|  31|0x0000000081f00000, 0x0000000082000000, 0x0000000082000000|100%| O|  |TAMS 0x0000000081f00000, 0x0000000081f00000| Untracked 
|  32|0x0000000082000000, 0x0000000082100000, 0x0000000082100000|100%| O|  |TAMS 0x0000000082000000, 0x0000000082000000| Untracked 
|  33|0x0000000082100000, 0x0000000082100000, 0x0000000082200000|  0%| F|  |TAMS 0x0000000082100000, 0x0000000082100000| Untracked 
|  34|0x0000000082200000, 0x0000000082200000, 0x0000000082300000|  0%| F|  |TAMS 0x0000000082200000, 0x0000000082200000| Untracked 
|  35|0x0000000082300000, 0x0000000082300000, 0x0000000082400000|  0%| F|  |TAMS 0x0000000082300000, 0x0000000082300000| Untracked 
|  36|0x0000000082400000, 0x0000000082400000, 0x0000000082500000|  0%| F|  |TAMS 0x0000000082400000, 0x0000000082400000| Untracked 
|  37|0x0000000082500000, 0x0000000082500000, 0x0000000082600000|  0%| F|  |TAMS 0x0000000082500000, 0x0000000082500000| Untracked 
|  38|0x0000000082600000, 0x0000000082600000, 0x0000000082700000|  0%| F|  |TAMS 0x0000000082600000, 0x0000000082600000| Untracked 
|  39|0x0000000082700000, 0x0000000082700000, 0x0000000082800000|  0%| F|  |TAMS 0x0000000082700000, 0x0000000082700000| Untracked 
|  40|0x0000000082800000, 0x0000000082800000, 0x0000000082900000|  0%| F|  |TAMS 0x0000000082800000, 0x0000000082800000| Untracked 
|  41|0x0000000082900000, 0x0000000082900000, 0x0000000082a00000|  0%| F|  |TAMS 0x0000000082900000, 0x0000000082900000| Untracked 
|  42|0x0000000082a00000, 0x0000000082a00000, 0x0000000082b00000|  0%| F|  |TAMS 0x0000000082a00000, 0x0000000082a00000| Untracked 
|  43|0x0000000082b00000, 0x0000000082b4ca68, 0x0000000082c00000| 29%| S|CS|TAMS 0x0000000082b00000, 0x0000000082b00000| Complete 
|  44|0x0000000082c00000, 0x0000000082d00000, 0x0000000082d00000|100%| S|CS|TAMS 0x0000000082c00000, 0x0000000082c00000| Complete 
|  45|0x0000000082d00000, 0x0000000082d00000, 0x0000000082e00000|  0%| F|  |TAMS 0x0000000082d00000, 0x0000000082d00000| Untracked 
|  46|0x0000000082e00000, 0x0000000082e00000, 0x0000000082f00000|  0%| F|  |TAMS 0x0000000082e00000, 0x0000000082e00000| Untracked 
|  47|0x0000000082f00000, 0x0000000082f00000, 0x0000000083000000|  0%| F|  |TAMS 0x0000000082f00000, 0x0000000082f00000| Untracked 
|  48|0x0000000083000000, 0x0000000083000000, 0x0000000083100000|  0%| F|  |TAMS 0x0000000083000000, 0x0000000083000000| Untracked 
|  49|0x0000000083100000, 0x0000000083100000, 0x0000000083200000|  0%| F|  |TAMS 0x0000000083100000, 0x0000000083100000| Untracked 
|  50|0x0000000083200000, 0x0000000083200000, 0x0000000083300000|  0%| F|  |TAMS 0x0000000083200000, 0x0000000083200000| Untracked 
|  51|0x0000000083300000, 0x0000000083300000, 0x0000000083400000|  0%| F|  |TAMS 0x0000000083300000, 0x0000000083300000| Untracked 
|  52|0x0000000083400000, 0x0000000083400000, 0x0000000083500000|  0%| F|  |TAMS 0x0000000083400000, 0x0000000083400000| Untracked 
|  53|0x0000000083500000, 0x0000000083500000, 0x0000000083600000|  0%| F|  |TAMS 0x0000000083500000, 0x0000000083500000| Untracked 
|  54|0x0000000083600000, 0x0000000083600000, 0x0000000083700000|  0%| F|  |TAMS 0x0000000083600000, 0x0000000083600000| Untracked 
|  55|0x0000000083700000, 0x0000000083700000, 0x0000000083800000|  0%| F|  |TAMS 0x0000000083700000, 0x0000000083700000| Untracked 
|  56|0x0000000083800000, 0x0000000083800000, 0x0000000083900000|  0%| F|  |TAMS 0x0000000083800000, 0x0000000083800000| Untracked 
|  57|0x0000000083900000, 0x0000000083900000, 0x0000000083a00000|  0%| F|  |TAMS 0x0000000083900000, 0x0000000083900000| Untracked 
|  58|0x0000000083a00000, 0x0000000083a00000, 0x0000000083b00000|  0%| F|  |TAMS 0x0000000083a00000, 0x0000000083a00000| Untracked 
|  59|0x0000000083b00000, 0x0000000083b00000, 0x0000000083c00000|  0%| F|  |TAMS 0x0000000083b00000, 0x0000000083b00000| Untracked 
|  60|0x0000000083c00000, 0x0000000083c00000, 0x0000000083d00000|  0%| F|  |TAMS 0x0000000083c00000, 0x0000000083c00000| Untracked 
|  61|0x0000000083d00000, 0x0000000083d00000, 0x0000000083e00000|  0%| F|  |TAMS 0x0000000083d00000, 0x0000000083d00000| Untracked 
|  62|0x0000000083e00000, 0x0000000083e00000, 0x0000000083f00000|  0%| F|  |TAMS 0x0000000083e00000, 0x0000000083e00000| Untracked 
|  63|0x0000000083f00000, 0x0000000083f00000, 0x0000000084000000|  0%| F|  |TAMS 0x0000000083f00000, 0x0000000083f00000| Untracked 
|  64|0x0000000084000000, 0x0000000084084668, 0x0000000084100000| 51%| E|  |TAMS 0x0000000084000000, 0x0000000084000000| Complete 
|  65|0x0000000084100000, 0x0000000084200000, 0x0000000084200000|100%| E|CS|TAMS 0x0000000084100000, 0x0000000084100000| Complete 
|  66|0x0000000084200000, 0x0000000084300000, 0x0000000084300000|100%| E|CS|TAMS 0x0000000084200000, 0x0000000084200000| Complete 
|  67|0x0000000084300000, 0x0000000084400000, 0x0000000084400000|100%| E|CS|TAMS 0x0000000084300000, 0x0000000084300000| Complete 
|  68|0x0000000084400000, 0x0000000084500000, 0x0000000084500000|100%| E|CS|TAMS 0x0000000084400000, 0x0000000084400000| Complete 
|  69|0x0000000084500000, 0x0000000084600000, 0x0000000084600000|100%| E|CS|TAMS 0x0000000084500000, 0x0000000084500000| Complete 
|  70|0x0000000084600000, 0x0000000084700000, 0x0000000084700000|100%| E|CS|TAMS 0x0000000084600000, 0x0000000084600000| Complete 
|  71|0x0000000084700000, 0x0000000084800000, 0x0000000084800000|100%| E|CS|TAMS 0x0000000084700000, 0x0000000084700000| Complete 
|  72|0x0000000084800000, 0x0000000084900000, 0x0000000084900000|100%| E|CS|TAMS 0x0000000084800000, 0x0000000084800000| Complete 
|  73|0x0000000084900000, 0x0000000084a00000, 0x0000000084a00000|100%| E|CS|TAMS 0x0000000084900000, 0x0000000084900000| Complete 
|  74|0x0000000084a00000, 0x0000000084b00000, 0x0000000084b00000|100%| E|CS|TAMS 0x0000000084a00000, 0x0000000084a00000| Complete 
|  75|0x0000000084b00000, 0x0000000084c00000, 0x0000000084c00000|100%| E|CS|TAMS 0x0000000084b00000, 0x0000000084b00000| Complete 
|  76|0x0000000084c00000, 0x0000000084d00000, 0x0000000084d00000|100%| E|CS|TAMS 0x0000000084c00000, 0x0000000084c00000| Complete 
|  77|0x0000000084d00000, 0x0000000084e00000, 0x0000000084e00000|100%| E|CS|TAMS 0x0000000084d00000, 0x0000000084d00000| Complete 
|  78|0x0000000084e00000, 0x0000000084f00000, 0x0000000084f00000|100%| E|CS|TAMS 0x0000000084e00000, 0x0000000084e00000| Complete 
|  79|0x0000000084f00000, 0x0000000085000000, 0x0000000085000000|100%| E|CS|TAMS 0x0000000084f00000, 0x0000000084f00000| Complete 
| 125|0x0000000087d00000, 0x0000000087e00000, 0x0000000087e00000|100%| E|CS|TAMS 0x0000000087d00000, 0x0000000087d00000| Complete 

Card table byte_map: [0x0000016a4c870000,0x0000016a4cc70000] _byte_map_base: 0x0000016a4c470000

Marking Bits (Prev, Next): (CMBitMap*) 0x0000016a39ccc2e0, (CMBitMap*) 0x0000016a39ccc320
 Prev Bits: [0x0000016a4d070000, 0x0000016a4f070000)
 Next Bits: [0x0000016a4f070000, 0x0000016a51070000)

Polling page: 0x0000016a37de0000

Metaspace:

Usage:
  Non-class:     39.86 MB used.
      Class:      6.07 MB used.
       Both:     45.93 MB used.

Virtual space:
  Non-class space:       64.00 MB reserved,      40.06 MB ( 63%) committed,  1 nodes.
      Class space:        1.00 GB reserved,       6.25 MB ( <1%) committed,  1 nodes.
             Both:        1.06 GB reserved,      46.31 MB (  4%) committed. 

Chunk freelists:
   Non-Class:  7.67 MB
       Class:  9.76 MB
        Both:  17.44 MB

MaxMetaspaceSize: unlimited
CompressedClassSpaceSize: 1.00 GB
Initial GC threshold: 21.00 MB
Current GC threshold: 58.88 MB
CDS: off
MetaspaceReclaimPolicy: balanced
 - commit_granule_bytes: 65536.
 - commit_granule_words: 8192.
 - virtual_space_node_default_size: 8388608.
 - enlarge_chunks_in_place: 1.
 - new_chunks_are_fully_committed: 0.
 - uncommit_free_chunks: 1.
 - use_allocation_guard: 0.
 - handle_deallocations: 1.


Internal statistics:

num_allocs_failed_limit: 6.
num_arena_births: 476.
num_arena_deaths: 0.
num_vsnodes_births: 2.
num_vsnodes_deaths: 0.
num_space_committed: 741.
num_space_uncommitted: 0.
num_chunks_returned_to_freelist: 6.
num_chunks_taken_from_freelist: 1862.
num_chunk_merges: 6.
num_chunk_splits: 1263.
num_chunks_enlarged: 897.
num_inconsistent_stats: 0.

CodeHeap 'non-profiled nmethods': size=120000Kb used=2420Kb max_used=2420Kb free=117579Kb
 bounds [0x0000016a44c10000, 0x0000016a44e80000, 0x0000016a4c140000]
CodeHeap 'profiled nmethods': size=120000Kb used=8307Kb max_used=8307Kb free=111692Kb
 bounds [0x0000016a3d140000, 0x0000016a3d960000, 0x0000016a44670000]
CodeHeap 'non-nmethods': size=5760Kb used=2303Kb max_used=2362Kb free=3456Kb
 bounds [0x0000016a44670000, 0x0000016a448e0000, 0x0000016a44c10000]
 total_blobs=4856 nmethods=4050 adapters=717
 compilation: enabled
              stopped_count=0, restarted_count=0
 full_count=0

Compilation events (20 events):
Event: 5.441 Thread 0x0000016a58044d70 4039       3       com.google.common.collect.Hashing::closedTableSize (37 bytes)
Event: 5.442 Thread 0x0000016a58044d70 nmethod 4039 0x0000016a3d952090 code [0x0000016a3d952260, 0x0000016a3d9525a8]
Event: 5.442 Thread 0x0000016a58044d70 4041       3       org.gradle.internal.instantiation.generator.AbstractClassGenerator$PropertyMetadata$$Lambda$116/0x0000000100266000::get (12 bytes)
Event: 5.442 Thread 0x0000016a58044d70 nmethod 4041 0x0000016a3d952710 code [0x0000016a3d952940, 0x0000016a3d9531a8]
Event: 5.442 Thread 0x0000016a58044d70 4042       3       org.gradle.internal.instantiation.generator.AbstractClassGenerator$PropertyMetadata::lambda$findAnnotation$1 (6 bytes)
Event: 5.443 Thread 0x0000016a58044d70 nmethod 4042 0x0000016a3d953510 code [0x0000016a3d953740, 0x0000016a3d953f28]
Event: 5.443 Thread 0x0000016a58044d70 4043       3       org.gradle.internal.instantiation.generator.AbstractClassGenerator$PropertyMetadata::getterAnnotationOf (12 bytes)
Event: 5.443 Thread 0x0000016a58044d70 nmethod 4043 0x0000016a3d954210 code [0x0000016a3d954440, 0x0000016a3d954bc8]
Event: 5.443 Thread 0x0000016a58044d70 4044       3       org.gradle.internal.instantiation.generator.AsmBackedClassGenerator::access$200 (5 bytes)
Event: 5.443 Thread 0x0000016a58044d70 nmethod 4044 0x0000016a3d954e90 code [0x0000016a3d9550a0, 0x0000016a3d955588]
Event: 5.443 Thread 0x0000016a58044d70 4045       3       org.gradle.internal.instantiation.generator.AsmBackedClassGenerator::propFieldName (8 bytes)
Event: 5.444 Thread 0x0000016a58044d70 nmethod 4045 0x0000016a3d955810 code [0x0000016a3d955a20, 0x0000016a3d955ea8]
Event: 5.444 Thread 0x0000016a58044d70 4046       3       org.gradle.internal.instantiation.generator.AsmBackedClassGenerator::propFieldName (25 bytes)
Event: 5.444 Thread 0x0000016a58044d70 nmethod 4046 0x0000016a3d956110 code [0x0000016a3d956340, 0x0000016a3d956918]
Event: 5.444 Thread 0x0000016a58044d70 4047       3       com.google.common.collect.AbstractMapBasedMultimap$WrappedCollection::refreshIfEmpty (78 bytes)
Event: 5.445 Thread 0x0000016a58044d70 nmethod 4047 0x0000016a3d956b10 code [0x0000016a3d956d00, 0x0000016a3d957438]
Event: 5.445 Thread 0x0000016a58044d70 4040       1       com.google.common.collect.LinkedHashMultimap$ValueEntry::setSuccessorInValueSet (6 bytes)
Event: 5.445 Thread 0x0000016a58044d70 nmethod 4040 0x0000016a44e6ca90 code [0x0000016a44e6cc20, 0x0000016a44e6cd38]
Event: 5.462 Thread 0x0000016a58044d70 4048       3       java.util.Collections::addAll (43 bytes)
Event: 5.462 Thread 0x0000016a58044d70 nmethod 4048 0x0000016a3d957690 code [0x0000016a3d957840, 0x0000016a3d957ae8]

GC Heap History (20 events):
Event: 0.610 GC heap before
{Heap before GC invocations=0 (full 0):
 garbage-first heap   total 129024K, used 26624K [0x0000000080000000, 0x0000000100000000)
  region size 1024K, 23 young (23552K), 0 survivors (0K)
 Metaspace       used 10466K, committed 10688K, reserved 1114112K
  class space    used 1088K, committed 1216K, reserved 1048576K
}
Event: 0.614 GC heap after
{Heap after GC invocations=1 (full 0):
 garbage-first heap   total 129024K, used 10389K [0x0000000080000000, 0x0000000100000000)
  region size 1024K, 3 young (3072K), 3 survivors (3072K)
 Metaspace       used 10466K, committed 10688K, reserved 1114112K
  class space    used 1088K, committed 1216K, reserved 1048576K
}
Event: 0.899 GC heap before
{Heap before GC invocations=1 (full 0):
 garbage-first heap   total 129024K, used 40085K [0x0000000080000000, 0x0000000100000000)
  region size 1024K, 31 young (31744K), 3 survivors (3072K)
 Metaspace       used 11439K, committed 11648K, reserved 1114112K
  class space    used 1194K, committed 1280K, reserved 1048576K
}
Event: 0.904 GC heap after
{Heap after GC invocations=2 (full 0):
 garbage-first heap   total 129024K, used 13152K [0x0000000080000000, 0x0000000100000000)
  region size 1024K, 3 young (3072K), 3 survivors (3072K)
 Metaspace       used 11439K, committed 11648K, reserved 1114112K
  class space    used 1194K, committed 1280K, reserved 1048576K
}
Event: 1.930 GC heap before
{Heap before GC invocations=2 (full 0):
 garbage-first heap   total 129024K, used 56160K [0x0000000080000000, 0x0000000100000000)
  region size 1024K, 47 young (48128K), 3 survivors (3072K)
 Metaspace       used 21289K, committed 21504K, reserved 1114112K
  class space    used 2583K, committed 2688K, reserved 1048576K
}
Event: 1.937 GC heap after
{Heap after GC invocations=3 (full 0):
 garbage-first heap   total 129024K, used 18499K [0x0000000080000000, 0x0000000100000000)
  region size 1024K, 8 young (8192K), 8 survivors (8192K)
 Metaspace       used 21289K, committed 21504K, reserved 1114112K
  class space    used 2583K, committed 2688K, reserved 1048576K
}
Event: 2.524 GC heap before
{Heap before GC invocations=4 (full 0):
 garbage-first heap   total 68608K, used 50243K [0x0000000080000000, 0x0000000100000000)
  region size 1024K, 40 young (40960K), 8 survivors (8192K)
 Metaspace       used 25921K, committed 26176K, reserved 1114112K
  class space    used 3394K, committed 3520K, reserved 1048576K
}
Event: 2.529 GC heap after
{Heap after GC invocations=5 (full 0):
 garbage-first heap   total 68608K, used 20958K [0x0000000080000000, 0x0000000100000000)
  region size 1024K, 3 young (3072K), 3 survivors (3072K)
 Metaspace       used 25921K, committed 26176K, reserved 1114112K
  class space    used 3394K, committed 3520K, reserved 1048576K
}
Event: 3.282 GC heap before
{Heap before GC invocations=5 (full 0):
 garbage-first heap   total 68608K, used 47582K [0x0000000080000000, 0x0000000100000000)
  region size 1024K, 29 young (29696K), 3 survivors (3072K)
 Metaspace       used 29657K, committed 29952K, reserved 1114112K
  class space    used 3990K, committed 4096K, reserved 1048576K
}
Event: 3.286 GC heap after
{Heap after GC invocations=6 (full 0):
 garbage-first heap   total 68608K, used 22129K [0x0000000080000000, 0x0000000100000000)
  region size 1024K, 4 young (4096K), 4 survivors (4096K)
 Metaspace       used 29657K, committed 29952K, reserved 1114112K
  class space    used 3990K, committed 4096K, reserved 1048576K
}
Event: 3.772 GC heap before
{Heap before GC invocations=6 (full 0):
 garbage-first heap   total 68608K, used 49777K [0x0000000080000000, 0x0000000100000000)
  region size 1024K, 31 young (31744K), 4 survivors (4096K)
 Metaspace       used 33254K, committed 33536K, reserved 1114112K
  class space    used 4568K, committed 4672K, reserved 1048576K
}
Event: 3.775 GC heap after
{Heap after GC invocations=7 (full 0):
 garbage-first heap   total 68608K, used 23252K [0x0000000080000000, 0x0000000100000000)
  region size 1024K, 3 young (3072K), 3 survivors (3072K)
 Metaspace       used 33254K, committed 33536K, reserved 1114112K
  class space    used 4568K, committed 4672K, reserved 1048576K
}
Event: 4.061 GC heap before
{Heap before GC invocations=7 (full 0):
 garbage-first heap   total 68608K, used 36564K [0x0000000080000000, 0x0000000100000000)
  region size 1024K, 17 young (17408K), 3 survivors (3072K)
 Metaspace       used 35673K, committed 35968K, reserved 1114112K
  class space    used 4946K, committed 5120K, reserved 1048576K
}
Event: 4.064 GC heap after
{Heap after GC invocations=8 (full 0):
 garbage-first heap   total 68608K, used 24444K [0x0000000080000000, 0x0000000100000000)
  region size 1024K, 3 young (3072K), 3 survivors (3072K)
 Metaspace       used 35673K, committed 35968K, reserved 1114112K
  class space    used 4946K, committed 5120K, reserved 1048576K
}
Event: 4.561 GC heap before
{Heap before GC invocations=9 (full 0):
 garbage-first heap   total 68608K, used 50044K [0x0000000080000000, 0x0000000100000000)
  region size 1024K, 29 young (29696K), 3 survivors (3072K)
 Metaspace       used 41096K, committed 41472K, reserved 1114112K
  class space    used 5474K, committed 5632K, reserved 1048576K
}
Event: 4.567 GC heap after
{Heap after GC invocations=10 (full 0):
 garbage-first heap   total 68608K, used 27845K [0x0000000080000000, 0x0000000100000000)
  region size 1024K, 4 young (4096K), 4 survivors (4096K)
 Metaspace       used 41096K, committed 41472K, reserved 1114112K
  class space    used 5474K, committed 5632K, reserved 1048576K
}
Event: 4.868 GC heap before
{Heap before GC invocations=10 (full 0):
 garbage-first heap   total 68608K, used 57541K [0x0000000080000000, 0x0000000100000000)
  region size 1024K, 28 young (28672K), 4 survivors (4096K)
 Metaspace       used 43132K, committed 43520K, reserved 1114112K
  class space    used 5653K, committed 5824K, reserved 1048576K
}
Event: 4.873 GC heap after
{Heap after GC invocations=11 (full 0):
 garbage-first heap   total 68608K, used 29929K [0x0000000080000000, 0x0000000100000000)
  region size 1024K, 3 young (3072K), 3 survivors (3072K)
 Metaspace       used 43132K, committed 43520K, reserved 1114112K
  class space    used 5653K, committed 5824K, reserved 1048576K
}
Event: 5.195 GC heap before
{Heap before GC invocations=11 (full 0):
 garbage-first heap   total 68608K, used 53481K [0x0000000080000000, 0x0000000100000000)
  region size 1024K, 25 young (25600K), 3 survivors (3072K)
 Metaspace       used 45132K, committed 45568K, reserved 1114112K
  class space    used 5861K, committed 6080K, reserved 1048576K
}
Event: 5.197 GC heap after
{Heap after GC invocations=12 (full 0):
 garbage-first heap   total 82944K, used 31185K [0x0000000080000000, 0x0000000100000000)
  region size 1024K, 2 young (2048K), 2 survivors (2048K)
 Metaspace       used 45132K, committed 45568K, reserved 1114112K
  class space    used 5861K, committed 6080K, reserved 1048576K
}

Dll operation events (3 events):
Event: 0.010 Loaded shared library C:\Program Files\Android\Android Studio\jbr\bin\java.dll
Event: 0.167 Loaded shared library C:\Program Files\Android\Android Studio\jbr\bin\zip.dll
Event: 0.369 Loaded shared library C:\Program Files\Android\Android Studio\jbr\bin\verify.dll

Deoptimization events (20 events):
Event: 5.355 Thread 0x0000016a5803b400 Uncommon trap: trap_request=0xffffff76 fr.pc=0x0000016a44e0d7cc relative=0x00000000000001ac
Event: 5.355 Thread 0x0000016a5803b400 Uncommon trap: reason=predicate action=maybe_recompile pc=0x0000016a44e0d7cc method=sun.instrument.TransformerManager.transform(Ljava/lang/Module;Ljava/lang/ClassLoader;Ljava/lang/String;Ljava/lang/Class;Ljava/security/ProtectionDomain;[B)[B @ 21 c2
Event: 5.355 Thread 0x0000016a5803b400 DEOPT PACKING pc=0x0000016a44e0d7cc sp=0x000000606caf81d0
Event: 5.355 Thread 0x0000016a5803b400 DEOPT UNPACKING pc=0x0000016a446ca1a3 sp=0x000000606caf8178 mode 2
Event: 5.411 Thread 0x0000016a5803b400 Uncommon trap: trap_request=0xffffffde fr.pc=0x0000016a44dcda44 relative=0x00000000000058c4
Event: 5.411 Thread 0x0000016a5803b400 Uncommon trap: reason=class_check action=maybe_recompile pc=0x0000016a44dcda44 method=jdk.internal.loader.URLClassPath.getLoader(I)Ljdk/internal/loader/URLClassPath$Loader; @ 190 c2
Event: 5.411 Thread 0x0000016a5803b400 DEOPT PACKING pc=0x0000016a44dcda44 sp=0x000000606caf9390
Event: 5.411 Thread 0x0000016a5803b400 DEOPT UNPACKING pc=0x0000016a446ca1a3 sp=0x000000606caf93b0 mode 2
Event: 5.412 Thread 0x0000016a5803b400 Uncommon trap: trap_request=0xffffffde fr.pc=0x0000016a44e0b024 relative=0x0000000000000504
Event: 5.412 Thread 0x0000016a5803b400 Uncommon trap: reason=class_check action=maybe_recompile pc=0x0000016a44e0b024 method=jdk.internal.loader.URLClassPath.getResource(Ljava/lang/String;Z)Ljdk/internal/loader/Resource; @ 53 c2
Event: 5.412 Thread 0x0000016a5803b400 DEOPT PACKING pc=0x0000016a44e0b024 sp=0x000000606caf9480
Event: 5.412 Thread 0x0000016a5803b400 DEOPT UNPACKING pc=0x0000016a446ca1a3 sp=0x000000606caf9440 mode 2
Event: 5.417 Thread 0x0000016a5803b400 Uncommon trap: trap_request=0xffffffde fr.pc=0x0000016a44dcda44 relative=0x00000000000058c4
Event: 5.417 Thread 0x0000016a5803b400 Uncommon trap: reason=class_check action=maybe_recompile pc=0x0000016a44dcda44 method=jdk.internal.loader.URLClassPath.getLoader(I)Ljdk/internal/loader/URLClassPath$Loader; @ 190 c2
Event: 5.417 Thread 0x0000016a5803b400 DEOPT PACKING pc=0x0000016a44dcda44 sp=0x000000606caf9250
Event: 5.417 Thread 0x0000016a5803b400 DEOPT UNPACKING pc=0x0000016a446ca1a3 sp=0x000000606caf9270 mode 2
Event: 5.417 Thread 0x0000016a5803b400 Uncommon trap: trap_request=0xffffffde fr.pc=0x0000016a44e0b024 relative=0x0000000000000504
Event: 5.417 Thread 0x0000016a5803b400 Uncommon trap: reason=class_check action=maybe_recompile pc=0x0000016a44e0b024 method=jdk.internal.loader.URLClassPath.getResource(Ljava/lang/String;Z)Ljdk/internal/loader/Resource; @ 53 c2
Event: 5.417 Thread 0x0000016a5803b400 DEOPT PACKING pc=0x0000016a44e0b024 sp=0x000000606caf9340
Event: 5.417 Thread 0x0000016a5803b400 DEOPT UNPACKING pc=0x0000016a446ca1a3 sp=0x000000606caf9300 mode 2

Classes unloaded (0 events):
No events

Classes redefined (0 events):
No events

Internal exceptions (20 events):
Event: 4.893 Thread 0x0000016a5803b400 Exception <a 'sun/nio/fs/WindowsException'{0x0000000087d97998}> (0x0000000087d97998) 
thrown [s\src\hotspot\share\prims\jni.cpp, line 517]
Event: 4.913 Thread 0x0000016a5803b400 Exception <a 'java/lang/NoSuchMethodError'{0x0000000084e9fad0}: 'java.lang.Object java.lang.invoke.Invokers$Holder.invoker(java.lang.Object, java.lang.Object, java.lang.Object, java.lang.Object, java.lang.Object, java.lang.Object, java.lang.Object, java.lang.Object, java.lang.Object)'> (0x0000000084e9fad0) 
thrown [s\src\hotspot\share\interpreter\linkResolver.cpp, line 771]
Event: 4.925 Thread 0x0000016a5803b400 Exception <a 'java/lang/NoSuchMethodError'{0x0000000084d53f70}: 'java.lang.Object java.lang.invoke.Invokers$Holder.invoker(java.lang.Object, java.lang.Object, java.lang.Object, java.lang.Object)'> (0x0000000084d53f70) 
thrown [s\src\hotspot\share\interpreter\linkResolver.cpp, line 771]
Event: 4.942 Thread 0x0000016a5803b400 Exception <a 'java/lang/NoSuchMethodError'{0x0000000084c01798}: 'java.lang.Object java.lang.invoke.DelegatingMethodHandle$Holder.reinvoke_L(java.lang.Object, java.lang.Object, java.lang.Object, java.lang.Object, java.lang.Object, java.lang.Object, java.lang.Object, java.lang.Object, java.lang.Object, java.lang.Object, java.lang.Object, java.lang.Object, java.lang.Object, java.lang.Object, java.lang.Object, java.lang.Object, java.lang.Object, java.lang.Object, java.lang.Object, java.lang.Object, java.lang.O
Event: 4.943 Thread 0x0000016a5803b400 Exception <a 'java/lang/NoSuchMethodError'{0x0000000084c0ccb0}: 'java.lang.Object java.lang.invoke.Invokers$Holder.invoker(java.lang.Object, java.lang.Object, java.lang.Object, java.lang.Object, java.lang.Object, java.lang.Object, java.lang.Object, java.lang.Object, java.lang.Object, java.lang.Object, java.lang.Object, java.lang.Object, java.lang.Object, java.lang.Object, java.lang.Object, java.lang.Object, java.lang.Object, java.lang.Object, java.lang.Object, java.lang.Object, java.lang.Object, java.lang.
Event: 4.943 Thread 0x0000016a5803b400 Exception <a 'java/lang/NoSuchMethodError'{0x0000000084c138b8}: 'java.lang.Object java.lang.invoke.DelegatingMethodHandle$Holder.delegate(java.lang.Object, java.lang.Object, java.lang.Object, java.lang.Object, java.lang.Object, java.lang.Object, java.lang.Object, java.lang.Object, java.lang.Object, java.lang.Object, java.lang.Object, java.lang.Object, java.lang.Object, java.lang.Object, java.lang.Object, java.lang.Object, java.lang.Object, java.lang.Object, java.lang.Object, java.lang.Object, java.lang.Obj
Event: 4.950 Thread 0x0000016a5803b400 Exception <a 'java/lang/NoSuchMethodError'{0x0000000084c8d2d0}: 'java.lang.Object java.lang.invoke.DirectMethodHandle$Holder.invokeStatic(java.lang.Object, java.lang.Object, java.lang.Object, java.lang.Object, java.lang.Object, java.lang.Object, java.lang.Object, java.lang.Object, java.lang.Object, java.lang.Object, java.lang.Object, java.lang.Object, java.lang.Object, java.lang.Object, java.lang.Object, java.lang.Object, java.lang.Object)'> (0x0000000084c8d2d0) 
thrown [s\src\hotspot\share\interpreter\lin
Event: 4.952 Thread 0x0000016a5803b400 Exception <a 'java/lang/NoSuchMethodError'{0x0000000084cb6398}: 'java.lang.Object java.lang.invoke.DirectMethodHandle$Holder.invokeStatic(java.lang.Object, java.lang.Object, java.lang.Object, java.lang.Object, java.lang.Object, java.lang.Object, java.lang.Object, java.lang.Object, java.lang.Object, java.lang.Object, java.lang.Object, java.lang.Object, java.lang.Object, java.lang.Object, java.lang.Object, java.lang.Object, java.lang.Object, java.lang.Object)'> (0x0000000084cb6398) 
thrown [s\src\hotspot\sha
Event: 4.955 Thread 0x0000016a5803b400 Exception <a 'java/lang/NoSuchMethodError'{0x0000000084ce0820}: 'java.lang.Object java.lang.invoke.DirectMethodHandle$Holder.invokeStatic(java.lang.Object, java.lang.Object, java.lang.Object, java.lang.Object, java.lang.Object, java.lang.Object, java.lang.Object, java.lang.Object, java.lang.Object, java.lang.Object, java.lang.Object, java.lang.Object, java.lang.Object, java.lang.Object, java.lang.Object, java.lang.Object, java.lang.Object, java.lang.Object, java.lang.Object)'> (0x0000000084ce0820) 
thrown 
Event: 4.958 Thread 0x0000016a5803b400 Exception <a 'java/lang/NoSuchMethodError'{0x0000000084b0bd20}: 'java.lang.Object java.lang.invoke.DirectMethodHandle$Holder.invokeStatic(java.lang.Object, java.lang.Object, java.lang.Object, java.lang.Object, java.lang.Object, java.lang.Object, java.lang.Object, java.lang.Object, java.lang.Object, java.lang.Object, java.lang.Object, java.lang.Object, java.lang.Object, java.lang.Object, java.lang.Object, java.lang.Object, java.lang.Object, java.lang.Object, java.lang.Object, java.lang.Object)'> (0x00000000
Event: 4.960 Thread 0x0000016a5803b400 Exception <a 'java/lang/NoSuchMethodError'{0x0000000084b37d88}: 'java.lang.Object java.lang.invoke.DirectMethodHandle$Holder.invokeStatic(java.lang.Object, java.lang.Object, java.lang.Object, java.lang.Object, java.lang.Object, java.lang.Object, java.lang.Object, java.lang.Object, java.lang.Object, java.lang.Object, java.lang.Object, java.lang.Object, java.lang.Object, java.lang.Object, java.lang.Object, java.lang.Object, java.lang.Object, java.lang.Object, java.lang.Object, java.lang.Object, java.lang.Obj
Event: 4.963 Thread 0x0000016a5803b400 Exception <a 'java/lang/NoSuchMethodError'{0x0000000084b64868}: 'java.lang.Object java.lang.invoke.DirectMethodHandle$Holder.invokeStatic(java.lang.Object, java.lang.Object, java.lang.Object, java.lang.Object, java.lang.Object, java.lang.Object, java.lang.Object, java.lang.Object, java.lang.Object, java.lang.Object, java.lang.Object, java.lang.Object, java.lang.Object, java.lang.Object, java.lang.Object, java.lang.Object, java.lang.Object, java.lang.Object, java.lang.Object, java.lang.Object, java.lang.Obj
Event: 4.966 Thread 0x0000016a5803b400 Exception <a 'java/lang/NoSuchMethodError'{0x0000000084b926f0}: 'java.lang.Object java.lang.invoke.DirectMethodHandle$Holder.invokeStatic(java.lang.Object, java.lang.Object, java.lang.Object, java.lang.Object, java.lang.Object, java.lang.Object, java.lang.Object, java.lang.Object, java.lang.Object, java.lang.Object, java.lang.Object, java.lang.Object, java.lang.Object, java.lang.Object, java.lang.Object, java.lang.Object, java.lang.Object, java.lang.Object, java.lang.Object, java.lang.Object, java.lang.Obj
Event: 4.969 Thread 0x0000016a5803b400 Exception <a 'java/lang/NoSuchMethodError'{0x0000000084bc1f90}: 'java.lang.Object java.lang.invoke.DirectMethodHandle$Holder.invokeStatic(java.lang.Object, java.lang.Object, java.lang.Object, java.lang.Object, java.lang.Object, java.lang.Object, java.lang.Object, java.lang.Object, java.lang.Object, java.lang.Object, java.lang.Object, java.lang.Object, java.lang.Object, java.lang.Object, java.lang.Object, java.lang.Object, java.lang.Object, java.lang.Object, java.lang.Object, java.lang.Object, java.lang.Obj
Event: 4.973 Thread 0x0000016a5803b400 Exception <a 'java/lang/NoSuchMethodError'{0x0000000084bf3598}: 'java.lang.Object java.lang.invoke.DirectMethodHandle$Holder.invokeStatic(java.lang.Object, java.lang.Object, java.lang.Object, java.lang.Object, java.lang.Object, java.lang.Object, java.lang.Object, java.lang.Object, java.lang.Object, java.lang.Object, java.lang.Object, java.lang.Object, java.lang.Object, java.lang.Object, java.lang.Object, java.lang.Object, java.lang.Object, java.lang.Object, java.lang.Object, java.lang.Object, java.lang.Obj
Event: 5.144 Thread 0x0000016a5803b400 Exception <a 'java/lang/IncompatibleClassChangeError'{0x0000000082f95730}: Found class java.lang.Object, but interface was expected> (0x0000000082f95730) 
thrown [s\src\hotspot\share\interpreter\linkResolver.cpp, line 838]
Event: 5.213 Thread 0x0000016a5803b400 Exception <a 'java/lang/IncompatibleClassChangeError'{0x0000000087d6a7f0}: Found class java.lang.Object, but interface was expected> (0x0000000087d6a7f0) 
thrown [s\src\hotspot\share\interpreter\linkResolver.cpp, line 838]
Event: 5.220 Thread 0x0000016a5803b400 Exception <a 'java/lang/NoSuchMethodError'{0x0000000084f663e0}: 'void java.lang.invoke.DirectMethodHandle$Holder.invokeStatic(java.lang.Object, java.lang.Object, java.lang.Object, java.lang.Object, java.lang.Object, java.lang.Object)'> (0x0000000084f663e0) 
thrown [s\src\hotspot\share\interpreter\linkResolver.cpp, line 771]
Event: 5.231 Thread 0x0000016a5803b400 Exception <a 'java/lang/NoSuchMethodError'{0x0000000084e92a48}: 'int java.lang.invoke.DirectMethodHandle$Holder.invokeStaticInit(java.lang.Object, java.lang.Object, java.lang.Object, java.lang.Object, java.lang.Object)'> (0x0000000084e92a48) 
thrown [s\src\hotspot\share\interpreter\linkResolver.cpp, line 771]
Event: 5.344 Thread 0x0000016a5803b400 Implicit null exception at 0x0000016a44da1bec to 0x0000016a44da1c94

VM Operations (20 events):
Event: 4.443 Executing VM operation: HandshakeAllThreads
Event: 4.443 Executing VM operation: HandshakeAllThreads done
Event: 4.446 Executing VM operation: HandshakeAllThreads
Event: 4.446 Executing VM operation: HandshakeAllThreads done
Event: 4.452 Executing VM operation: HandshakeAllThreads
Event: 4.452 Executing VM operation: HandshakeAllThreads done
Event: 4.458 Executing VM operation: HandshakeAllThreads
Event: 4.458 Executing VM operation: HandshakeAllThreads done
Event: 4.520 Executing VM operation: HandshakeAllThreads
Event: 4.520 Executing VM operation: HandshakeAllThreads done
Event: 4.561 Executing VM operation: G1CollectForAllocation
Event: 4.567 Executing VM operation: G1CollectForAllocation done
Event: 4.868 Executing VM operation: G1CollectForAllocation
Event: 4.873 Executing VM operation: G1CollectForAllocation done
Event: 5.146 Executing VM operation: HandshakeAllThreads
Event: 5.146 Executing VM operation: HandshakeAllThreads done
Event: 5.195 Executing VM operation: G1CollectForAllocation
Event: 5.197 Executing VM operation: G1CollectForAllocation done
Event: 5.317 Executing VM operation: HandshakeAllThreads
Event: 5.317 Executing VM operation: HandshakeAllThreads done

Events (20 events):
Event: 5.203 loading class java/util/stream/ReduceOps$6 done
Event: 5.203 loading class java/util/stream/ReduceOps$5ReducingSink
Event: 5.203 loading class java/util/stream/ReduceOps$5ReducingSink done
Event: 5.203 loading class java/util/stream/ReferencePipeline$4$1
Event: 5.203 loading class java/util/stream/ReferencePipeline$4$1 done
Event: 5.244 Thread 0x0000016a59fb31e0 Thread added: 0x0000016a59fb31e0
Event: 5.244 Thread 0x0000016a59fb7a10 Thread added: 0x0000016a59fb7a10
Event: 5.259 loading class jdk/internal/loader/URLClassPath$FileLoader
Event: 5.259 loading class jdk/internal/loader/URLClassPath$FileLoader done
Event: 5.260 loading class jdk/internal/loader/URLClassPath$FileLoader$1
Event: 5.260 loading class jdk/internal/loader/URLClassPath$FileLoader$1 done
Event: 5.292 Thread 0x0000016a5b82eb20 Thread exited: 0x0000016a5b82eb20
Event: 5.298 loading class sun/reflect/generics/tree/BooleanSignature
Event: 5.299 loading class sun/reflect/generics/tree/BooleanSignature done
Event: 5.404 loading class java/util/concurrent/atomic/AtomicReferenceFieldUpdater
Event: 5.405 loading class java/util/concurrent/atomic/AtomicReferenceFieldUpdater done
Event: 5.405 loading class java/util/concurrent/atomic/AtomicReferenceFieldUpdater$AtomicReferenceFieldUpdaterImpl
Event: 5.406 loading class java/util/concurrent/atomic/AtomicReferenceFieldUpdater$AtomicReferenceFieldUpdaterImpl done
Event: 5.406 loading class java/util/concurrent/atomic/AtomicReferenceFieldUpdater$AtomicReferenceFieldUpdaterImpl$1
Event: 5.406 loading class java/util/concurrent/atomic/AtomicReferenceFieldUpdater$AtomicReferenceFieldUpdaterImpl$1 done


Dynamic libraries:
0x00007ff62eeb0000 - 0x00007ff62eeba000 	C:\Program Files\Android\Android Studio\jbr\bin\java.exe
0x00007ff941410000 - 0x00007ff941626000 	C:\WINDOWS\SYSTEM32\ntdll.dll
0x00007ff940340000 - 0x00007ff940404000 	C:\WINDOWS\System32\KERNEL32.DLL
0x00007ff93eae0000 - 0x00007ff93ee87000 	C:\WINDOWS\System32\KERNELBASE.dll
0x00007ff93e9c0000 - 0x00007ff93ead1000 	C:\WINDOWS\System32\ucrtbase.dll
0x00007ff92c790000 - 0x00007ff92c7a7000 	C:\Program Files\Android\Android Studio\jbr\bin\jli.dll
0x00007ff92cc60000 - 0x00007ff92cc7b000 	C:\Program Files\Android\Android Studio\jbr\bin\VCRUNTIME140.dll
0x00007ff91fc20000 - 0x00007ff91feb3000 	C:\WINDOWS\WinSxS\amd64_microsoft.windows.common-controls_6595b64144ccf1df_6.0.22621.3235_none_270f74e173860f98\COMCTL32.dll
0x00007ff940520000 - 0x00007ff9405c7000 	C:\WINDOWS\System32\msvcrt.dll
0x00007ff93fb70000 - 0x00007ff93fd1e000 	C:\WINDOWS\System32\USER32.dll
0x00007ff940a10000 - 0x00007ff940a39000 	C:\WINDOWS\System32\GDI32.dll
0x00007ff93f0a0000 - 0x00007ff93f0c6000 	C:\WINDOWS\System32\win32u.dll
0x00007ff93e8a0000 - 0x00007ff93e9b9000 	C:\WINDOWS\System32\gdi32full.dll
0x00007ff93f000000 - 0x00007ff93f09a000 	C:\WINDOWS\System32\msvcp_win.dll
0x00007ff93fd90000 - 0x00007ff93fdc1000 	C:\WINDOWS\System32\IMM32.DLL
0x00007ff9349f0000 - 0x00007ff9349fc000 	C:\Program Files\Android\Android Studio\jbr\bin\vcruntime140_1.dll
0x00007ff9208b0000 - 0x00007ff92093d000 	C:\Program Files\Android\Android Studio\jbr\bin\msvcp140.dll
0x00007ff8f2540000 - 0x00007ff8f31c0000 	C:\Program Files\Android\Android Studio\jbr\bin\server\jvm.dll
0x00007ff93fdd0000 - 0x00007ff93fe82000 	C:\WINDOWS\System32\ADVAPI32.dll
0x00007ff9405d0000 - 0x00007ff940678000 	C:\WINDOWS\System32\sechost.dll
0x00007ff93efd0000 - 0x00007ff93eff8000 	C:\WINDOWS\System32\bcrypt.dll
0x00007ff9412a0000 - 0x00007ff9413b5000 	C:\WINDOWS\System32\RPCRT4.dll
0x00007ff910880000 - 0x00007ff910889000 	C:\WINDOWS\SYSTEM32\WSOCK32.dll
0x00007ff93f970000 - 0x00007ff93f9e1000 	C:\WINDOWS\System32\WS2_32.dll
0x00007ff933970000 - 0x00007ff9339a4000 	C:\WINDOWS\SYSTEM32\WINMM.dll
0x00007ff9310a0000 - 0x00007ff9310aa000 	C:\WINDOWS\SYSTEM32\VERSION.dll
0x00007ff93d750000 - 0x00007ff93d768000 	C:\WINDOWS\SYSTEM32\kernel.appcore.dll
0x00007ff92d3d0000 - 0x00007ff92d3da000 	C:\Program Files\Android\Android Studio\jbr\bin\jimage.dll
0x00007ff93bfa0000 - 0x00007ff93c1d3000 	C:\WINDOWS\SYSTEM32\DBGHELP.DLL
0x00007ff93f5c0000 - 0x00007ff93f948000 	C:\WINDOWS\System32\combase.dll
0x00007ff93ff00000 - 0x00007ff93ffd7000 	C:\WINDOWS\System32\OLEAUT32.dll
0x00007ff92d3e0000 - 0x00007ff92d412000 	C:\WINDOWS\SYSTEM32\dbgcore.DLL
0x00007ff93ef50000 - 0x00007ff93efc9000 	C:\WINDOWS\System32\bcryptPrimitives.dll
0x00007ff92c940000 - 0x00007ff92c94e000 	C:\Program Files\Android\Android Studio\jbr\bin\instrument.dll
0x00007ff92c9c0000 - 0x00007ff92c9e5000 	C:\Program Files\Android\Android Studio\jbr\bin\java.dll
0x00007ff92cac0000 - 0x00007ff92cad8000 	C:\Program Files\Android\Android Studio\jbr\bin\zip.dll
0x00007ff940a40000 - 0x00007ff94129c000 	C:\WINDOWS\System32\SHELL32.dll
0x00007ff93c640000 - 0x00007ff93cf39000 	C:\WINDOWS\SYSTEM32\windows.storage.dll
0x00007ff93c500000 - 0x00007ff93c63e000 	C:\WINDOWS\SYSTEM32\wintypes.dll
0x00007ff9408f0000 - 0x00007ff9409e3000 	C:\WINDOWS\System32\SHCORE.dll
0x00007ff9404c0000 - 0x00007ff94051e000 	C:\WINDOWS\System32\shlwapi.dll
0x00007ff93e660000 - 0x00007ff93e681000 	C:\WINDOWS\SYSTEM32\profapi.dll
0x00007ff92c9a0000 - 0x00007ff92c9b9000 	C:\Program Files\Android\Android Studio\jbr\bin\net.dll
0x00007ff938f00000 - 0x00007ff939036000 	C:\WINDOWS\SYSTEM32\WINHTTP.dll
0x00007ff93dbc0000 - 0x00007ff93dc29000 	C:\WINDOWS\system32\mswsock.dll
0x00007ff92c980000 - 0x00007ff92c996000 	C:\Program Files\Android\Android Studio\jbr\bin\nio.dll
0x00007ff92c970000 - 0x00007ff92c980000 	C:\Program Files\Android\Android Studio\jbr\bin\verify.dll
0x00007ff922940000 - 0x00007ff922967000 	C:\Users\hamra\.gradle\native\68d5fa5c4cc2d200863cafc0d521ce42e7d3e7ee720ec0a83991735586a16f82\windows-amd64\native-platform.dll
0x00007ff91e090000 - 0x00007ff91e1d4000 	C:\Users\hamra\.gradle\native\e376f236ea51e6404a007f0833ffe2c6e607c4080706a723a18a27aeea778392\windows-amd64\native-platform-file-events.dll
0x00007ff92c960000 - 0x00007ff92c969000 	C:\Program Files\Android\Android Studio\jbr\bin\management.dll
0x00007ff92c950000 - 0x00007ff92c95b000 	C:\Program Files\Android\Android Studio\jbr\bin\management_ext.dll
0x00007ff93f950000 - 0x00007ff93f958000 	C:\WINDOWS\System32\PSAPI.DLL
0x00007ff93de30000 - 0x00007ff93de4b000 	C:\WINDOWS\SYSTEM32\CRYPTSP.dll
0x00007ff93d6b0000 - 0x00007ff93d6e5000 	C:\WINDOWS\system32\rsaenh.dll
0x00007ff93dcc0000 - 0x00007ff93dce8000 	C:\WINDOWS\SYSTEM32\USERENV.dll
0x00007ff93de20000 - 0x00007ff93de2c000 	C:\WINDOWS\SYSTEM32\CRYPTBASE.dll
0x00007ff93d1e0000 - 0x00007ff93d20d000 	C:\WINDOWS\SYSTEM32\IPHLPAPI.DLL
0x00007ff93fd80000 - 0x00007ff93fd89000 	C:\WINDOWS\System32\NSI.dll
0x00007ff938830000 - 0x00007ff938849000 	C:\WINDOWS\SYSTEM32\dhcpcsvc6.DLL
0x00007ff9387e0000 - 0x00007ff9387ff000 	C:\WINDOWS\SYSTEM32\dhcpcsvc.DLL
0x00007ff93d210000 - 0x00007ff93d309000 	C:\WINDOWS\SYSTEM32\DNSAPI.dll
0x00007ff927d60000 - 0x00007ff927d68000 	C:\WINDOWS\system32\wshunix.dll

dbghelp: loaded successfully - version: 4.0.5 - missing functions: none
symbol engine: initialized successfully - sym options: 0x614 - pdb path: .;C:\Program Files\Android\Android Studio\jbr\bin;C:\WINDOWS\SYSTEM32;C:\WINDOWS\WinSxS\amd64_microsoft.windows.common-controls_6595b64144ccf1df_6.0.22621.3235_none_270f74e173860f98;C:\Program Files\Android\Android Studio\jbr\bin\server;C:\Users\hamra\.gradle\native\68d5fa5c4cc2d200863cafc0d521ce42e7d3e7ee720ec0a83991735586a16f82\windows-amd64;C:\Users\hamra\.gradle\native\e376f236ea51e6404a007f0833ffe2c6e607c4080706a723a18a27aeea778392\windows-amd64

VM Arguments:
jvm_args: --add-opens=java.base/java.util=ALL-UNNAMED --add-opens=java.base/java.lang=ALL-UNNAMED --add-opens=java.base/java.lang.invoke=ALL-UNNAMED --add-opens=java.prefs/java.util.prefs=ALL-UNNAMED --add-opens=java.base/java.nio.charset=ALL-UNNAMED --add-opens=java.base/java.net=ALL-UNNAMED --add-opens=java.base/java.util.concurrent.atomic=ALL-UNNAMED -Xmx2048m -Dfile.encoding=UTF-8 -Duser.country=US -Duser.language=en -Duser.variant -javaagent:C:\Users\hamra\.gradle\wrapper\dists\gradle-8.2-bin\bbg7u40eoinfdyxsxr3z4i7ta\gradle-8.2\lib\agents\gradle-instrumentation-agent-8.2.jar 
java_command: org.gradle.launcher.daemon.bootstrap.GradleDaemon 8.2
java_class_path (initial): C:\Users\hamra\.gradle\wrapper\dists\gradle-8.2-bin\bbg7u40eoinfdyxsxr3z4i7ta\gradle-8.2\lib\gradle-launcher-8.2.jar
Launcher Type: SUN_STANDARD

[Global flags]
     intx CICompilerCount                          = 4                                         {product} {ergonomic}
     uint ConcGCThreads                            = 2                                         {product} {ergonomic}
     uint G1ConcRefinementThreads                  = 8                                         {product} {ergonomic}
   size_t G1HeapRegionSize                         = 1048576                                   {product} {ergonomic}
    uintx GCDrainStackTargetSize                   = 64                                        {product} {ergonomic}
   size_t InitialHeapSize                          = 132120576                                 {product} {ergonomic}
   size_t MarkStackSize                            = 4194304                                   {product} {ergonomic}
   size_t MaxHeapSize                              = 2147483648                                {product} {command line}
   size_t MaxNewSize                               = 1287651328                                {product} {ergonomic}
   size_t MinHeapDeltaBytes                        = 1048576                                   {product} {ergonomic}
   size_t MinHeapSize                              = 8388608                                   {product} {ergonomic}
    uintx NonNMethodCodeHeapSize                   = 5839372                                {pd product} {ergonomic}
    uintx NonProfiledCodeHeapSize                  = 122909434                              {pd product} {ergonomic}
    uintx ProfiledCodeHeapSize                     = 122909434                              {pd product} {ergonomic}
    uintx ReservedCodeCacheSize                    = 251658240                              {pd product} {ergonomic}
     bool SegmentedCodeCache                       = true                                      {product} {ergonomic}
   size_t SoftMaxHeapSize                          = 2147483648                             {manageable} {ergonomic}
     bool UseCompressedClassPointers               = true                           {product lp64_product} {ergonomic}
     bool UseCompressedOops                        = true                           {product lp64_product} {ergonomic}
     bool UseG1GC                                  = true                                      {product} {ergonomic}
     bool UseLargePagesIndividualAllocation        = false                                  {pd product} {ergonomic}

Logging:
Log output configuration:
 #0: stdout all=warning uptime,level,tags
 #1: stderr all=off uptime,level,tags

Environment Variables:
PATH=C:\Program Files\Common Files\Oracle\Java\javapath;C:\WINDOWS\system32;C:\WINDOWS;C:\WINDOWS\System32\Wbem;C:\WINDOWS\System32\WindowsPowerShell\v1.0\;C:\WINDOWS\System32\OpenSSH\;C:\Program Files\dotnet\;C:\Program Files\Java\jdk-21\bin;C:\Program Files\Git\cmd;C:\Users\hamra\AppData\Local\Programs\Python\Python310\Scripts\;C:\Users\hamra\AppData\Local\Programs\Python\Python310\;C:\Users\hamra\AppData\Local\Microsoft\WindowsApps;C:\Users\hamra\.dotnet\tools;C:\Users\hamra\AppData\Local\Programs\Microsoft VS Code\bin;C:\Users\hamra\AppData\Local\gitkraken\bin
USERNAME=hamra
OS=Windows_NT
PROCESSOR_IDENTIFIER=Intel64 Family 6 Model 126 Stepping 5, GenuineIntel
TMP=C:\Users\hamra\AppData\Local\Temp
TEMP=C:\Users\hamra\AppData\Local\Temp


JNI global refs:
JNI global refs: 25, weak refs: 0

JNI global refs memory usage: 843, weak refs: 841

OOME stack traces (most recent first):
Classloader memory used:
