#
# There is insufficient memory for the Java Runtime Environment to continue.
# Native memory allocation (malloc) failed to allocate 32744 bytes for ChunkPool::allocate
# Possible reasons:
#   The system is out of physical RAM or swap space
#   The process is running with CompressedOops enabled, and the Java Heap may be blocking the growth of the native heap
# Possible solutions:
#   Reduce memory load on the system
#   Increase physical memory or swap space
#   Check if swap backing store is full
#   Decrease Java heap size (-Xmx/-Xms)
#   Decrease number of Java threads
#   Decrease Java thread stack sizes (-Xss)
#   Set larger code cache with -XX:ReservedCodeCacheSize=
#   JVM is running with Unscaled Compressed Oops mode in which the Java heap is
#     placed in the first 4GB address space. The Java Heap base address is the
#     maximum limit for the native heap growth. Please use -XX:HeapBaseMinAddress
#     to set the Java Heap base and to place the Java Heap above 4GB virtual address.
# This output file may be truncated or incomplete.
#
#  Out of Memory Error (arena.cpp:78), pid=10844, tid=1720
#
# JRE version: OpenJDK Runtime Environment (17.0.7) (build 17.0.7+0-b2043.56-10550314)
# Java VM: OpenJDK 64-Bit Server VM (17.0.7+0-b2043.56-10550314, mixed mode, tiered, compressed oops, compressed class ptrs, g1 gc, windows-amd64)
# No core dump will be written. Minidumps are not enabled by default on client versions of Windows
#

---------------  S U M M A R Y ------------

Command Line: --add-opens=java.base/java.util=ALL-UNNAMED --add-opens=java.base/java.lang=ALL-UNNAMED --add-opens=java.base/java.lang.invoke=ALL-UNNAMED --add-opens=java.prefs/java.util.prefs=ALL-UNNAMED --add-opens=java.base/java.nio.charset=ALL-UNNAMED --add-opens=java.base/java.net=ALL-UNNAMED --add-opens=java.base/java.util.concurrent.atomic=ALL-UNNAMED -Xmx2048m -Dfile.encoding=UTF-8 -Duser.country=US -Duser.language=en -Duser.variant -javaagent:C:\Users\hamra\.gradle\wrapper\dists\gradle-8.2-bin\bbg7u40eoinfdyxsxr3z4i7ta\gradle-8.2\lib\agents\gradle-instrumentation-agent-8.2.jar org.gradle.launcher.daemon.bootstrap.GradleDaemon 8.2

Host: Intel(R) Core(TM) i5-1035G1 CPU @ 1.00GHz, 8 cores, 7G,  Windows 11 , 64 bit Build 22621 (10.0.22621.3374)
Time: Wed Apr 17 11:14:58 2024 Jerusalem Daylight Time elapsed time: 5.290676 seconds (0d 0h 0m 5s)

---------------  T H R E A D  ---------------

Current thread (0x00000183a33ef040):  JavaThread "C2 CompilerThread1" daemon [_thread_in_native, id=1720, stack(0x0000005ce3c00000,0x0000005ce3d00000)]


Current CompileTask:
C2:   5292 4026 %     4       jdk.internal.loader.URLClassPath::getResource @ 39 (74 bytes)

Stack: [0x0000005ce3c00000,0x0000005ce3d00000]
Native frames: (J=compiled Java code, j=interpreted, Vv=VM code, C=native code)
V  [jvm.dll+0x683bfa]
V  [jvm.dll+0x8430a4]
V  [jvm.dll+0x8449be]
V  [jvm.dll+0x845023]
V  [jvm.dll+0x24ad2f]
V  [jvm.dll+0xac47c]
V  [jvm.dll+0xac82c]
V  [jvm.dll+0x691b5e]
V  [jvm.dll+0x691194]
V  [jvm.dll+0x1a927c]
V  [jvm.dll+0x2b13a4]
V  [jvm.dll+0x69bfe5]
V  [jvm.dll+0x693fab]
V  [jvm.dll+0x6935e7]
V  [jvm.dll+0x6914e2]
V  [jvm.dll+0x1a927c]
V  [jvm.dll+0x1a9e46]
V  [jvm.dll+0x2b13a4]
V  [jvm.dll+0x69bfe5]
V  [jvm.dll+0x693fab]
V  [jvm.dll+0x6935e7]
V  [jvm.dll+0x6914e2]
V  [jvm.dll+0x1a927c]
V  [jvm.dll+0x1a9e46]
V  [jvm.dll+0x2b13a4]
V  [jvm.dll+0x69bfe5]
V  [jvm.dll+0x693fab]
V  [jvm.dll+0x6935e7]
V  [jvm.dll+0x6914e2]
V  [jvm.dll+0x1a927c]
V  [jvm.dll+0x1a9e46]
V  [jvm.dll+0x2b13a4]
V  [jvm.dll+0x69bfe5]
V  [jvm.dll+0x693fab]
V  [jvm.dll+0x6935e7]
V  [jvm.dll+0x6914e2]
V  [jvm.dll+0x1a927c]
V  [jvm.dll+0x1a9e46]
V  [jvm.dll+0x2b13a4]
V  [jvm.dll+0x69bfe5]
V  [jvm.dll+0x693fab]
V  [jvm.dll+0x6935e7]
V  [jvm.dll+0x6914e2]
V  [jvm.dll+0x1a927c]
V  [jvm.dll+0x1a9e46]
V  [jvm.dll+0x2b13a4]
V  [jvm.dll+0x69bfe5]
V  [jvm.dll+0x693fab]
V  [jvm.dll+0x6935e7]
V  [jvm.dll+0x6914e2]
V  [jvm.dll+0x1a927c]
V  [jvm.dll+0x21c238]
V  [jvm.dll+0x1a605d]
V  [jvm.dll+0x22c148]
V  [jvm.dll+0x22a209]
V  [jvm.dll+0x7f858c]
V  [jvm.dll+0x7f2aea]
V  [jvm.dll+0x682a35]
C  [ucrtbase.dll+0x29333]
C  [KERNEL32.DLL+0x1257d]
C  [ntdll.dll+0x5aa48]


---------------  P R O C E S S  ---------------

Threads class SMR info:
_java_thread_list=0x00000183ac59a5e0, length=40, elements={
0x0000018389133210, 0x00000183a2fb98d0, 0x00000183a2fbe1a0, 0x00000183a313d290,
0x00000183a313db50, 0x00000183a313ea20, 0x00000183a313f2e0, 0x00000183a31412f0,
0x00000183a3141bf0, 0x00000183a3143230, 0x00000183a321d930, 0x00000183a33e4160,
0x00000183a33ef040, 0x00000183a9568260, 0x00000183a9363000, 0x00000183a99e8770,
0x00000183a9f045c0, 0x00000183aa44d720, 0x00000183a860b340, 0x00000183a860b810,
0x00000183a860ae70, 0x00000183a860c680, 0x00000183a860bce0, 0x00000183a860e830,
0x00000183a860d9c0, 0x00000183a860e360, 0x00000183a860c1b0, 0x00000183a860cb50,
0x00000183a860d020, 0x00000183a860d4f0, 0x00000183a860de90, 0x00000183aa79e0b0,
0x00000183aa79d240, 0x00000183aa7a10d0, 0x00000183aa79d710, 0x00000183aa79dbe0,
0x00000183aa72f040, 0x00000183aa79ea50, 0x00000183aa7a0c00, 0x00000183aa7a28e0
}

Java Threads: ( => current thread )
  0x0000018389133210 JavaThread "main" [_thread_blocked, id=2680, stack(0x0000005ce2900000,0x0000005ce2a00000)]
  0x00000183a2fb98d0 JavaThread "Reference Handler" daemon [_thread_blocked, id=1772, stack(0x0000005ce3000000,0x0000005ce3100000)]
  0x00000183a2fbe1a0 JavaThread "Finalizer" daemon [_thread_blocked, id=7868, stack(0x0000005ce3100000,0x0000005ce3200000)]
  0x00000183a313d290 JavaThread "Signal Dispatcher" daemon [_thread_blocked, id=5228, stack(0x0000005ce3200000,0x0000005ce3300000)]
  0x00000183a313db50 JavaThread "Attach Listener" daemon [_thread_blocked, id=13068, stack(0x0000005ce3300000,0x0000005ce3400000)]
  0x00000183a313ea20 JavaThread "Service Thread" daemon [_thread_blocked, id=7456, stack(0x0000005ce3400000,0x0000005ce3500000)]
  0x00000183a313f2e0 JavaThread "Monitor Deflation Thread" daemon [_thread_blocked, id=10932, stack(0x0000005ce3500000,0x0000005ce3600000)]
  0x00000183a31412f0 JavaThread "C2 CompilerThread0" daemon [_thread_in_native, id=9700, stack(0x0000005ce3600000,0x0000005ce3700000)]
  0x00000183a3141bf0 JavaThread "C1 CompilerThread0" daemon [_thread_blocked, id=1040, stack(0x0000005ce3700000,0x0000005ce3800000)]
  0x00000183a3143230 JavaThread "Sweeper thread" daemon [_thread_blocked, id=13436, stack(0x0000005ce3800000,0x0000005ce3900000)]
  0x00000183a321d930 JavaThread "Common-Cleaner" daemon [_thread_blocked, id=11220, stack(0x0000005ce3900000,0x0000005ce3a00000)]
  0x00000183a33e4160 JavaThread "Notification Thread" daemon [_thread_blocked, id=10980, stack(0x0000005ce3a00000,0x0000005ce3b00000)]
=>0x00000183a33ef040 JavaThread "C2 CompilerThread1" daemon [_thread_in_native, id=1720, stack(0x0000005ce3c00000,0x0000005ce3d00000)]
  0x00000183a9568260 JavaThread "Daemon health stats" [_thread_blocked, id=1552, stack(0x0000005ce4200000,0x0000005ce4300000)]
  0x00000183a9363000 JavaThread "Incoming local TCP Connector on port 63137" [_thread_in_native, id=15132, stack(0x0000005ce4300000,0x0000005ce4400000)]
  0x00000183a99e8770 JavaThread "Daemon periodic checks" [_thread_blocked, id=11692, stack(0x0000005ce4400000,0x0000005ce4500000)]
  0x00000183a9f045c0 JavaThread "Daemon" [_thread_blocked, id=6652, stack(0x0000005ce4500000,0x0000005ce4600000)]
  0x00000183aa44d720 JavaThread "Handler for socket connection from /127.0.0.1:63137 to /127.0.0.1:63138" [_thread_in_native, id=9656, stack(0x0000005ce4600000,0x0000005ce4700000)]
  0x00000183a860b340 JavaThread "Cancel handler" [_thread_blocked, id=10200, stack(0x0000005ce4700000,0x0000005ce4800000)]
  0x00000183a860b810 JavaThread "Daemon worker" [_thread_in_vm, id=14772, stack(0x0000005ce4800000,0x0000005ce4900000)]
  0x00000183a860ae70 JavaThread "Asynchronous log dispatcher for DefaultDaemonConnection: socket connection from /127.0.0.1:63137 to /127.0.0.1:63138" [_thread_blocked, id=14656, stack(0x0000005ce4900000,0x0000005ce4a00000)]
  0x00000183a860c680 JavaThread "Stdin handler" [_thread_blocked, id=9796, stack(0x0000005ce4a00000,0x0000005ce4b00000)]
  0x00000183a860bce0 JavaThread "Daemon client event forwarder" [_thread_blocked, id=7268, stack(0x0000005ce4b00000,0x0000005ce4c00000)]
  0x00000183a860e830 JavaThread "Cache worker for journal cache (C:\Users\hamra\.gradle\caches\journal-1)" [_thread_blocked, id=13868, stack(0x0000005ce4f00000,0x0000005ce5000000)]
  0x00000183a860d9c0 JavaThread "File lock request listener" [_thread_in_native, id=11392, stack(0x0000005ce5000000,0x0000005ce5100000)]
  0x00000183a860e360 JavaThread "Cache worker for file hash cache (C:\Users\hamra\.gradle\caches\8.2\fileHashes)" [_thread_blocked, id=12896, stack(0x0000005ce5100000,0x0000005ce5200000)]
  0x00000183a860c1b0 JavaThread "File watcher server" daemon [_thread_in_native, id=488, stack(0x0000005ce5200000,0x0000005ce5300000)]
  0x00000183a860cb50 JavaThread "File watcher consumer" daemon [_thread_blocked, id=10984, stack(0x0000005ce5300000,0x0000005ce5400000)]
  0x00000183a860d020 JavaThread "Cache worker for checksums cache (C:\Users\hamra\Desktop\cs_bagrut_project\.gradle\8.2\checksums)" [_thread_blocked, id=12704, stack(0x0000005ce5400000,0x0000005ce5500000)]
  0x00000183a860d4f0 JavaThread "Cache worker for cache directory md-rule (C:\Users\hamra\.gradle\caches\8.2\md-rule)" [_thread_blocked, id=880, stack(0x0000005ce5500000,0x0000005ce5600000)]
  0x00000183a860de90 JavaThread "Cache worker for file content cache (C:\Users\hamra\.gradle\caches\8.2\fileContent)" [_thread_blocked, id=11328, stack(0x0000005ce5600000,0x0000005ce5700000)]
  0x00000183aa79e0b0 JavaThread "Cache worker for file hash cache (C:\Users\hamra\Desktop\cs_bagrut_project\.gradle\8.2\fileHashes)" [_thread_blocked, id=1068, stack(0x0000005ce5700000,0x0000005ce5800000)]
  0x00000183aa79d240 JavaThread "Cache worker for cache directory md-supplier (C:\Users\hamra\.gradle\caches\8.2\md-supplier)" [_thread_blocked, id=13232, stack(0x0000005ce5800000,0x0000005ce5900000)]
  0x00000183aa7a10d0 JavaThread "Cache worker for execution history cache (C:\Users\hamra\.gradle\caches\8.2\executionHistory)" [_thread_blocked, id=7176, stack(0x0000005ce5900000,0x0000005ce5a00000)]
  0x00000183aa79d710 JavaThread "jar transforms" [_thread_blocked, id=13560, stack(0x0000005ce5b00000,0x0000005ce5c00000)]
  0x00000183aa79dbe0 JavaThread "jar transforms Thread 2" [_thread_blocked, id=11064, stack(0x0000005ce5c00000,0x0000005ce5d00000)]
  0x00000183aa72f040 JavaThread "C2 CompilerThread2" daemon [_thread_blocked, id=7364, stack(0x0000005ce5d00000,0x0000005ce5e00000)]
  0x00000183aa79ea50 JavaThread "Cache worker for kotlin-dsl (C:\Users\hamra\.gradle\caches\8.2\kotlin-dsl)" [_thread_blocked, id=4368, stack(0x0000005ce5e00000,0x0000005ce5f00000)]
  0x00000183aa7a0c00 JavaThread "jar transforms Thread 3" [_thread_blocked, id=11664, stack(0x0000005ce5f00000,0x0000005ce6000000)]
  0x00000183aa7a28e0 JavaThread "jar transforms Thread 4" [_thread_blocked, id=13116, stack(0x0000005ce6000000,0x0000005ce6100000)]

Other Threads:
  0x00000183a2f612d0 VMThread "VM Thread" [stack: 0x0000005ce2f00000,0x0000005ce3000000] [id=10460]
  0x00000183891b3970 WatcherThread [stack: 0x0000005ce3b00000,0x0000005ce3c00000] [id=2784]
  0x000001838918da70 GCTaskThread "GC Thread#0" [stack: 0x0000005ce2a00000,0x0000005ce2b00000] [id=5816]
  0x00000183a8052eb0 GCTaskThread "GC Thread#1" [stack: 0x0000005ce3e00000,0x0000005ce3f00000] [id=1596]
  0x00000183a36c38e0 GCTaskThread "GC Thread#2" [stack: 0x0000005ce3f00000,0x0000005ce4000000] [id=4836]
  0x00000183a82cbd70 GCTaskThread "GC Thread#3" [stack: 0x0000005ce4000000,0x0000005ce4100000] [id=14024]
  0x00000183a8662100 GCTaskThread "GC Thread#4" [stack: 0x0000005ce4100000,0x0000005ce4200000] [id=10948]
  0x00000183a34ccec0 GCTaskThread "GC Thread#5" [stack: 0x0000005ce3d00000,0x0000005ce3e00000] [id=336]
  0x00000183a866f850 GCTaskThread "GC Thread#6" [stack: 0x0000005ce4c00000,0x0000005ce4d00000] [id=12756]
  0x00000183a981dc60 GCTaskThread "GC Thread#7" [stack: 0x0000005ce4d00000,0x0000005ce4e00000] [id=3836]
  0x000001838919e7c0 ConcurrentGCThread "G1 Main Marker" [stack: 0x0000005ce2b00000,0x0000005ce2c00000] [id=12272]
  0x000001838919f780 ConcurrentGCThread "G1 Conc#0" [stack: 0x0000005ce2c00000,0x0000005ce2d00000] [id=12936]
  0x00000183aa107ca0 ConcurrentGCThread "G1 Conc#1" [stack: 0x0000005ce4e00000,0x0000005ce4f00000] [id=8464]
  0x00000183891ee370 ConcurrentGCThread "G1 Refine#0" [stack: 0x0000005ce2d00000,0x0000005ce2e00000] [id=11100]
  0x00000183aab6c3d0 ConcurrentGCThread "G1 Refine#1" [stack: 0x0000005ce5a00000,0x0000005ce5b00000] [id=2036]
  0x00000183891eeba0 ConcurrentGCThread "G1 Service" [stack: 0x0000005ce2e00000,0x0000005ce2f00000] [id=1060]

Threads with active compile tasks:
C2 CompilerThread0     5367 4025  s!   4       jdk.internal.loader.URLClassPath::getLoader (194 bytes)
C2 CompilerThread1     5367 4026 %     4       jdk.internal.loader.URLClassPath::getResource @ 39 (74 bytes)

VM state: not at safepoint (normal execution)

VM Mutex/Monitor currently owned by a thread: None

Heap address: 0x0000000080000000, size: 2048 MB, Compressed Oops mode: 32-bit

CDS archive(s) not mapped
Compressed class space mapped at: 0x0000000100000000-0x0000000140000000, reserved size: 1073741824
Narrow klass base: 0x0000000000000000, Narrow klass shift: 3, Narrow klass range: 0x140000000

GC Precious Log:
 CPUs: 8 total, 8 available
 Memory: 7959M
 Large Page Support: Disabled
 NUMA Support: Disabled
 Compressed Oops: Enabled (32-bit)
 Heap Region Size: 1M
 Heap Min Capacity: 8M
 Heap Initial Capacity: 126M
 Heap Max Capacity: 2G
 Pre-touch: Disabled
 Parallel Workers: 8
 Concurrent Workers: 2
 Concurrent Refinement Workers: 8
 Periodic GC: Disabled

Heap:
 garbage-first heap   total 68608K, used 46419K [0x0000000080000000, 0x0000000100000000)
  region size 1024K, 17 young (17408K), 2 survivors (2048K)
 Metaspace       used 46782K, committed 47232K, reserved 1114112K
  class space    used 6162K, committed 6336K, reserved 1048576K

Heap Regions: E=young(eden), S=young(survivor), O=old, HS=humongous(starts), HC=humongous(continues), CS=collection set, F=free, OA=open archive, CA=closed archive, TAMS=top-at-mark-start (previous, next)
|   0|0x0000000080000000, 0x0000000080100000, 0x0000000080100000|100%|HS|  |TAMS 0x0000000080100000, 0x0000000080000000| Complete 
|   1|0x0000000080100000, 0x0000000080200000, 0x0000000080200000|100%|HC|  |TAMS 0x0000000080200000, 0x0000000080100000| Complete 
|   2|0x0000000080200000, 0x0000000080300000, 0x0000000080300000|100%|HC|  |TAMS 0x0000000080300000, 0x0000000080200000| Complete 
|   3|0x0000000080300000, 0x0000000080400000, 0x0000000080400000|100%|HC|  |TAMS 0x0000000080400000, 0x0000000080300000| Complete 
|   4|0x0000000080400000, 0x0000000080500000, 0x0000000080500000|100%| O|  |TAMS 0x0000000080500000, 0x0000000080400000| Untracked 
|   5|0x0000000080500000, 0x0000000080600000, 0x0000000080600000|100%| O|  |TAMS 0x0000000080600000, 0x0000000080500000| Untracked 
|   6|0x0000000080600000, 0x0000000080700000, 0x0000000080700000|100%| O|  |TAMS 0x0000000080700000, 0x0000000080600000| Untracked 
|   7|0x0000000080700000, 0x0000000080800000, 0x0000000080800000|100%| O|  |TAMS 0x0000000080800000, 0x0000000080700000| Untracked 
|   8|0x0000000080800000, 0x0000000080900000, 0x0000000080900000|100%| O|  |TAMS 0x0000000080900000, 0x0000000080800000| Untracked 
|   9|0x0000000080900000, 0x0000000080a00000, 0x0000000080a00000|100%| O|  |TAMS 0x0000000080a00000, 0x0000000080900000| Untracked 
|  10|0x0000000080a00000, 0x0000000080b00000, 0x0000000080b00000|100%| O|  |TAMS 0x0000000080b00000, 0x0000000080a00000| Untracked 
|  11|0x0000000080b00000, 0x0000000080b6b000, 0x0000000080c00000| 41%| O|  |TAMS 0x0000000080b6b000, 0x0000000080b00000| Untracked 
|  12|0x0000000080c00000, 0x0000000080d00000, 0x0000000080d00000|100%| O|  |TAMS 0x0000000080d00000, 0x0000000080c00000| Untracked 
|  13|0x0000000080d00000, 0x0000000080e00000, 0x0000000080e00000|100%| O|  |TAMS 0x0000000080e00000, 0x0000000080d00000| Untracked 
|  14|0x0000000080e00000, 0x0000000080f00000, 0x0000000080f00000|100%| O|  |TAMS 0x0000000080f00000, 0x0000000080e00000| Untracked 
|  15|0x0000000080f00000, 0x0000000081000000, 0x0000000081000000|100%| O|  |TAMS 0x0000000081000000, 0x0000000080f00000| Untracked 
|  16|0x0000000081000000, 0x0000000081100000, 0x0000000081100000|100%| O|  |TAMS 0x0000000081100000, 0x0000000081000000| Untracked 
|  17|0x0000000081100000, 0x0000000081200000, 0x0000000081200000|100%| O|  |TAMS 0x0000000081200000, 0x0000000081100000| Untracked 
|  18|0x0000000081200000, 0x0000000081300000, 0x0000000081300000|100%| O|  |TAMS 0x0000000081300000, 0x0000000081200000| Untracked 
|  19|0x0000000081300000, 0x0000000081400000, 0x0000000081400000|100%| O|  |TAMS 0x0000000081400000, 0x0000000081300000| Untracked 
|  20|0x0000000081400000, 0x0000000081500000, 0x0000000081500000|100%| O|  |TAMS 0x0000000081480800, 0x0000000081400000| Untracked 
|  21|0x0000000081500000, 0x0000000081600000, 0x0000000081600000|100%| O|  |TAMS 0x0000000081500000, 0x0000000081500000| Untracked 
|  22|0x0000000081600000, 0x0000000081700000, 0x0000000081700000|100%| O|  |TAMS 0x0000000081600000, 0x0000000081600000| Untracked 
|  23|0x0000000081700000, 0x0000000081800000, 0x0000000081800000|100%| O|  |TAMS 0x0000000081700000, 0x0000000081700000| Untracked 
|  24|0x0000000081800000, 0x0000000081800000, 0x0000000081900000|  0%| F|  |TAMS 0x0000000081800000, 0x0000000081800000| Untracked 
|  25|0x0000000081900000, 0x0000000081900000, 0x0000000081a00000|  0%| F|  |TAMS 0x0000000081900000, 0x0000000081900000| Untracked 
|  26|0x0000000081a00000, 0x0000000081b00000, 0x0000000081b00000|100%| O|  |TAMS 0x0000000081a00000, 0x0000000081a00000| Untracked 
|  27|0x0000000081b00000, 0x0000000081c00000, 0x0000000081c00000|100%| O|  |TAMS 0x0000000081b00000, 0x0000000081b00000| Untracked 
|  28|0x0000000081c00000, 0x0000000081cb4000, 0x0000000081d00000| 70%| O|  |TAMS 0x0000000081c00000, 0x0000000081c00000| Untracked 
|  29|0x0000000081d00000, 0x0000000081e00000, 0x0000000081e00000|100%| O|  |TAMS 0x0000000081d00000, 0x0000000081d00000| Untracked 
|  30|0x0000000081e00000, 0x0000000081f00000, 0x0000000081f00000|100%| O|  |TAMS 0x0000000081e00000, 0x0000000081e00000| Untracked 
|  31|0x0000000081f00000, 0x0000000082000000, 0x0000000082000000|100%| O|  |TAMS 0x0000000081f00000, 0x0000000081f00000| Untracked 
|  32|0x0000000082000000, 0x0000000082100000, 0x0000000082100000|100%| O|  |TAMS 0x0000000082000000, 0x0000000082000000| Untracked 
|  33|0x0000000082100000, 0x0000000082100000, 0x0000000082200000|  0%| F|  |TAMS 0x0000000082100000, 0x0000000082100000| Untracked 
|  34|0x0000000082200000, 0x0000000082200000, 0x0000000082300000|  0%| F|  |TAMS 0x0000000082200000, 0x0000000082200000| Untracked 
|  35|0x0000000082300000, 0x0000000082300000, 0x0000000082400000|  0%| F|  |TAMS 0x0000000082300000, 0x0000000082300000| Untracked 
|  36|0x0000000082400000, 0x0000000082400000, 0x0000000082500000|  0%| F|  |TAMS 0x0000000082400000, 0x0000000082400000| Untracked 
|  37|0x0000000082500000, 0x0000000082500000, 0x0000000082600000|  0%| F|  |TAMS 0x0000000082500000, 0x0000000082500000| Untracked 
|  38|0x0000000082600000, 0x0000000082600000, 0x0000000082700000|  0%| F|  |TAMS 0x0000000082600000, 0x0000000082600000| Untracked 
|  39|0x0000000082700000, 0x0000000082700000, 0x0000000082800000|  0%| F|  |TAMS 0x0000000082700000, 0x0000000082700000| Untracked 
|  40|0x0000000082800000, 0x0000000082800000, 0x0000000082900000|  0%| F|  |TAMS 0x0000000082800000, 0x0000000082800000| Untracked 
|  41|0x0000000082900000, 0x0000000082900000, 0x0000000082a00000|  0%| F|  |TAMS 0x0000000082900000, 0x0000000082900000| Untracked 
|  42|0x0000000082a00000, 0x0000000082a00000, 0x0000000082b00000|  0%| F|  |TAMS 0x0000000082a00000, 0x0000000082a00000| Untracked 
|  43|0x0000000082b00000, 0x0000000082b00000, 0x0000000082c00000|  0%| F|  |TAMS 0x0000000082b00000, 0x0000000082b00000| Untracked 
|  44|0x0000000082c00000, 0x0000000082c35fb8, 0x0000000082d00000| 21%| S|CS|TAMS 0x0000000082c00000, 0x0000000082c00000| Complete 
|  45|0x0000000082d00000, 0x0000000082e00000, 0x0000000082e00000|100%| S|CS|TAMS 0x0000000082d00000, 0x0000000082d00000| Complete 
|  46|0x0000000082e00000, 0x0000000082e00000, 0x0000000082f00000|  0%| F|  |TAMS 0x0000000082e00000, 0x0000000082e00000| Untracked 
|  47|0x0000000082f00000, 0x0000000082f00000, 0x0000000083000000|  0%| F|  |TAMS 0x0000000082f00000, 0x0000000082f00000| Untracked 
|  48|0x0000000083000000, 0x0000000083000000, 0x0000000083100000|  0%| F|  |TAMS 0x0000000083000000, 0x0000000083000000| Untracked 
|  49|0x0000000083100000, 0x0000000083100000, 0x0000000083200000|  0%| F|  |TAMS 0x0000000083100000, 0x0000000083100000| Untracked 
|  50|0x0000000083200000, 0x0000000083200000, 0x0000000083300000|  0%| F|  |TAMS 0x0000000083200000, 0x0000000083200000| Untracked 
|  51|0x0000000083300000, 0x0000000083300000, 0x0000000083400000|  0%| F|  |TAMS 0x0000000083300000, 0x0000000083300000| Untracked 
|  52|0x0000000083400000, 0x00000000834c7bc8, 0x0000000083500000| 78%| E|  |TAMS 0x0000000083400000, 0x0000000083400000| Complete 
|  53|0x0000000083500000, 0x0000000083600000, 0x0000000083600000|100%| E|CS|TAMS 0x0000000083500000, 0x0000000083500000| Complete 
|  54|0x0000000083600000, 0x0000000083700000, 0x0000000083700000|100%| E|CS|TAMS 0x0000000083600000, 0x0000000083600000| Complete 
|  55|0x0000000083700000, 0x0000000083800000, 0x0000000083800000|100%| E|CS|TAMS 0x0000000083700000, 0x0000000083700000| Complete 
|  56|0x0000000083800000, 0x0000000083900000, 0x0000000083900000|100%| E|CS|TAMS 0x0000000083800000, 0x0000000083800000| Complete 
|  57|0x0000000083900000, 0x0000000083a00000, 0x0000000083a00000|100%| E|CS|TAMS 0x0000000083900000, 0x0000000083900000| Complete 
|  71|0x0000000084700000, 0x0000000084800000, 0x0000000084800000|100%| E|CS|TAMS 0x0000000084700000, 0x0000000084700000| Complete 
|  72|0x0000000084800000, 0x0000000084900000, 0x0000000084900000|100%| E|CS|TAMS 0x0000000084800000, 0x0000000084800000| Complete 
|  73|0x0000000084900000, 0x0000000084a00000, 0x0000000084a00000|100%| E|CS|TAMS 0x0000000084900000, 0x0000000084900000| Complete 
|  74|0x0000000084a00000, 0x0000000084b00000, 0x0000000084b00000|100%| E|CS|TAMS 0x0000000084a00000, 0x0000000084a00000| Complete 
|  75|0x0000000084b00000, 0x0000000084c00000, 0x0000000084c00000|100%| E|CS|TAMS 0x0000000084b00000, 0x0000000084b00000| Complete 
|  76|0x0000000084c00000, 0x0000000084d00000, 0x0000000084d00000|100%| E|CS|TAMS 0x0000000084c00000, 0x0000000084c00000| Complete 
|  77|0x0000000084d00000, 0x0000000084e00000, 0x0000000084e00000|100%| E|CS|TAMS 0x0000000084d00000, 0x0000000084d00000| Complete 
|  78|0x0000000084e00000, 0x0000000084f00000, 0x0000000084f00000|100%| E|CS|TAMS 0x0000000084e00000, 0x0000000084e00000| Complete 
| 125|0x0000000087d00000, 0x0000000087e00000, 0x0000000087e00000|100%| E|CS|TAMS 0x0000000087d00000, 0x0000000087d00000| Complete 

Card table byte_map: [0x000001839bd40000,0x000001839c140000] _byte_map_base: 0x000001839b940000

Marking Bits (Prev, Next): (CMBitMap*) 0x000001838918de90, (CMBitMap*) 0x000001838918ded0
 Prev Bits: [0x000001839c540000, 0x000001839e540000)
 Next Bits: [0x000001839e540000, 0x00000183a0540000)

Polling page: 0x00000183872c0000

Metaspace:

Usage:
  Non-class:     39.67 MB used.
      Class:      6.02 MB used.
       Both:     45.69 MB used.

Virtual space:
  Non-class space:       64.00 MB reserved,      39.94 MB ( 62%) committed,  1 nodes.
      Class space:        1.00 GB reserved,       6.19 MB ( <1%) committed,  1 nodes.
             Both:        1.06 GB reserved,      46.12 MB (  4%) committed. 

Chunk freelists:
   Non-Class:  7.86 MB
       Class:  9.82 MB
        Both:  17.68 MB

MaxMetaspaceSize: unlimited
CompressedClassSpaceSize: 1.00 GB
Initial GC threshold: 21.00 MB
Current GC threshold: 58.75 MB
CDS: off
MetaspaceReclaimPolicy: balanced
 - commit_granule_bytes: 65536.
 - commit_granule_words: 8192.
 - virtual_space_node_default_size: 8388608.
 - enlarge_chunks_in_place: 1.
 - new_chunks_are_fully_committed: 0.
 - uncommit_free_chunks: 1.
 - use_allocation_guard: 0.
 - handle_deallocations: 1.


Internal statistics:

num_allocs_failed_limit: 6.
num_arena_births: 474.
num_arena_deaths: 0.
num_vsnodes_births: 2.
num_vsnodes_deaths: 0.
num_space_committed: 738.
num_space_uncommitted: 0.
num_chunks_returned_to_freelist: 6.
num_chunks_taken_from_freelist: 1853.
num_chunk_merges: 6.
num_chunk_splits: 1251.
num_chunks_enlarged: 881.
num_inconsistent_stats: 0.

CodeHeap 'non-profiled nmethods': size=120000Kb used=2350Kb max_used=2350Kb free=117649Kb
 bounds [0x00000183940d0000, 0x0000018394340000, 0x000001839b600000]
CodeHeap 'profiled nmethods': size=120000Kb used=8308Kb max_used=8308Kb free=111691Kb
 bounds [0x000001838c600000, 0x000001838ce20000, 0x0000018393b30000]
CodeHeap 'non-nmethods': size=5760Kb used=2307Kb max_used=2354Kb free=3452Kb
 bounds [0x0000018393b30000, 0x0000018393da0000, 0x00000183940d0000]
 total_blobs=4825 nmethods=4020 adapters=717
 compilation: enabled
              stopped_count=0, restarted_count=0
 full_count=0

Compilation events (20 events):
Event: 5.204 Thread 0x00000183a3141bf0 4016       3       jdk.internal.jimage.BasicImageReader::verifyLocation (39 bytes)
Event: 5.205 Thread 0x00000183a3141bf0 nmethod 4016 0x000001838ce18d10 code [0x000001838ce18ee0, 0x000001838ce191a8]
Event: 5.205 Thread 0x00000183a3141bf0 4017       3       java.util.concurrent.ConcurrentHashMap$EntryIterator::next (5 bytes)
Event: 5.206 Thread 0x00000183a3141bf0 nmethod 4017 0x000001838ce19290 code [0x000001838ce19420, 0x000001838ce19568]
Event: 5.206 Thread 0x00000183a3141bf0 4018       3       java.util.concurrent.ConcurrentHashMap$EntryIterator::next (51 bytes)
Event: 5.206 Thread 0x00000183a3141bf0 nmethod 4018 0x000001838ce19610 code [0x000001838ce197e0, 0x000001838ce19cd8]
Event: 5.206 Thread 0x00000183a3141bf0 4019       3       com.google.common.collect.ImmutableList::asImmutableList (69 bytes)
Event: 5.207 Thread 0x00000183a3141bf0 nmethod 4019 0x000001838ce19e90 code [0x000001838ce1a100, 0x000001838ce1ac88]
Event: 5.226 Thread 0x00000183a3141bf0 4020       3       java.lang.String::regionMatches (150 bytes)
Event: 5.227 Thread 0x00000183a3141bf0 nmethod 4020 0x000001838ce1b090 code [0x000001838ce1b2e0, 0x000001838ce1bae8]
Event: 5.274 Thread 0x00000183a3141bf0 4021       3       sun.reflect.generics.visitor.Reifier::reifyTypeArguments (38 bytes)
Event: 5.274 Thread 0x00000183a3141bf0 nmethod 4021 0x000001838ce1bd90 code [0x000001838ce1bf60, 0x000001838ce1c448]
Event: 5.275 Thread 0x00000183a3141bf0 4022       3       org.gradle.internal.instantiation.generator.AbstractClassGenerator::access$2400 (5 bytes)
Event: 5.275 Thread 0x00000183a3141bf0 nmethod 4022 0x000001838ce1c610 code [0x000001838ce1c7c0, 0x000001838ce1c948]
Event: 5.275 Thread 0x00000183a3141bf0 4024       3       org.objectweb.asm.ClassVisitor::visitField (24 bytes)
Event: 5.275 Thread 0x00000183a3141bf0 nmethod 4024 0x000001838ce1ca10 code [0x000001838ce1cbc0, 0x000001838ce1cde8]
Event: 5.275 Thread 0x00000183a3141bf0 4023       3       org.gradle.internal.instantiation.generator.AbstractClassGenerator::isConfigurableFileCollectionType (7 bytes)
Event: 5.275 Thread 0x00000183a3141bf0 nmethod 4023 0x000001838ce1cf10 code [0x000001838ce1d0a0, 0x000001838ce1d1c8]
Event: 5.278 Thread 0x00000183a31412f0 4025  s!   4       jdk.internal.loader.URLClassPath::getLoader (194 bytes)
Event: 5.280 Thread 0x00000183a33ef040 4026 %     4       jdk.internal.loader.URLClassPath::getResource @ 39 (74 bytes)

GC Heap History (20 events):
Event: 0.667 GC heap before
{Heap before GC invocations=0 (full 0):
 garbage-first heap   total 129024K, used 26624K [0x0000000080000000, 0x0000000100000000)
  region size 1024K, 23 young (23552K), 0 survivors (0K)
 Metaspace       used 10461K, committed 10688K, reserved 1114112K
  class space    used 1089K, committed 1216K, reserved 1048576K
}
Event: 0.672 GC heap after
{Heap after GC invocations=1 (full 0):
 garbage-first heap   total 129024K, used 10718K [0x0000000080000000, 0x0000000100000000)
  region size 1024K, 3 young (3072K), 3 survivors (3072K)
 Metaspace       used 10461K, committed 10688K, reserved 1114112K
  class space    used 1089K, committed 1216K, reserved 1048576K
}
Event: 1.036 GC heap before
{Heap before GC invocations=1 (full 0):
 garbage-first heap   total 129024K, used 40414K [0x0000000080000000, 0x0000000100000000)
  region size 1024K, 31 young (31744K), 3 survivors (3072K)
 Metaspace       used 11448K, committed 11648K, reserved 1114112K
  class space    used 1194K, committed 1280K, reserved 1048576K
}
Event: 1.042 GC heap after
{Heap after GC invocations=2 (full 0):
 garbage-first heap   total 129024K, used 13268K [0x0000000080000000, 0x0000000100000000)
  region size 1024K, 3 young (3072K), 3 survivors (3072K)
 Metaspace       used 11448K, committed 11648K, reserved 1114112K
  class space    used 1194K, committed 1280K, reserved 1048576K
}
Event: 1.966 GC heap before
{Heap before GC invocations=2 (full 0):
 garbage-first heap   total 129024K, used 57300K [0x0000000080000000, 0x0000000100000000)
  region size 1024K, 47 young (48128K), 3 survivors (3072K)
 Metaspace       used 21276K, committed 21504K, reserved 1114112K
  class space    used 2576K, committed 2688K, reserved 1048576K
}
Event: 1.972 GC heap after
{Heap after GC invocations=3 (full 0):
 garbage-first heap   total 129024K, used 18628K [0x0000000080000000, 0x0000000100000000)
  region size 1024K, 8 young (8192K), 8 survivors (8192K)
 Metaspace       used 21276K, committed 21504K, reserved 1114112K
  class space    used 2576K, committed 2688K, reserved 1048576K
}
Event: 2.609 GC heap before
{Heap before GC invocations=4 (full 0):
 garbage-first heap   total 68608K, used 50372K [0x0000000080000000, 0x0000000100000000)
  region size 1024K, 40 young (40960K), 8 survivors (8192K)
 Metaspace       used 25949K, committed 26240K, reserved 1114112K
  class space    used 3392K, committed 3520K, reserved 1048576K
}
Event: 2.615 GC heap after
{Heap after GC invocations=5 (full 0):
 garbage-first heap   total 68608K, used 20892K [0x0000000080000000, 0x0000000100000000)
  region size 1024K, 3 young (3072K), 3 survivors (3072K)
 Metaspace       used 25949K, committed 26240K, reserved 1114112K
  class space    used 3392K, committed 3520K, reserved 1048576K
}
Event: 3.032 GC heap before
{Heap before GC invocations=5 (full 0):
 garbage-first heap   total 68608K, used 47516K [0x0000000080000000, 0x0000000100000000)
  region size 1024K, 29 young (29696K), 3 survivors (3072K)
 Metaspace       used 29655K, committed 29952K, reserved 1114112K
  class space    used 3990K, committed 4096K, reserved 1048576K
}
Event: 3.035 GC heap after
{Heap after GC invocations=6 (full 0):
 garbage-first heap   total 68608K, used 21880K [0x0000000080000000, 0x0000000100000000)
  region size 1024K, 4 young (4096K), 4 survivors (4096K)
 Metaspace       used 29655K, committed 29952K, reserved 1114112K
  class space    used 3990K, committed 4096K, reserved 1048576K
}
Event: 3.372 GC heap before
{Heap before GC invocations=6 (full 0):
 garbage-first heap   total 68608K, used 49528K [0x0000000080000000, 0x0000000100000000)
  region size 1024K, 31 young (31744K), 4 survivors (4096K)
 Metaspace       used 33251K, committed 33536K, reserved 1114112K
  class space    used 4570K, committed 4672K, reserved 1048576K
}
Event: 3.375 GC heap after
{Heap after GC invocations=7 (full 0):
 garbage-first heap   total 68608K, used 23267K [0x0000000080000000, 0x0000000100000000)
  region size 1024K, 3 young (3072K), 3 survivors (3072K)
 Metaspace       used 33251K, committed 33536K, reserved 1114112K
  class space    used 4570K, committed 4672K, reserved 1048576K
}
Event: 3.637 GC heap before
{Heap before GC invocations=7 (full 0):
 garbage-first heap   total 68608K, used 36579K [0x0000000080000000, 0x0000000100000000)
  region size 1024K, 17 young (17408K), 3 survivors (3072K)
 Metaspace       used 35616K, committed 35968K, reserved 1114112K
  class space    used 4946K, committed 5120K, reserved 1048576K
}
Event: 3.640 GC heap after
{Heap after GC invocations=8 (full 0):
 garbage-first heap   total 68608K, used 24268K [0x0000000080000000, 0x0000000100000000)
  region size 1024K, 3 young (3072K), 3 survivors (3072K)
 Metaspace       used 35616K, committed 35968K, reserved 1114112K
  class space    used 4946K, committed 5120K, reserved 1048576K
}
Event: 4.272 GC heap before
{Heap before GC invocations=9 (full 0):
 garbage-first heap   total 68608K, used 50892K [0x0000000080000000, 0x0000000100000000)
  region size 1024K, 30 young (30720K), 3 survivors (3072K)
 Metaspace       used 41114K, committed 41472K, reserved 1114112K
  class space    used 5476K, committed 5632K, reserved 1048576K
}
Event: 4.278 GC heap after
{Heap after GC invocations=10 (full 0):
 garbage-first heap   total 68608K, used 27791K [0x0000000080000000, 0x0000000100000000)
  region size 1024K, 4 young (4096K), 4 survivors (4096K)
 Metaspace       used 41114K, committed 41472K, reserved 1114112K
  class space    used 5476K, committed 5632K, reserved 1048576K
}
Event: 4.682 GC heap before
{Heap before GC invocations=10 (full 0):
 garbage-first heap   total 68608K, used 56463K [0x0000000080000000, 0x0000000100000000)
  region size 1024K, 28 young (28672K), 4 survivors (4096K)
 Metaspace       used 43252K, committed 43712K, reserved 1114112K
  class space    used 5679K, committed 5888K, reserved 1048576K
}
Event: 4.690 GC heap after
{Heap after GC invocations=11 (full 0):
 garbage-first heap   total 68608K, used 30639K [0x0000000080000000, 0x0000000100000000)
  region size 1024K, 3 young (3072K), 3 survivors (3072K)
 Metaspace       used 43252K, committed 43712K, reserved 1114112K
  class space    used 5679K, committed 5888K, reserved 1048576K
}
Event: 5.011 GC heap before
{Heap before GC invocations=11 (full 0):
 garbage-first heap   total 68608K, used 53167K [0x0000000080000000, 0x0000000100000000)
  region size 1024K, 24 young (24576K), 3 survivors (3072K)
 Metaspace       used 45083K, committed 45568K, reserved 1114112K
  class space    used 5853K, committed 6080K, reserved 1048576K
}
Event: 5.016 GC heap after
{Heap after GC invocations=12 (full 0):
 garbage-first heap   total 68608K, used 32083K [0x0000000080000000, 0x0000000100000000)
  region size 1024K, 2 young (2048K), 2 survivors (2048K)
 Metaspace       used 45083K, committed 45568K, reserved 1114112K
  class space    used 5853K, committed 6080K, reserved 1048576K
}

Dll operation events (3 events):
Event: 0.012 Loaded shared library C:\Program Files\Android\Android Studio\jbr\bin\java.dll
Event: 0.124 Loaded shared library C:\Program Files\Android\Android Studio\jbr\bin\zip.dll
Event: 0.391 Loaded shared library C:\Program Files\Android\Android Studio\jbr\bin\verify.dll

Deoptimization events (20 events):
Event: 5.208 Thread 0x00000183a860b810 Uncommon trap: trap_request=0xffffff45 fr.pc=0x00000183941b919c relative=0x00000000000005dc
Event: 5.208 Thread 0x00000183a860b810 Uncommon trap: reason=unstable_if action=reinterpret pc=0x00000183941b919c method=java.lang.String.regionMatches(ZILjava/lang/String;II)Z @ 36 c2
Event: 5.208 Thread 0x00000183a860b810 DEOPT PACKING pc=0x00000183941b919c sp=0x0000005ce48f9620
Event: 5.208 Thread 0x00000183a860b810 DEOPT UNPACKING pc=0x0000018393b8a1a3 sp=0x0000005ce48f9598 mode 2
Event: 5.272 Thread 0x00000183a860b810 Uncommon trap: trap_request=0xffffffde fr.pc=0x000001839427e03c relative=0x000000000000567c
Event: 5.272 Thread 0x00000183a860b810 Uncommon trap: reason=class_check action=maybe_recompile pc=0x000001839427e03c method=jdk.internal.loader.URLClassPath.getLoader(I)Ljdk/internal/loader/URLClassPath$Loader; @ 190 c2
Event: 5.272 Thread 0x00000183a860b810 DEOPT PACKING pc=0x000001839427e03c sp=0x0000005ce48f93e0
Event: 5.272 Thread 0x00000183a860b810 DEOPT UNPACKING pc=0x0000018393b8a1a3 sp=0x0000005ce48f9400 mode 2
Event: 5.272 Thread 0x00000183a860b810 Uncommon trap: trap_request=0xffffffde fr.pc=0x00000183942b2c3c relative=0x000000000000051c
Event: 5.272 Thread 0x00000183a860b810 Uncommon trap: reason=class_check action=maybe_recompile pc=0x00000183942b2c3c method=jdk.internal.loader.URLClassPath.getResource(Ljava/lang/String;Z)Ljdk/internal/loader/Resource; @ 53 c2
Event: 5.272 Thread 0x00000183a860b810 DEOPT PACKING pc=0x00000183942b2c3c sp=0x0000005ce48f94d0
Event: 5.272 Thread 0x00000183a860b810 DEOPT UNPACKING pc=0x0000018393b8a1a3 sp=0x0000005ce48f9490 mode 2
Event: 5.276 Thread 0x00000183a860b810 Uncommon trap: trap_request=0xffffffde fr.pc=0x000001839427e03c relative=0x000000000000567c
Event: 5.276 Thread 0x00000183a860b810 Uncommon trap: reason=class_check action=maybe_recompile pc=0x000001839427e03c method=jdk.internal.loader.URLClassPath.getLoader(I)Ljdk/internal/loader/URLClassPath$Loader; @ 190 c2
Event: 5.276 Thread 0x00000183a860b810 DEOPT PACKING pc=0x000001839427e03c sp=0x0000005ce48f92a0
Event: 5.276 Thread 0x00000183a860b810 DEOPT UNPACKING pc=0x0000018393b8a1a3 sp=0x0000005ce48f92c0 mode 2
Event: 5.276 Thread 0x00000183a860b810 Uncommon trap: trap_request=0xffffffde fr.pc=0x00000183942b2c3c relative=0x000000000000051c
Event: 5.276 Thread 0x00000183a860b810 Uncommon trap: reason=class_check action=maybe_recompile pc=0x00000183942b2c3c method=jdk.internal.loader.URLClassPath.getResource(Ljava/lang/String;Z)Ljdk/internal/loader/Resource; @ 53 c2
Event: 5.276 Thread 0x00000183a860b810 DEOPT PACKING pc=0x00000183942b2c3c sp=0x0000005ce48f9390
Event: 5.277 Thread 0x00000183a860b810 DEOPT UNPACKING pc=0x0000018393b8a1a3 sp=0x0000005ce48f9350 mode 2

Classes unloaded (0 events):
No events

Classes redefined (0 events):
No events

Internal exceptions (20 events):
Event: 4.677 Thread 0x00000183a860b810 Exception <a 'sun/nio/fs/WindowsException'{0x0000000082bd4598}> (0x0000000082bd4598) 
thrown [s\src\hotspot\share\prims\jni.cpp, line 517]
Event: 4.707 Thread 0x00000183a860b810 Exception <a 'java/lang/NoSuchMethodError'{0x0000000087ddedf8}: 'java.lang.Object java.lang.invoke.Invokers$Holder.invoker(java.lang.Object, java.lang.Object, java.lang.Object, java.lang.Object, java.lang.Object, java.lang.Object, java.lang.Object, java.lang.Object, java.lang.Object)'> (0x0000000087ddedf8) 
thrown [s\src\hotspot\share\interpreter\linkResolver.cpp, line 771]
Event: 4.727 Thread 0x00000183a860b810 Exception <a 'java/lang/NoSuchMethodError'{0x0000000084e90278}: 'java.lang.Object java.lang.invoke.Invokers$Holder.invoker(java.lang.Object, java.lang.Object, java.lang.Object, java.lang.Object)'> (0x0000000084e90278) 
thrown [s\src\hotspot\share\interpreter\linkResolver.cpp, line 771]
Event: 4.750 Thread 0x00000183a860b810 Exception <a 'java/lang/NoSuchMethodError'{0x0000000084d3d428}: 'java.lang.Object java.lang.invoke.DelegatingMethodHandle$Holder.reinvoke_L(java.lang.Object, java.lang.Object, java.lang.Object, java.lang.Object, java.lang.Object, java.lang.Object, java.lang.Object, java.lang.Object, java.lang.Object, java.lang.Object, java.lang.Object, java.lang.Object, java.lang.Object, java.lang.Object, java.lang.Object, java.lang.Object, java.lang.Object, java.lang.Object, java.lang.Object, java.lang.Object, java.lang.O
Event: 4.751 Thread 0x00000183a860b810 Exception <a 'java/lang/NoSuchMethodError'{0x0000000084d48940}: 'java.lang.Object java.lang.invoke.Invokers$Holder.invoker(java.lang.Object, java.lang.Object, java.lang.Object, java.lang.Object, java.lang.Object, java.lang.Object, java.lang.Object, java.lang.Object, java.lang.Object, java.lang.Object, java.lang.Object, java.lang.Object, java.lang.Object, java.lang.Object, java.lang.Object, java.lang.Object, java.lang.Object, java.lang.Object, java.lang.Object, java.lang.Object, java.lang.Object, java.lang.
Event: 4.752 Thread 0x00000183a860b810 Exception <a 'java/lang/NoSuchMethodError'{0x0000000084d4f548}: 'java.lang.Object java.lang.invoke.DelegatingMethodHandle$Holder.delegate(java.lang.Object, java.lang.Object, java.lang.Object, java.lang.Object, java.lang.Object, java.lang.Object, java.lang.Object, java.lang.Object, java.lang.Object, java.lang.Object, java.lang.Object, java.lang.Object, java.lang.Object, java.lang.Object, java.lang.Object, java.lang.Object, java.lang.Object, java.lang.Object, java.lang.Object, java.lang.Object, java.lang.Obj
Event: 4.758 Thread 0x00000183a860b810 Exception <a 'java/lang/NoSuchMethodError'{0x0000000084ddb5b0}: 'java.lang.Object java.lang.invoke.DirectMethodHandle$Holder.invokeStatic(java.lang.Object, java.lang.Object, java.lang.Object, java.lang.Object, java.lang.Object, java.lang.Object, java.lang.Object, java.lang.Object, java.lang.Object, java.lang.Object, java.lang.Object, java.lang.Object, java.lang.Object, java.lang.Object, java.lang.Object, java.lang.Object, java.lang.Object)'> (0x0000000084ddb5b0) 
thrown [s\src\hotspot\share\interpreter\lin
Event: 4.760 Thread 0x00000183a860b810 Exception <a 'java/lang/NoSuchMethodError'{0x0000000084c05bd8}: 'java.lang.Object java.lang.invoke.DirectMethodHandle$Holder.invokeStatic(java.lang.Object, java.lang.Object, java.lang.Object, java.lang.Object, java.lang.Object, java.lang.Object, java.lang.Object, java.lang.Object, java.lang.Object, java.lang.Object, java.lang.Object, java.lang.Object, java.lang.Object, java.lang.Object, java.lang.Object, java.lang.Object, java.lang.Object, java.lang.Object)'> (0x0000000084c05bd8) 
thrown [s\src\hotspot\sha
Event: 4.762 Thread 0x00000183a860b810 Exception <a 'java/lang/NoSuchMethodError'{0x0000000084c2fe10}: 'java.lang.Object java.lang.invoke.DirectMethodHandle$Holder.invokeStatic(java.lang.Object, java.lang.Object, java.lang.Object, java.lang.Object, java.lang.Object, java.lang.Object, java.lang.Object, java.lang.Object, java.lang.Object, java.lang.Object, java.lang.Object, java.lang.Object, java.lang.Object, java.lang.Object, java.lang.Object, java.lang.Object, java.lang.Object, java.lang.Object, java.lang.Object)'> (0x0000000084c2fe10) 
thrown 
Event: 4.764 Thread 0x00000183a860b810 Exception <a 'java/lang/NoSuchMethodError'{0x0000000084c5ae18}: 'java.lang.Object java.lang.invoke.DirectMethodHandle$Holder.invokeStatic(java.lang.Object, java.lang.Object, java.lang.Object, java.lang.Object, java.lang.Object, java.lang.Object, java.lang.Object, java.lang.Object, java.lang.Object, java.lang.Object, java.lang.Object, java.lang.Object, java.lang.Object, java.lang.Object, java.lang.Object, java.lang.Object, java.lang.Object, java.lang.Object, java.lang.Object, java.lang.Object)'> (0x00000000
Event: 4.766 Thread 0x00000183a860b810 Exception <a 'java/lang/NoSuchMethodError'{0x0000000084c87198}: 'java.lang.Object java.lang.invoke.DirectMethodHandle$Holder.invokeStatic(java.lang.Object, java.lang.Object, java.lang.Object, java.lang.Object, java.lang.Object, java.lang.Object, java.lang.Object, java.lang.Object, java.lang.Object, java.lang.Object, java.lang.Object, java.lang.Object, java.lang.Object, java.lang.Object, java.lang.Object, java.lang.Object, java.lang.Object, java.lang.Object, java.lang.Object, java.lang.Object, java.lang.Obj
Event: 4.768 Thread 0x00000183a860b810 Exception <a 'java/lang/NoSuchMethodError'{0x0000000084cb3c78}: 'java.lang.Object java.lang.invoke.DirectMethodHandle$Holder.invokeStatic(java.lang.Object, java.lang.Object, java.lang.Object, java.lang.Object, java.lang.Object, java.lang.Object, java.lang.Object, java.lang.Object, java.lang.Object, java.lang.Object, java.lang.Object, java.lang.Object, java.lang.Object, java.lang.Object, java.lang.Object, java.lang.Object, java.lang.Object, java.lang.Object, java.lang.Object, java.lang.Object, java.lang.Obj
Event: 4.772 Thread 0x00000183a860b810 Exception <a 'java/lang/NoSuchMethodError'{0x0000000084ce36b0}: 'java.lang.Object java.lang.invoke.DirectMethodHandle$Holder.invokeStatic(java.lang.Object, java.lang.Object, java.lang.Object, java.lang.Object, java.lang.Object, java.lang.Object, java.lang.Object, java.lang.Object, java.lang.Object, java.lang.Object, java.lang.Object, java.lang.Object, java.lang.Object, java.lang.Object, java.lang.Object, java.lang.Object, java.lang.Object, java.lang.Object, java.lang.Object, java.lang.Object, java.lang.Obj
Event: 4.775 Thread 0x00000183a860b810 Exception <a 'java/lang/NoSuchMethodError'{0x0000000084b133f8}: 'java.lang.Object java.lang.invoke.DirectMethodHandle$Holder.invokeStatic(java.lang.Object, java.lang.Object, java.lang.Object, java.lang.Object, java.lang.Object, java.lang.Object, java.lang.Object, java.lang.Object, java.lang.Object, java.lang.Object, java.lang.Object, java.lang.Object, java.lang.Object, java.lang.Object, java.lang.Object, java.lang.Object, java.lang.Object, java.lang.Object, java.lang.Object, java.lang.Object, java.lang.Obj
Event: 4.778 Thread 0x00000183a860b810 Exception <a 'java/lang/NoSuchMethodError'{0x0000000084b44778}: 'java.lang.Object java.lang.invoke.DirectMethodHandle$Holder.invokeStatic(java.lang.Object, java.lang.Object, java.lang.Object, java.lang.Object, java.lang.Object, java.lang.Object, java.lang.Object, java.lang.Object, java.lang.Object, java.lang.Object, java.lang.Object, java.lang.Object, java.lang.Object, java.lang.Object, java.lang.Object, java.lang.Object, java.lang.Object, java.lang.Object, java.lang.Object, java.lang.Object, java.lang.Obj
Event: 4.948 Thread 0x00000183a860b810 Exception <a 'java/lang/IncompatibleClassChangeError'{0x00000000830e84f0}: Found class java.lang.Object, but interface was expected> (0x00000000830e84f0) 
thrown [s\src\hotspot\share\interpreter\linkResolver.cpp, line 838]
Event: 5.070 Thread 0x00000183a860b810 Exception <a 'java/lang/IncompatibleClassChangeError'{0x0000000084e66fe0}: Found class java.lang.Object, but interface was expected> (0x0000000084e66fe0) 
thrown [s\src\hotspot\share\interpreter\linkResolver.cpp, line 838]
Event: 5.079 Thread 0x00000183a860b810 Exception <a 'java/lang/NoSuchMethodError'{0x0000000084ef4868}: 'void java.lang.invoke.DirectMethodHandle$Holder.invokeStatic(java.lang.Object, java.lang.Object, java.lang.Object, java.lang.Object, java.lang.Object, java.lang.Object)'> (0x0000000084ef4868) 
thrown [s\src\hotspot\share\interpreter\linkResolver.cpp, line 771]
Event: 5.096 Thread 0x00000183a860b810 Exception <a 'java/lang/NoSuchMethodError'{0x0000000084c1fa40}: 'int java.lang.invoke.DirectMethodHandle$Holder.invokeStaticInit(java.lang.Object, java.lang.Object, java.lang.Object, java.lang.Object, java.lang.Object)'> (0x0000000084c1fa40) 
thrown [s\src\hotspot\share\interpreter\linkResolver.cpp, line 771]
Event: 5.203 Thread 0x00000183a860b810 Implicit null exception at 0x000001839425c76c to 0x000001839425c810

VM Operations (20 events):
Event: 4.088 Executing VM operation: HandshakeAllThreads
Event: 4.088 Executing VM operation: HandshakeAllThreads done
Event: 4.094 Executing VM operation: HandshakeAllThreads
Event: 4.094 Executing VM operation: HandshakeAllThreads done
Event: 4.105 Executing VM operation: HandshakeAllThreads
Event: 4.105 Executing VM operation: HandshakeAllThreads done
Event: 4.113 Executing VM operation: HandshakeAllThreads
Event: 4.113 Executing VM operation: HandshakeAllThreads done
Event: 4.220 Executing VM operation: HandshakeAllThreads
Event: 4.220 Executing VM operation: HandshakeAllThreads done
Event: 4.271 Executing VM operation: G1CollectForAllocation
Event: 4.278 Executing VM operation: G1CollectForAllocation done
Event: 4.682 Executing VM operation: G1CollectForAllocation
Event: 4.690 Executing VM operation: G1CollectForAllocation done
Event: 4.951 Executing VM operation: HandshakeAllThreads
Event: 4.951 Executing VM operation: HandshakeAllThreads done
Event: 5.011 Executing VM operation: G1CollectForAllocation
Event: 5.017 Executing VM operation: G1CollectForAllocation done
Event: 5.181 Executing VM operation: HandshakeAllThreads
Event: 5.181 Executing VM operation: HandshakeAllThreads done

Events (20 events):
Event: 5.044 loading class java/util/stream/ReduceOps$6
Event: 5.044 loading class java/util/stream/ReduceOps$6 done
Event: 5.044 loading class java/util/stream/ReduceOps$5ReducingSink
Event: 5.044 loading class java/util/stream/ReduceOps$5ReducingSink done
Event: 5.044 loading class java/util/stream/ReferencePipeline$4$1
Event: 5.045 loading class java/util/stream/ReferencePipeline$4$1 done
Event: 5.108 Thread 0x00000183aa7a0c00 Thread added: 0x00000183aa7a0c00
Event: 5.108 Thread 0x00000183aa7a28e0 Thread added: 0x00000183aa7a28e0
Event: 5.122 loading class jdk/internal/loader/URLClassPath$FileLoader
Event: 5.122 loading class jdk/internal/loader/URLClassPath$FileLoader done
Event: 5.123 loading class jdk/internal/loader/URLClassPath$FileLoader$1
Event: 5.123 loading class jdk/internal/loader/URLClassPath$FileLoader$1 done
Event: 5.166 loading class sun/reflect/generics/tree/BooleanSignature
Event: 5.166 loading class sun/reflect/generics/tree/BooleanSignature done
Event: 5.266 loading class java/util/concurrent/atomic/AtomicReferenceFieldUpdater
Event: 5.266 loading class java/util/concurrent/atomic/AtomicReferenceFieldUpdater done
Event: 5.266 loading class java/util/concurrent/atomic/AtomicReferenceFieldUpdater$AtomicReferenceFieldUpdaterImpl
Event: 5.266 loading class java/util/concurrent/atomic/AtomicReferenceFieldUpdater$AtomicReferenceFieldUpdaterImpl done
Event: 5.266 loading class java/util/concurrent/atomic/AtomicReferenceFieldUpdater$AtomicReferenceFieldUpdaterImpl$1
Event: 5.266 loading class java/util/concurrent/atomic/AtomicReferenceFieldUpdater$AtomicReferenceFieldUpdaterImpl$1 done


Dynamic libraries:
0x00007ff6a2f10000 - 0x00007ff6a2f1a000 	C:\Program Files\Android\Android Studio\jbr\bin\java.exe
0x00007ff941410000 - 0x00007ff941626000 	C:\WINDOWS\SYSTEM32\ntdll.dll
0x00007ff940340000 - 0x00007ff940404000 	C:\WINDOWS\System32\KERNEL32.DLL
0x00007ff93eae0000 - 0x00007ff93ee87000 	C:\WINDOWS\System32\KERNELBASE.dll
0x00007ff93e9c0000 - 0x00007ff93ead1000 	C:\WINDOWS\System32\ucrtbase.dll
0x00007ff8f4a60000 - 0x00007ff8f4a77000 	C:\Program Files\Android\Android Studio\jbr\bin\jli.dll
0x00007ff8ed800000 - 0x00007ff8ed81b000 	C:\Program Files\Android\Android Studio\jbr\bin\VCRUNTIME140.dll
0x00007ff93fb70000 - 0x00007ff93fd1e000 	C:\WINDOWS\System32\USER32.dll
0x00007ff93f0a0000 - 0x00007ff93f0c6000 	C:\WINDOWS\System32\win32u.dll
0x00007ff91fc20000 - 0x00007ff91feb3000 	C:\WINDOWS\WinSxS\amd64_microsoft.windows.common-controls_6595b64144ccf1df_6.0.22621.3235_none_270f74e173860f98\COMCTL32.dll
0x00007ff940a10000 - 0x00007ff940a39000 	C:\WINDOWS\System32\GDI32.dll
0x00007ff940520000 - 0x00007ff9405c7000 	C:\WINDOWS\System32\msvcrt.dll
0x00007ff93e8a0000 - 0x00007ff93e9b9000 	C:\WINDOWS\System32\gdi32full.dll
0x00007ff93f000000 - 0x00007ff93f09a000 	C:\WINDOWS\System32\msvcp_win.dll
0x00007ff93fd90000 - 0x00007ff93fdc1000 	C:\WINDOWS\System32\IMM32.DLL
0x00007ff910a80000 - 0x00007ff910a8c000 	C:\Program Files\Android\Android Studio\jbr\bin\vcruntime140_1.dll
0x00007ff8ed050000 - 0x00007ff8ed0dd000 	C:\Program Files\Android\Android Studio\jbr\bin\msvcp140.dll
0x00007ff8d14e0000 - 0x00007ff8d2160000 	C:\Program Files\Android\Android Studio\jbr\bin\server\jvm.dll
0x00007ff93fdd0000 - 0x00007ff93fe82000 	C:\WINDOWS\System32\ADVAPI32.dll
0x00007ff9405d0000 - 0x00007ff940678000 	C:\WINDOWS\System32\sechost.dll
0x00007ff93efd0000 - 0x00007ff93eff8000 	C:\WINDOWS\System32\bcrypt.dll
0x00007ff9412a0000 - 0x00007ff9413b5000 	C:\WINDOWS\System32\RPCRT4.dll
0x00007ff91b410000 - 0x00007ff91b419000 	C:\WINDOWS\SYSTEM32\WSOCK32.dll
0x00007ff933970000 - 0x00007ff9339a4000 	C:\WINDOWS\SYSTEM32\WINMM.dll
0x00007ff9310a0000 - 0x00007ff9310aa000 	C:\WINDOWS\SYSTEM32\VERSION.dll
0x00007ff93f970000 - 0x00007ff93f9e1000 	C:\WINDOWS\System32\WS2_32.dll
0x00007ff93d750000 - 0x00007ff93d768000 	C:\WINDOWS\SYSTEM32\kernel.appcore.dll
0x00007ff92c5d0000 - 0x00007ff92c5da000 	C:\Program Files\Android\Android Studio\jbr\bin\jimage.dll
0x00007ff93bfa0000 - 0x00007ff93c1d3000 	C:\WINDOWS\SYSTEM32\DBGHELP.DLL
0x00007ff93f5c0000 - 0x00007ff93f948000 	C:\WINDOWS\System32\combase.dll
0x00007ff93ff00000 - 0x00007ff93ffd7000 	C:\WINDOWS\System32\OLEAUT32.dll
0x00007ff92d3e0000 - 0x00007ff92d412000 	C:\WINDOWS\SYSTEM32\dbgcore.DLL
0x00007ff93ef50000 - 0x00007ff93efc9000 	C:\WINDOWS\System32\bcryptPrimitives.dll
0x00007ff916010000 - 0x00007ff91601e000 	C:\Program Files\Android\Android Studio\jbr\bin\instrument.dll
0x00007ff8f4b50000 - 0x00007ff8f4b75000 	C:\Program Files\Android\Android Studio\jbr\bin\java.dll
0x00007ff915940000 - 0x00007ff915958000 	C:\Program Files\Android\Android Studio\jbr\bin\zip.dll
0x00007ff940a40000 - 0x00007ff94129c000 	C:\WINDOWS\System32\SHELL32.dll
0x00007ff93c640000 - 0x00007ff93cf39000 	C:\WINDOWS\SYSTEM32\windows.storage.dll
0x00007ff93c500000 - 0x00007ff93c63e000 	C:\WINDOWS\SYSTEM32\wintypes.dll
0x00007ff9408f0000 - 0x00007ff9409e3000 	C:\WINDOWS\System32\SHCORE.dll
0x00007ff9404c0000 - 0x00007ff94051e000 	C:\WINDOWS\System32\shlwapi.dll
0x00007ff93e660000 - 0x00007ff93e681000 	C:\WINDOWS\SYSTEM32\profapi.dll
0x00007ff8f9190000 - 0x00007ff8f91a9000 	C:\Program Files\Android\Android Studio\jbr\bin\net.dll
0x00007ff938f00000 - 0x00007ff939036000 	C:\WINDOWS\SYSTEM32\WINHTTP.dll
0x00007ff93dbc0000 - 0x00007ff93dc29000 	C:\WINDOWS\system32\mswsock.dll
0x00007ff8f8fe0000 - 0x00007ff8f8ff6000 	C:\Program Files\Android\Android Studio\jbr\bin\nio.dll
0x00007ff921be0000 - 0x00007ff921bf0000 	C:\Program Files\Android\Android Studio\jbr\bin\verify.dll
0x00007ff8f4a30000 - 0x00007ff8f4a57000 	C:\Users\hamra\.gradle\native\68d5fa5c4cc2d200863cafc0d521ce42e7d3e7ee720ec0a83991735586a16f82\windows-amd64\native-platform.dll
0x00007ff8ec370000 - 0x00007ff8ec4b4000 	C:\Users\hamra\.gradle\native\e376f236ea51e6404a007f0833ffe2c6e607c4080706a723a18a27aeea778392\windows-amd64\native-platform-file-events.dll
0x00007ff920880000 - 0x00007ff920889000 	C:\Program Files\Android\Android Studio\jbr\bin\management.dll
0x00007ff916d30000 - 0x00007ff916d3b000 	C:\Program Files\Android\Android Studio\jbr\bin\management_ext.dll
0x00007ff93f950000 - 0x00007ff93f958000 	C:\WINDOWS\System32\PSAPI.DLL
0x00007ff93de30000 - 0x00007ff93de4b000 	C:\WINDOWS\SYSTEM32\CRYPTSP.dll
0x00007ff93d6b0000 - 0x00007ff93d6e5000 	C:\WINDOWS\system32\rsaenh.dll
0x00007ff93dcc0000 - 0x00007ff93dce8000 	C:\WINDOWS\SYSTEM32\USERENV.dll
0x00007ff93de20000 - 0x00007ff93de2c000 	C:\WINDOWS\SYSTEM32\CRYPTBASE.dll
0x00007ff93d1e0000 - 0x00007ff93d20d000 	C:\WINDOWS\SYSTEM32\IPHLPAPI.DLL
0x00007ff93fd80000 - 0x00007ff93fd89000 	C:\WINDOWS\System32\NSI.dll
0x00007ff938830000 - 0x00007ff938849000 	C:\WINDOWS\SYSTEM32\dhcpcsvc6.DLL
0x00007ff9387e0000 - 0x00007ff9387ff000 	C:\WINDOWS\SYSTEM32\dhcpcsvc.DLL
0x00007ff93d210000 - 0x00007ff93d309000 	C:\WINDOWS\SYSTEM32\DNSAPI.dll
0x00007ff9396b0000 - 0x00007ff9396b8000 	C:\WINDOWS\system32\wshunix.dll

dbghelp: loaded successfully - version: 4.0.5 - missing functions: none
symbol engine: initialized successfully - sym options: 0x614 - pdb path: .;C:\Program Files\Android\Android Studio\jbr\bin;C:\WINDOWS\SYSTEM32;C:\WINDOWS\WinSxS\amd64_microsoft.windows.common-controls_6595b64144ccf1df_6.0.22621.3235_none_270f74e173860f98;C:\Program Files\Android\Android Studio\jbr\bin\server;C:\Users\hamra\.gradle\native\68d5fa5c4cc2d200863cafc0d521ce42e7d3e7ee720ec0a83991735586a16f82\windows-amd64;C:\Users\hamra\.gradle\native\e376f236ea51e6404a007f0833ffe2c6e607c4080706a723a18a27aeea778392\windows-amd64

VM Arguments:
jvm_args: --add-opens=java.base/java.util=ALL-UNNAMED --add-opens=java.base/java.lang=ALL-UNNAMED --add-opens=java.base/java.lang.invoke=ALL-UNNAMED --add-opens=java.prefs/java.util.prefs=ALL-UNNAMED --add-opens=java.base/java.nio.charset=ALL-UNNAMED --add-opens=java.base/java.net=ALL-UNNAMED --add-opens=java.base/java.util.concurrent.atomic=ALL-UNNAMED -Xmx2048m -Dfile.encoding=UTF-8 -Duser.country=US -Duser.language=en -Duser.variant -javaagent:C:\Users\hamra\.gradle\wrapper\dists\gradle-8.2-bin\bbg7u40eoinfdyxsxr3z4i7ta\gradle-8.2\lib\agents\gradle-instrumentation-agent-8.2.jar 
java_command: org.gradle.launcher.daemon.bootstrap.GradleDaemon 8.2
java_class_path (initial): C:\Users\hamra\.gradle\wrapper\dists\gradle-8.2-bin\bbg7u40eoinfdyxsxr3z4i7ta\gradle-8.2\lib\gradle-launcher-8.2.jar
Launcher Type: SUN_STANDARD

[Global flags]
     intx CICompilerCount                          = 4                                         {product} {ergonomic}
     uint ConcGCThreads                            = 2                                         {product} {ergonomic}
     uint G1ConcRefinementThreads                  = 8                                         {product} {ergonomic}
   size_t G1HeapRegionSize                         = 1048576                                   {product} {ergonomic}
    uintx GCDrainStackTargetSize                   = 64                                        {product} {ergonomic}
   size_t InitialHeapSize                          = 132120576                                 {product} {ergonomic}
   size_t MarkStackSize                            = 4194304                                   {product} {ergonomic}
   size_t MaxHeapSize                              = 2147483648                                {product} {command line}
   size_t MaxNewSize                               = 1287651328                                {product} {ergonomic}
   size_t MinHeapDeltaBytes                        = 1048576                                   {product} {ergonomic}
   size_t MinHeapSize                              = 8388608                                   {product} {ergonomic}
    uintx NonNMethodCodeHeapSize                   = 5839372                                {pd product} {ergonomic}
    uintx NonProfiledCodeHeapSize                  = 122909434                              {pd product} {ergonomic}
    uintx ProfiledCodeHeapSize                     = 122909434                              {pd product} {ergonomic}
    uintx ReservedCodeCacheSize                    = 251658240                              {pd product} {ergonomic}
     bool SegmentedCodeCache                       = true                                      {product} {ergonomic}
   size_t SoftMaxHeapSize                          = 2147483648                             {manageable} {ergonomic}
     bool UseCompressedClassPointers               = true                           {product lp64_product} {ergonomic}
     bool UseCompressedOops                        = true                           {product lp64_product} {ergonomic}
     bool UseG1GC                                  = true                                      {product} {ergonomic}
     bool UseLargePagesIndividualAllocation        = false                                  {pd product} {ergonomic}

Logging:
Log output configuration:
 #0: stdout all=warning uptime,level,tags
 #1: stderr all=off uptime,level,tags

Environment Variables:
PATH=C:\Program Files\Common Files\Oracle\Java\javapath;C:\WINDOWS\system32;C:\WINDOWS;C:\WINDOWS\System32\Wbem;C:\WINDOWS\System32\WindowsPowerShell\v1.0\;C:\WINDOWS\System32\OpenSSH\;C:\Program Files\dotnet\;C:\Program Files\Java\jdk-21\bin;C:\Program Files\Git\cmd;C:\Users\hamra\AppData\Local\Programs\Python\Python310\Scripts\;C:\Users\hamra\AppData\Local\Programs\Python\Python310\;C:\Users\hamra\AppData\Local\Microsoft\WindowsApps;C:\Users\hamra\.dotnet\tools;C:\Users\hamra\AppData\Local\Programs\Microsoft VS Code\bin;C:\Users\hamra\AppData\Local\gitkraken\bin
USERNAME=hamra
OS=Windows_NT
PROCESSOR_IDENTIFIER=Intel64 Family 6 Model 126 Stepping 5, GenuineIntel
TMP=C:\Users\hamra\AppData\Local\Temp
TEMP=C:\Users\hamra\AppData\Local\Temp


JNI global refs:
JNI global refs: 25, weak refs: 0

JNI global refs memory usage: 843, weak refs: 841

OOME stack traces (most recent first):
Classloader memory used:
Loader org.gradle.internal.classloader.VisitableURLClassLoader                         : 2922K
Loader bootstrap                                                                       : 2330K
Loader org.gradle.initialization.MixInLegacyTypesClassLoader                           : 495K
Loader jdk.internal.loader.ClassLoaders$PlatformClassLoader                            : 65427B
Loader jdk.internal.loader.ClassLoaders$AppClassLoader                                 : 28352B
Loader jdk.internal.reflect.DelegatingClassLoader                                      : 3865B
Loader org.gradle.groovy.scripts.internal.DefaultScriptCompilationHandler$ScriptClassLoader: 1712B
Loader org.gradle.internal.classloader.VisitableURLClassLoader$InstrumentingVisitableURLClassLoader: 1542B
Loader org.codehaus.groovy.runtime.callsite.CallSiteClassLoader                        : 356B


[error occurred during error reporting (Classloader stats), id 0xe0000001, Out of Memory Error (s\src\hotspot\share\memory\arena.cpp:78)]


---------------  S Y S T E M  ---------------

OS:
 Windows 11 , 64 bit Build 22621 (10.0.22621.3374)
OS uptime: 7 days 3:14 hours

CPU: total 8 (initial active 8) (4 cores per cpu, 2 threads per core) family 6 model 126 stepping 5 microcode 0xb8, cx8, cmov, fxsr, ht, mmx, 3dnowpref, sse, sse2, sse3, ssse3, sse4.1, sse4.2, popcnt, lzcnt, tsc, tscinvbit, avx, avx2, aes, erms, clmul, bmi1, bmi2, adx, avx512f, avx512dq, avx512cd, avx512bw, avx512vl, sha, fma, vzeroupper, avx512_vpopcntdq, avx512_vpclmulqdq, avx512_vaes, avx512_vnni, clflush, clflushopt, avx512_vbmi2, avx512_vbmi

Memory: 4k page, system-wide physical 7959M (1067M free)
TotalPageFile size 32535M (AvailPageFile size 2M)
current process WorkingSet (physical memory assigned to process): 198M, peak: 228M
current process commit charge ("private bytes"): 234M, peak: 269M

vm_info: OpenJDK 64-Bit Server VM (17.0.7+0-b2043.56-10550314) for windows-amd64 JRE (17.0.7+0-b2043.56-10550314), built on Jul 24 2023 18:27:45 by "androidbuild" with MS VC++ 16.10 / 16.11 (VS2019)

END.
